2018-04-04 15:51:40,669 INFO  DownloadService - Downloading "https://github.com/davityle/ngAndroid/archive/master.zip", attempt 3
2018-04-04 15:51:42,236 INFO  DownloadService - Downloaded https://github.com/davityle/ngAndroid/archive/master.zip, attempt 3
2018-04-04 15:51:42,236 INFO  DownloadService - Size of file "/tmp/rdisk/1724/master.zip": 1 MB
2018-04-04 15:51:42,236 INFO  ArchiveUtils - Checking entries [.gradle] in ZIP file...
2018-04-04 15:51:42,237 INFO  ArchiveUtils - Has entries [.gradle] in ZIP file /tmp/rdisk/1724/master.zip: true
2018-04-04 15:51:42,237 DEBUG ZipUtil - Extracting '/tmp/rdisk/1724/master.zip' into '/tmp/rdisk/1724/src'.
2018-04-04 15:51:42,277 INFO  FullProcessService - Size of directory with sources: 1 MB
2018-04-04 15:51:42,277 INFO  SysUtils - Execute command: [git, init, /tmp/rdisk/1724/src]
2018-04-04 15:51:42,287 INFO  SysUtils - Initialized empty Git repository in /tmp/rdisk/1724/src/.git/

2018-04-04 15:51:42,294 INFO  ProjectBuildService - Gradle wrapper(s): /tmp/rdisk/1724/src/ngAndroid-master/gradlew
2018-04-04 15:51:42,301 INFO  ProjectBuildService - Build script(s): /tmp/rdisk/1724/src/ngAndroid-master/app/build.gradle /tmp/rdisk/1724/src/ngAndroid-master/lib/build.gradle /tmp/rdisk/1724/src/ngAndroid-master/build.gradle /tmp/rdisk/1724/src/ngAndroid-master/ng-processor/build.gradle
2018-04-04 15:51:42,307 INFO  ProjectBuildService - All script(s): /tmp/rdisk/1724/src/ngAndroid-master/settings.gradle /tmp/rdisk/1724/src/ngAndroid-master/ng-processor/build.gradle /tmp/rdisk/1724/src/ngAndroid-master/lib/build.gradle /tmp/rdisk/1724/src/ngAndroid-master/build.gradle /tmp/rdisk/1724/src/ngAndroid-master/app/build.gradle
2018-04-04 15:51:42,308 INFO  DownloadService - Downloading "https://raw.github.com/shamanland/gradle-mvn-push/cc18d56549cdea03f744b6fff27911569394073e/gradle-mvn-push.gradle", attempt 3
2018-04-04 15:51:42,687 INFO  DownloadService - Downloaded https://raw.github.com/shamanland/gradle-mvn-push/cc18d56549cdea03f744b6fff27911569394073e/gradle-mvn-push.gradle, attempt 3
2018-04-04 15:51:42,687 INFO  DownloadService - Downloading "https://raw.github.com/chrisbanes/gradle-mvn-push/master/gradle-mvn-push.gradle", attempt 3
2018-04-04 15:51:42,855 INFO  DownloadService - Downloaded https://raw.github.com/chrisbanes/gradle-mvn-push/master/gradle-mvn-push.gradle, attempt 3
2018-04-04 15:51:42,855 INFO  ProjectBuildService - Remote scripts: https://raw.github.com/shamanland/gradle-mvn-push/cc18d56549cdea03f744b6fff27911569394073e/gradle-mvn-push.gradle https://raw.github.com/chrisbanes/gradle-mvn-push/master/gradle-mvn-push.gradle
2018-04-04 15:51:42,855 INFO  ProjectFixService - Fixing project...
2018-04-04 15:51:42,872 INFO  LocalPropertiesFixService - Created fake /tmp/rdisk/1724/src/ngAndroid-master/app/local.properties
2018-04-04 15:51:42,872 INFO  ProjectFixService - Build info for "/tmp/rdisk/1724/src/ngAndroid-master/app/build.gradle": [buildToolsVersion=20.0.0,compileSdkVersion=22,minSdkVersion=15,targetSdkVersion=22]
2018-04-04 15:51:42,872 INFO  LocalPropertiesFixService - Created fake /tmp/rdisk/1724/src/ngAndroid-master/lib/local.properties
2018-04-04 15:51:42,873 INFO  ProjectFixService - Build info for "/tmp/rdisk/1724/src/ngAndroid-master/lib/build.gradle": [buildToolsVersion=20.0.0,compileSdkVersion=21,minSdkVersion=15,targetSdkVersion=21]
2018-04-04 15:51:42,873 INFO  LocalPropertiesFixService - Created fake /tmp/rdisk/1724/src/ngAndroid-master/local.properties
2018-04-04 15:51:42,874 INFO  WrapperPropertiesFixService - Gradle wrapper: https://services.gradle.org/distributions/gradle-2.2.1-all.zip
2018-04-04 15:51:42,874 INFO  WrapperPropertiesFixService - Gradle wrapper was changed from "-all.zip" to "-bin.zip" (https://services.gradle.org/distributions/gradle-2.2.1-bin.zip)
2018-04-04 15:51:42,876 INFO  ProjectFixService - Build info for "/tmp/rdisk/1724/src/ngAndroid-master/build.gradle": [buildToolsVersion=20.0.0,compileSdkVersion=21,minSdkVersion=15,targetSdkVersion=21]
2018-04-04 15:51:42,876 INFO  LocalPropertiesFixService - Created fake /tmp/rdisk/1724/src/ngAndroid-master/ng-processor/local.properties
2018-04-04 15:51:42,878 INFO  ProjectFixService - Build info for "/tmp/rdisk/1724/src/ngAndroid-master/ng-processor/build.gradle": [buildToolsVersion=20.0.0,compileSdkVersion=21,minSdkVersion=15,targetSdkVersion=21]
2018-04-04 15:51:42,878 INFO  ProjectFixService - Project was maybe fixed
2018-04-04 15:51:42,878 INFO  ProjectTaskService - Detecting possible tasks...
2018-04-04 15:51:42,878 INFO  SysUtils - Execute command: [/tmp/rdisk/1724/src/ngAndroid-master/gradlew, -b, /tmp/rdisk/1724/src/ngAndroid-master/app/build.gradle, -Dorg.gradle.daemon=false, -Dorg.gradle.daemon.performance.enable-monitoring=false, -Dorg.gradle.configureondemand=true, tasks]
2018-04-04 15:51:52,784 ERROR ProjectTaskService - Could not detect possible Gradle tasks: Process exited with an error: 1 (Exit value: 1)
2018-04-04 15:51:52,784 INFO  ProjectTaskService - Detected possible tasks: 4
2018-04-04 15:51:52,784 INFO  ProjectTaskService - Excluded tasks (3): androidJavadocsJar androidJavadocs androidSourcesJar
2018-04-04 15:51:52,784 INFO  SysUtils - Execute command: [/tmp/rdisk/1724/src/ngAndroid-master/gradlew, -b, /tmp/rdisk/1724/src/ngAndroid-master/app/build.gradle, -Dorg.gradle.daemon=false, -Dorg.gradle.daemon.performance.enable-monitoring=false, -Dorg.gradle.configureondemand=true, --stacktrace, -x, androidJavadocsJar, -x, androidJavadocs, -x, androidSourcesJar, build]
2018-04-04 15:51:58,906 ERROR SysUtils - Could not process external command
org.apache.commons.exec.ExecuteException: Process exited with an error: 1 (Exit value: 1)
	at org.apache.commons.exec.DefaultExecutor.executeInternal(DefaultExecutor.java:404)
	at org.apache.commons.exec.DefaultExecutor.execute(DefaultExecutor.java:166)
	at com.github.vbauer.apkmaster.util.SysUtils.execute(SysUtils.java:67)
	at com.github.vbauer.apkmaster.util.SysUtils.executeSimple(SysUtils.java:43)
	at com.github.vbauer.apkmaster.service.assembly.ProjectBuildService.buildProject(ProjectBuildService.java:78)
	at com.github.vbauer.apkmaster.service.assembly.ProjectBuildService.buildProject(ProjectBuildService.java:64)
	at com.github.vbauer.apkmaster.service.assembly.ProjectBuildService.buildProject(ProjectBuildService.java:43)
	at com.github.vbauer.apkmaster.service.FullProcessService.build(FullProcessService.java:84)
	at com.github.vbauer.apkmaster.service.FullProcessService.process(FullProcessService.java:34)
	at com.github.vbauer.apkmaster.app.MainApplication.process(MainApplication.java:38)
	at com.github.vbauer.apkmaster.app.MainApplication.main(MainApplication.java:20)
	at sun.reflect.GeneratedMethodAccessor8.invoke(Unknown Source)
	at sun.reflect.DelegatingMethodAccessorImpl.invoke(DelegatingMethodAccessorImpl.java:43)
	at java.lang.reflect.Method.invoke(Method.java:498)
	at com.android.arsenal.util.ReflectionUtils.invoke(ReflectionUtils.java:42)
	at com.android.arsenal.util.ApkMasterUtils.main(ApkMasterUtils.java:30)
	at com.android.arsenal.service.processor.impl.BuildProcessorServiceImpl.buildProject(BuildProcessorServiceImpl.java:197)
	at com.android.arsenal.service.processor.impl.BuildProcessorServiceImpl.build(BuildProcessorServiceImpl.java:131)
	at com.android.arsenal.service.processor.impl.BuildProcessorServiceImpl.lambda$null$1(BuildProcessorServiceImpl.java:114)
	at java.util.concurrent.FutureTask.run(FutureTask.java:266)
	at java.util.concurrent.Executors$RunnableAdapter.call(Executors.java:511)
	at java.util.concurrent.FutureTask.run(FutureTask.java:266)
	at java.util.concurrent.ThreadPoolExecutor.runWorker(ThreadPoolExecutor.java:1149)
	at java.util.concurrent.ThreadPoolExecutor$Worker.run(ThreadPoolExecutor.java:624)
	at java.lang.Thread.run(Thread.java:748)
2018-04-04 15:51:58,907 INFO  SysUtils - Configuration on demand is an incubating feature.

FAILURE: Build failed with an exception.

* Where:
Build file '/tmp/rdisk/1724/src/ngAndroid-master/ng-processor/build.gradle' line: 66

* What went wrong:
A problem occurred evaluating project ':ng-processor'.
> No such property: ossrhUsername for class: org.gradle.api.publication.maven.internal.ant.DefaultGroovyMavenDeployer

* Try:
Run with --info or --debug option to get more log output.

* Exception is:
org.gradle.api.GradleScriptException: A problem occurred evaluating project ':ng-processor'.
	at org.gradle.groovy.scripts.internal.DefaultScriptRunnerFactory$ScriptRunnerImpl.run(DefaultScriptRunnerFactory.java:54)
	at org.gradle.configuration.DefaultScriptPluginFactory$ScriptPluginImpl.apply(DefaultScriptPluginFactory.java:148)
	at org.gradle.configuration.project.BuildScriptProcessor.execute(BuildScriptProcessor.java:39)
	at org.gradle.configuration.project.BuildScriptProcessor.execute(BuildScriptProcessor.java:26)
	at org.gradle.configuration.project.ConfigureActionsProjectEvaluator.evaluate(ConfigureActionsProjectEvaluator.java:34)
	at org.gradle.configuration.project.LifecycleProjectEvaluator.evaluate(LifecycleProjectEvaluator.java:59)
	at org.gradle.api.internal.project.AbstractProject.evaluate(AbstractProject.java:504)
	at org.gradle.api.internal.project.AbstractProject.evaluationDependsOn(AbstractProject.java:562)
	at org.gradle.api.internal.project.AbstractProject.evaluationDependsOn(AbstractProject.java:554)
	at com.android.build.gradle.internal.DependencyManager$_ensureConfigured_closure10.doCall(DependencyManager.groovy:564)
	at com.android.build.gradle.internal.DependencyManager$_ensureConfigured_closure10.call(DependencyManager.groovy)
	at com.android.build.gradle.internal.DependencyManager.ensureConfigured(DependencyManager.groovy:563)
	at com.android.build.gradle.internal.DependencyManager.resolveDependencyForConfig(DependencyManager.groovy:213)
	at com.android.build.gradle.internal.DependencyManager.resolveDependencies(DependencyManager.groovy:128)
	at com.android.build.gradle.internal.TaskManager.resolveDependencies(TaskManager.groovy:249)
	at com.android.build.gradle.internal.VariantManager.createVariantData(VariantManager.java:500)
	at com.android.build.gradle.internal.VariantManager.createVariantDataForProductFlavors(VariantManager.java:585)
	at com.android.build.gradle.internal.VariantManager.populateVariantDataList(VariantManager.java:364)
	at com.android.build.gradle.internal.VariantManager.createAndroidTasks(VariantManager.java:231)
	at com.android.build.gradle.BasePlugin.createAndroidTasks(BasePlugin.groovy:431)
	at com.android.build.gradle.BasePlugin$_createTasks_closure9.doCall(BasePlugin.groovy:373)
	at org.gradle.listener.ClosureBackedMethodInvocationDispatch.dispatch(ClosureBackedMethodInvocationDispatch.java:40)
	at org.gradle.listener.ClosureBackedMethodInvocationDispatch.dispatch(ClosureBackedMethodInvocationDispatch.java:25)
	at org.gradle.listener.BroadcastDispatch.dispatch(BroadcastDispatch.java:83)
	at org.gradle.listener.BroadcastDispatch.dispatch(BroadcastDispatch.java:31)
	at org.gradle.messaging.dispatch.ProxyDispatchAdapter$DispatchingInvocationHandler.invoke(ProxyDispatchAdapter.java:93)
	at com.sun.proxy.$Proxy13.afterEvaluate(Unknown Source)
	at org.gradle.configuration.project.LifecycleProjectEvaluator.notifyAfterEvaluate(LifecycleProjectEvaluator.java:79)
	at org.gradle.configuration.project.LifecycleProjectEvaluator.evaluate(LifecycleProjectEvaluator.java:65)
	at org.gradle.api.internal.project.AbstractProject.evaluate(AbstractProject.java:504)
	at org.gradle.api.internal.project.AbstractProject.evaluate(AbstractProject.java:83)
	at org.gradle.execution.TaskPathProjectEvaluator.configure(TaskPathProjectEvaluator.java:35)
	at org.gradle.execution.TaskSelector.getFilter(TaskSelector.java:56)
	at org.gradle.execution.ExcludedTaskFilteringBuildConfigurationAction.configure(ExcludedTaskFilteringBuildConfigurationAction.java:42)
	at org.gradle.execution.DefaultBuildExecuter.configure(DefaultBuildExecuter.java:42)
	at org.gradle.execution.DefaultBuildExecuter.access$100(DefaultBuildExecuter.java:23)
	at org.gradle.execution.DefaultBuildExecuter$1.proceed(DefaultBuildExecuter.java:48)
	at org.gradle.execution.DefaultTasksBuildExecutionAction.configure(DefaultTasksBuildExecutionAction.java:44)
	at org.gradle.execution.DefaultBuildExecuter.configure(DefaultBuildExecuter.java:42)
	at org.gradle.execution.DefaultBuildExecuter.select(DefaultBuildExecuter.java:35)
	at org.gradle.initialization.DefaultGradleLauncher.doBuildStages(DefaultGradleLauncher.java:142)
	at org.gradle.initialization.DefaultGradleLauncher.doBuild(DefaultGradleLauncher.java:106)
	at org.gradle.initialization.DefaultGradleLauncher.run(DefaultGradleLauncher.java:86)
	at org.gradle.launcher.exec.InProcessBuildActionExecuter$DefaultBuildController.run(InProcessBuildActionExecuter.java:80)
	at org.gradle.launcher.cli.ExecuteBuildAction.run(ExecuteBuildAction.java:33)
	at org.gradle.launcher.cli.ExecuteBuildAction.run(ExecuteBuildAction.java:24)
	at org.gradle.launcher.exec.InProcessBuildActionExecuter.execute(InProcessBuildActionExecuter.java:36)
	at org.gradle.launcher.exec.InProcessBuildActionExecuter.execute(InProcessBuildActionExecuter.java:26)
	at org.gradle.launcher.cli.RunBuildAction.run(RunBuildAction.java:51)
	at org.gradle.internal.Actions$RunnableActionAdapter.execute(Actions.java:171)
	at org.gradle.launcher.cli.CommandLineActionFactory$ParseAndBuildAction.execute(CommandLineActionFactory.java:237)
	at org.gradle.launcher.cli.CommandLineActionFactory$ParseAndBuildAction.execute(CommandLineActionFactory.java:210)
	at org.gradle.launcher.cli.JavaRuntimeValidationAction.execute(JavaRuntimeValidationAction.java:35)
	at org.gradle.launcher.cli.JavaRuntimeValidationAction.execute(JavaRuntimeValidationAction.java:24)
	at org.gradle.launcher.cli.CommandLineActionFactory$WithLogging.execute(CommandLineActionFactory.java:206)
	at org.gradle.launcher.cli.CommandLineActionFactory$WithLogging.execute(CommandLineActionFactory.java:169)
	at org.gradle.launcher.cli.ExceptionReportingAction.execute(ExceptionReportingAction.java:33)
	at org.gradle.launcher.cli.ExceptionReportingAction.execute(ExceptionReportingAction.java:22)
	at org.gradle.launcher.Main.doAction(Main.java:33)
	at org.gradle.launcher.bootstrap.EntryPoint.run(EntryPoint.java:45)
	at org.gradle.launcher.bootstrap.ProcessBootstrap.runNoExit(ProcessBootstrap.java:54)
	at org.gradle.launcher.bootstrap.ProcessBootstrap.run(ProcessBootstrap.java:35)
	at org.gradle.launcher.GradleMain.main(GradleMain.java:23)
	at org.gradle.wrapper.BootstrapMainStarter.start(BootstrapMainStarter.java:33)
	at org.gradle.wrapper.WrapperExecutor.execute(WrapperExecutor.java:130)
	at org.gradle.wrapper.GradleWrapperMain.main(GradleWrapperMain.java:48)
Caused by: groovy.lang.MissingPropertyException: No such property: ossrhUsername for class: org.gradle.api.publication.maven.internal.ant.DefaultGroovyMavenDeployer
	at build_2tyamxkgyov6uv3o1hu6m22q4$_run_closure7_closure8_closure9_closure11.doCall(/tmp/rdisk/1724/src/ngAndroid-master/ng-processor/build.gradle:66)
	at build_2tyamxkgyov6uv3o1hu6m22q4$_run_closure7_closure8_closure9_closure11.doCall(/tmp/rdisk/1724/src/ngAndroid-master/ng-processor/build.gradle)
	at org.gradle.api.publication.maven.internal.ant.DefaultGroovyMavenDeployer.methodMissing(DefaultGroovyMavenDeployer.groovy:36)
	at org.gradle.api.publication.maven.internal.ant.DefaultGroovyMavenDeployer.invokeMethod(DefaultGroovyMavenDeployer.groovy)
	at build_2tyamxkgyov6uv3o1hu6m22q4$_run_closure7_closure8_closure9.doCall(/tmp/rdisk/1724/src/ngAndroid-master/ng-processor/build.gradle:65)
	at org.gradle.api.internal.ClosureBackedAction.execute(ClosureBackedAction.java:63)
	at org.gradle.api.internal.artifacts.DefaultArtifactRepositoryContainer.addRepository(DefaultArtifactRepositoryContainer.java:87)
	at org.gradle.api.publication.maven.internal.DefaultMavenRepositoryHandlerConvention.mavenDeployer(DefaultMavenRepositoryHandlerConvention.java:43)
	at org.gradle.api.internal.BeanDynamicObject$MetaClassAdapter.invokeMethod(BeanDynamicObject.java:225)
	at org.gradle.api.internal.BeanDynamicObject.invokeMethod(BeanDynamicObject.java:129)
	at org.gradle.api.internal.plugins.DefaultConvention$ExtensionsDynamicObject.invokeMethod(DefaultConvention.java:212)
	at org.gradle.api.internal.CompositeDynamicObject.invokeMethod(CompositeDynamicObject.java:147)
	at org.gradle.api.internal.CompositeDynamicObject.invokeMethod(CompositeDynamicObject.java:147)
	at org.gradle.api.internal.artifacts.dsl.DefaultRepositoryHandler_Decorated.invokeMethod(Unknown Source)
	at build_2tyamxkgyov6uv3o1hu6m22q4$_run_closure7_closure8.doCall(/tmp/rdisk/1724/src/ngAndroid-master/ng-processor/build.gradle:62)
	at org.gradle.api.internal.ClosureBackedAction.execute(ClosureBackedAction.java:63)
	at org.gradle.util.ConfigureUtil.configure(ConfigureUtil.java:130)
	at org.gradle.util.ConfigureUtil.configure(ConfigureUtil.java:110)
	at org.gradle.api.internal.artifacts.DefaultArtifactRepositoryContainer.configure(DefaultArtifactRepositoryContainer.java:66)
	at org.gradle.api.internal.artifacts.DefaultArtifactRepositoryContainer.configure(DefaultArtifactRepositoryContainer.java:33)
	at org.gradle.api.internal.ClosureBackedAction.execute(ClosureBackedAction.java:55)
	at org.gradle.util.ConfigureUtil.configure(ConfigureUtil.java:130)
	at org.gradle.util.ConfigureUtil.configure(ConfigureUtil.java:91)
	at org.gradle.api.tasks.Upload.repositories(Upload.java:118)
	at build_2tyamxkgyov6uv3o1hu6m22q4$_run_closure7.doCall(/tmp/rdisk/1724/src/ngAndroid-master/ng-processor/build.gradle:61)
	at org.gradle.api.internal.ClosureBackedAction.execute(ClosureBackedAction.java:63)
	at org.gradle.util.ConfigureUtil.configure(ConfigureUtil.java:130)
	at org.gradle.util.ConfigureUtil.configure(ConfigureUtil.java:110)
	at org.gradle.api.internal.AbstractTask.configure(AbstractTask.java:482)
	at org.gradle.api.internal.AbstractTask.configure(AbstractTask.java:58)
	at org.gradle.api.internal.ClosureBackedAction.execute(ClosureBackedAction.java:55)
	at org.gradle.util.ConfigureUtil.configure(ConfigureUtil.java:130)
	at org.gradle.util.ConfigureUtil.configure(ConfigureUtil.java:91)
	at org.gradle.api.internal.DefaultNamedDomainObjectCollection$ContainerElementsDynamicObject.invokeMethod(DefaultNamedDomainObjectCollection.java:324)
	at org.gradle.api.internal.CompositeDynamicObject.invokeMethod(CompositeDynamicObject.java:147)
	at org.gradle.groovy.scripts.BasicScript.methodMissing(BasicScript.java:79)
	at build_2tyamxkgyov6uv3o1hu6m22q4.run(/tmp/rdisk/1724/src/ngAndroid-master/ng-processor/build.gradle:60)
	at org.gradle.groovy.scripts.internal.DefaultScriptRunnerFactory$ScriptRunnerImpl.run(DefaultScriptRunnerFactory.java:52)
	... 65 more


BUILD FAILED

Total time: 5.686 secs

2018-04-04 15:51:58,914 INFO  FullProcessService - Found APK file: /tmp/rdisk/1724/src/ngAndroid-master/app/app-debug.apk
