2018-04-05 20:17:13,723 INFO  DownloadService - Downloading "https://github.com/dexlex/DexMovingImageView/archive/master.zip", attempt 3
2018-04-05 20:17:15,592 INFO  DownloadService - Downloaded https://github.com/dexlex/DexMovingImageView/archive/master.zip, attempt 3
2018-04-05 20:17:15,592 INFO  DownloadService - Size of file "/tmp/rdisk/1601/master.zip": 8 MB
2018-04-05 20:17:15,592 INFO  ArchiveUtils - Checking entries [.gradle] in ZIP file...
2018-04-05 20:17:15,593 INFO  ArchiveUtils - Has entries [.gradle] in ZIP file /tmp/rdisk/1601/master.zip: true
2018-04-05 20:17:15,593 DEBUG ZipUtil - Extracting '/tmp/rdisk/1601/master.zip' into '/tmp/rdisk/1601/src'.
2018-04-05 20:17:15,680 INFO  FullProcessService - Size of directory with sources: 9 MB
2018-04-05 20:17:15,680 INFO  SysUtils - Execute command: [git, init, /tmp/rdisk/1601/src]
2018-04-05 20:17:15,689 INFO  SysUtils - Initialized empty Git repository in /tmp/rdisk/1601/src/.git/

2018-04-05 20:17:15,694 INFO  ProjectBuildService - Gradle wrapper(s): /tmp/rdisk/1601/src/DexMovingImageView-master/gradlew
2018-04-05 20:17:15,700 INFO  ProjectBuildService - Build script(s): /tmp/rdisk/1601/src/DexMovingImageView-master/dexmovingimageviewlib/build.gradle /tmp/rdisk/1601/src/DexMovingImageView-master/dexmovingimageviewsample/build.gradle /tmp/rdisk/1601/src/DexMovingImageView-master/build.gradle
2018-04-05 20:17:15,704 INFO  ProjectBuildService - All script(s): /tmp/rdisk/1601/src/DexMovingImageView-master/settings.gradle /tmp/rdisk/1601/src/DexMovingImageView-master/dexmovingimageviewsample/build.gradle /tmp/rdisk/1601/src/DexMovingImageView-master/dexmovingimageviewlib/build.gradle /tmp/rdisk/1601/src/DexMovingImageView-master/build.gradle
2018-04-05 20:17:15,705 INFO  DownloadService - Downloading "https://raw.github.com/chrisbanes/gradle-mvn-push/master/gradle-mvn-push.gradle", attempt 3
2018-04-05 20:18:15,834 ERROR RemoteScriptService - Could not download content from "https://raw.github.com/chrisbanes/gradle-mvn-push/master/gradle-mvn-push.gradle"
org.apache.http.conn.ConnectionPoolTimeoutException: Timeout waiting for connection from pool
	at org.apache.http.impl.conn.PoolingHttpClientConnectionManager.leaseConnection(PoolingHttpClientConnectionManager.java:313)
	at org.apache.http.impl.conn.PoolingHttpClientConnectionManager$1.get(PoolingHttpClientConnectionManager.java:279)
	at org.apache.http.impl.execchain.MainClientExec.execute(MainClientExec.java:191)
	at org.apache.http.impl.execchain.ProtocolExec.execute(ProtocolExec.java:185)
	at org.apache.http.impl.execchain.RetryExec.execute(RetryExec.java:89)
	at org.apache.http.impl.execchain.RedirectExec.execute(RedirectExec.java:111)
	at org.apache.http.impl.client.InternalHttpClient.doExecute(InternalHttpClient.java:185)
	at org.apache.http.impl.client.CloseableHttpClient.execute(CloseableHttpClient.java:83)
	at org.apache.http.impl.client.CloseableHttpClient.execute(CloseableHttpClient.java:108)
	at com.github.vbauer.apkmaster.service.network.DownloadService.download(DownloadService.java:112)
	at com.github.vbauer.apkmaster.service.network.DownloadService.downloadContent(DownloadService.java:91)
	at com.github.vbauer.apkmaster.service.assembly.RemoteScriptService.fetchRemoteScript(RemoteScriptService.java:42)
	at com.github.vbauer.apkmaster.service.assembly.RemoteScriptService.detect(RemoteScriptService.java:31)
	at com.github.vbauer.apkmaster.service.assembly.ProjectInfoService.getProjectInfo(ProjectInfoService.java:48)
	at com.github.vbauer.apkmaster.service.FullProcessService.build(FullProcessService.java:77)
	at com.github.vbauer.apkmaster.service.FullProcessService.process(FullProcessService.java:34)
	at com.github.vbauer.apkmaster.app.MainApplication.process(MainApplication.java:38)
	at com.github.vbauer.apkmaster.app.MainApplication.main(MainApplication.java:20)
	at sun.reflect.GeneratedMethodAccessor8.invoke(Unknown Source)
	at sun.reflect.DelegatingMethodAccessorImpl.invoke(DelegatingMethodAccessorImpl.java:43)
	at java.lang.reflect.Method.invoke(Method.java:498)
	at com.android.arsenal.util.ReflectionUtils.invoke(ReflectionUtils.java:42)
	at com.android.arsenal.util.ApkMasterUtils.main(ApkMasterUtils.java:30)
	at com.android.arsenal.service.processor.impl.BuildProcessorServiceImpl.buildProject(BuildProcessorServiceImpl.java:197)
	at com.android.arsenal.service.processor.impl.BuildProcessorServiceImpl.build(BuildProcessorServiceImpl.java:131)
	at com.android.arsenal.service.processor.impl.BuildProcessorServiceImpl.lambda$null$1(BuildProcessorServiceImpl.java:114)
	at java.util.concurrent.FutureTask.run(FutureTask.java:266)
	at java.util.concurrent.Executors$RunnableAdapter.call(Executors.java:511)
	at java.util.concurrent.FutureTask.run(FutureTask.java:266)
	at java.util.concurrent.ThreadPoolExecutor.runWorker(ThreadPoolExecutor.java:1149)
	at java.util.concurrent.ThreadPoolExecutor$Worker.run(ThreadPoolExecutor.java:624)
	at java.lang.Thread.run(Thread.java:748)
2018-04-05 20:18:15,834 INFO  ProjectBuildService - Remote scripts: none
2018-04-05 20:18:15,834 INFO  ProjectFixService - Fixing project...
2018-04-05 20:18:15,846 INFO  LocalPropertiesFixService - Created fake /tmp/rdisk/1601/src/DexMovingImageView-master/dexmovingimageviewlib/local.properties
2018-04-05 20:18:15,846 INFO  ProjectFixService - Build info for "/tmp/rdisk/1601/src/DexMovingImageView-master/dexmovingimageviewlib/build.gradle": [buildToolsVersion=22.0.1,compileSdkVersion=22,minSdkVersion=4,targetSdkVersion=21]
2018-04-05 20:18:15,846 INFO  ProjectFixService - Fixed build info for "/tmp/rdisk/1601/src/DexMovingImageView-master/dexmovingimageviewlib/build.gradle": [buildToolsVersion=22.0.1,compileSdkVersion=22,minSdkVersion=7,targetSdkVersion=21]
2018-04-05 20:18:15,849 INFO  LocalPropertiesFixService - Created fake /tmp/rdisk/1601/src/DexMovingImageView-master/dexmovingimageviewsample/local.properties
2018-04-05 20:18:15,850 INFO  ProjectFixService - Build info for "/tmp/rdisk/1601/src/DexMovingImageView-master/dexmovingimageviewsample/build.gradle": [buildToolsVersion=22.0.1,compileSdkVersion=22,minSdkVersion=14,targetSdkVersion=21]
2018-04-05 20:18:15,850 INFO  LocalPropertiesFixService - Created fake /tmp/rdisk/1601/src/DexMovingImageView-master/local.properties
2018-04-05 20:18:15,850 INFO  WrapperPropertiesFixService - Gradle wrapper: https://services.gradle.org/distributions/gradle-2.2.1-all.zip
2018-04-05 20:18:15,850 INFO  WrapperPropertiesFixService - Gradle wrapper was changed from "-all.zip" to "-bin.zip" (https://services.gradle.org/distributions/gradle-2.2.1-bin.zip)
2018-04-05 20:18:15,853 INFO  ProjectFixService - Build info for "/tmp/rdisk/1601/src/DexMovingImageView-master/build.gradle": [buildToolsVersion=22.0.1,compileSdkVersion=22,minSdkVersion=14,targetSdkVersion=21]
2018-04-05 20:18:15,853 INFO  ProjectFixService - Project was maybe fixed
2018-04-05 20:18:15,853 INFO  ProjectTaskService - Detecting possible tasks...
2018-04-05 20:18:15,853 INFO  SysUtils - Execute command: [/tmp/rdisk/1601/src/DexMovingImageView-master/gradlew, -b, /tmp/rdisk/1601/src/DexMovingImageView-master/dexmovingimageviewlib/build.gradle, -Dorg.gradle.daemon=false, -Dorg.gradle.daemon.performance.enable-monitoring=false, -Dorg.gradle.configureondemand=true, tasks]
2018-04-05 20:18:26,295 INFO  ProjectTaskService - Detected possible tasks: 54
2018-04-05 20:18:26,295 INFO  ProjectTaskService - Excluded tasks (8): lintDebug deviceCheck lint connectedCheck uninstallAll check connectedAndroidTest lintRelease
2018-04-05 20:18:26,295 INFO  SysUtils - Execute command: [/tmp/rdisk/1601/src/DexMovingImageView-master/gradlew, -b, /tmp/rdisk/1601/src/DexMovingImageView-master/dexmovingimageviewlib/build.gradle, -Dorg.gradle.daemon=false, -Dorg.gradle.daemon.performance.enable-monitoring=false, -Dorg.gradle.configureondemand=true, --stacktrace, -x, lintDebug, -x, deviceCheck, -x, lint, -x, connectedCheck, -x, uninstallAll, -x, check, -x, connectedAndroidTest, -x, lintRelease, build]
2018-04-05 20:18:36,420 ERROR SysUtils - Could not process external command
org.apache.commons.exec.ExecuteException: Process exited with an error: 1 (Exit value: 1)
	at org.apache.commons.exec.DefaultExecutor.executeInternal(DefaultExecutor.java:404)
	at org.apache.commons.exec.DefaultExecutor.execute(DefaultExecutor.java:166)
	at com.github.vbauer.apkmaster.util.SysUtils.execute(SysUtils.java:67)
	at com.github.vbauer.apkmaster.util.SysUtils.executeSimple(SysUtils.java:43)
	at com.github.vbauer.apkmaster.service.assembly.ProjectBuildService.buildProject(ProjectBuildService.java:78)
	at com.github.vbauer.apkmaster.service.assembly.ProjectBuildService.buildProject(ProjectBuildService.java:64)
	at com.github.vbauer.apkmaster.service.assembly.ProjectBuildService.buildProject(ProjectBuildService.java:43)
	at com.github.vbauer.apkmaster.service.FullProcessService.build(FullProcessService.java:84)
	at com.github.vbauer.apkmaster.service.FullProcessService.process(FullProcessService.java:34)
	at com.github.vbauer.apkmaster.app.MainApplication.process(MainApplication.java:38)
	at com.github.vbauer.apkmaster.app.MainApplication.main(MainApplication.java:20)
	at sun.reflect.GeneratedMethodAccessor8.invoke(Unknown Source)
	at sun.reflect.DelegatingMethodAccessorImpl.invoke(DelegatingMethodAccessorImpl.java:43)
	at java.lang.reflect.Method.invoke(Method.java:498)
	at com.android.arsenal.util.ReflectionUtils.invoke(ReflectionUtils.java:42)
	at com.android.arsenal.util.ApkMasterUtils.main(ApkMasterUtils.java:30)
	at com.android.arsenal.service.processor.impl.BuildProcessorServiceImpl.buildProject(BuildProcessorServiceImpl.java:197)
	at com.android.arsenal.service.processor.impl.BuildProcessorServiceImpl.build(BuildProcessorServiceImpl.java:131)
	at com.android.arsenal.service.processor.impl.BuildProcessorServiceImpl.lambda$null$1(BuildProcessorServiceImpl.java:114)
	at java.util.concurrent.FutureTask.run(FutureTask.java:266)
	at java.util.concurrent.Executors$RunnableAdapter.call(Executors.java:511)
	at java.util.concurrent.FutureTask.run(FutureTask.java:266)
	at java.util.concurrent.ThreadPoolExecutor.runWorker(ThreadPoolExecutor.java:1149)
	at java.util.concurrent.ThreadPoolExecutor$Worker.run(ThreadPoolExecutor.java:624)
	at java.lang.Thread.run(Thread.java:748)
2018-04-05 20:18:36,420 INFO  SysUtils - Configuration on demand is an incubating feature.
:dexmovingimageviewlib:compileLint
:dexmovingimageviewlib:copyDebugLint UP-TO-DATE
:dexmovingimageviewlib:mergeDebugProguardFiles
:dexmovingimageviewlib:preBuild
:dexmovingimageviewlib:preDebugBuild
:dexmovingimageviewlib:checkDebugManifest
:dexmovingimageviewlib:prepareDebugDependencies
:dexmovingimageviewlib:compileDebugAidl
:dexmovingimageviewlib:compileDebugRenderscript
:dexmovingimageviewlib:generateDebugBuildConfig
:dexmovingimageviewlib:generateDebugAssets UP-TO-DATE
:dexmovingimageviewlib:mergeDebugAssets
:dexmovingimageviewlib:generateDebugResValues
:dexmovingimageviewlib:generateDebugResources
:dexmovingimageviewlib:packageDebugResources
:dexmovingimageviewlib:processDebugManifest
:dexmovingimageviewlib:processDebugResources
:dexmovingimageviewlib:generateDebugSources
:dexmovingimageviewlib:compileDebugJavaNote: /tmp/rdisk/1601/src/DexMovingImageView-master/dexmovingimageviewlib/src/main/java/it/dex/movingimageviewlib/DexCrossFadeImageView.java uses or overrides a deprecated API.
Note: Recompile with -Xlint:deprecation for details.

:dexmovingimageviewlib:processDebugJavaRes UP-TO-DATE
:dexmovingimageviewlib:packageDebugJar
:dexmovingimageviewlib:compileDebugNdk
:dexmovingimageviewlib:packageDebugJniLibs UP-TO-DATE
:dexmovingimageviewlib:packageDebugLocalJar UP-TO-DATE
:dexmovingimageviewlib:packageDebugRenderscript UP-TO-DATE
:dexmovingimageviewlib:bundleDebug
:dexmovingimageviewlib:assembleDebug
:dexmovingimageviewlib:copyReleaseLint UP-TO-DATE
:dexmovingimageviewlib:mergeReleaseProguardFiles
:dexmovingimageviewlib:preReleaseBuild
:dexmovingimageviewlib:checkReleaseManifest
:dexmovingimageviewlib:prepareReleaseDependencies
:dexmovingimageviewlib:compileReleaseAidl
:dexmovingimageviewlib:compileReleaseRenderscript
:dexmovingimageviewlib:generateReleaseBuildConfig
:dexmovingimageviewlib:generateReleaseAssets UP-TO-DATE
:dexmovingimageviewlib:mergeReleaseAssets
:dexmovingimageviewlib:generateReleaseResValues
:dexmovingimageviewlib:generateReleaseResources
:dexmovingimageviewlib:packageReleaseResources
:dexmovingimageviewlib:processReleaseManifest
:dexmovingimageviewlib:processReleaseResources
:dexmovingimageviewlib:generateReleaseSources
:dexmovingimageviewlib:compileReleaseJavaNote: /tmp/rdisk/1601/src/DexMovingImageView-master/dexmovingimageviewlib/src/main/java/it/dex/movingimageviewlib/DexCrossFadeImageView.java uses or overrides a deprecated API.
Note: Recompile with -Xlint:deprecation for details.

:dexmovingimageviewlib:processReleaseJavaRes UP-TO-DATE
:dexmovingimageviewlib:packageReleaseJar
:dexmovingimageviewlib:compileReleaseNdk
:dexmovingimageviewlib:packageReleaseJniLibs UP-TO-DATE
:dexmovingimageviewlib:packageReleaseLocalJar UP-TO-DATE
:dexmovingimageviewlib:packageReleaseRenderscript UP-TO-DATE
:dexmovingimageviewlib:bundleRelease
:dexmovingimageviewlib:assembleRelease
:dexmovingimageviewlib:javadoc/tmp/rdisk/1601/src/DexMovingImageView-master/dexmovingimageviewlib/src/main/java/it/dex/movingimageviewlib/drawing/Drawer.java:25: error: self-closing element not allowed
 * <p/>
   ^
/tmp/rdisk/1601/src/DexMovingImageView-master/dexmovingimageviewlib/src/main/java/it/dex/movingimageviewlib/drawing/DrawerChooser.java:25: error: self-closing element not allowed
 * <p/>
   ^
/tmp/rdisk/1601/src/DexMovingImageView-master/dexmovingimageviewlib/src/main/java/it/dex/movingimageviewlib/drawing/DRAWERS.java:21: error: self-closing element not allowed
 * <p/>
   ^
/tmp/rdisk/1601/src/DexMovingImageView-master/dexmovingimageviewlib/src/main/java/it/dex/movingimageviewlib/generating/generators/AngledValuesGenerator.java:24: error: self-closing element not allowed
 * <p/>
   ^
/tmp/rdisk/1601/src/DexMovingImageView-master/dexmovingimageviewlib/src/main/java/it/dex/movingimageviewlib/generating/generators/AngledValuesGenerator.java:26: error: self-closing element not allowed
 * <p/>
   ^
/tmp/rdisk/1601/src/DexMovingImageView-master/dexmovingimageviewlib/src/main/java/it/dex/movingimageviewlib/generating/generators/AngledValuesGenerator.java:28: error: self-closing element not allowed
 * <p/>
   ^
/tmp/rdisk/1601/src/DexMovingImageView-master/dexmovingimageviewlib/src/main/java/it/dex/movingimageviewlib/generating/generators/AngledValuesGenerator.java:30: error: self-closing element not allowed
 * <p/>
   ^
/tmp/rdisk/1601/src/DexMovingImageView-master/dexmovingimageviewlib/src/main/java/it/dex/movingimageviewlib/generating/generators/AngledValuesGenerator.java:32: error: self-closing element not allowed
 * <p/>
   ^
/tmp/rdisk/1601/src/DexMovingImageView-master/dexmovingimageviewlib/src/main/java/it/dex/movingimageviewlib/generating/generators/BaseValuesGenerator.java:24: error: self-closing element not allowed
 * <p/>
   ^
/tmp/rdisk/1601/src/DexMovingImageView-master/dexmovingimageviewlib/src/main/java/it/dex/movingimageviewlib/generating/generators/BaseValuesGenerator.java:26: error: self-closing element not allowed
 * <p/>
   ^
/tmp/rdisk/1601/src/DexMovingImageView-master/dexmovingimageviewlib/src/main/java/it/dex/movingimageviewlib/generating/generators/BaseValuesGenerator.java:28: error: self-closing element not allowed
 * <p/>
   ^
/tmp/rdisk/1601/src/DexMovingImageView-master/dexmovingimageviewlib/src/main/java/it/dex/movingimageviewlib/generating/generators/BaseValuesGenerator.java:30: error: self-closing element not allowed
 * <p/>
   ^
/tmp/rdisk/1601/src/DexMovingImageView-master/dexmovingimageviewlib/src/main/java/it/dex/movingimageviewlib/generating/generators/BaseValuesGenerator.java:32: error: self-closing element not allowed
 * <p/>
   ^
/tmp/rdisk/1601/src/DexMovingImageView-master/dexmovingimageviewlib/src/main/java/it/dex/movingimageviewlib/generating/generators/ZoomedAngledValuesGenerator.java:23: error: self-closing element not allowed
 * <p/>
   ^
/tmp/rdisk/1601/src/DexMovingImageView-master/dexmovingimageviewlib/src/main/java/it/dex/movingimageviewlib/generating/generators/ZoomedAngledValuesGenerator.java:25: error: self-closing element not allowed
 * <p/>
   ^
/tmp/rdisk/1601/src/DexMovingImageView-master/dexmovingimageviewlib/src/main/java/it/dex/movingimageviewlib/generating/generators/ZoomedAngledValuesGenerator.java:27: error: self-closing element not allowed
 * <p/>
   ^
/tmp/rdisk/1601/src/DexMovingImageView-master/dexmovingimageviewlib/src/main/java/it/dex/movingimageviewlib/generating/generators/ZoomedAngledValuesGenerator.java:29: error: self-closing element not allowed
 * <p/>
   ^
/tmp/rdisk/1601/src/DexMovingImageView-master/dexmovingimageviewlib/src/main/java/it/dex/movingimageviewlib/generating/generators/ZoomedAngledValuesGenerator.java:31: error: self-closing element not allowed
 * <p/>
   ^
/tmp/rdisk/1601/src/DexMovingImageView-master/dexmovingimageviewlib/src/main/java/it/dex/movingimageviewlib/evaluating/Evaluator.java:118: error: self-closing element not allowed
     * <p/>
       ^
/tmp/rdisk/1601/src/DexMovingImageView-master/dexmovingimageviewlib/src/main/java/it/dex/movingimageviewlib/evaluating/Evaluator.java:131: error: self-closing element not allowed
     * <p/>
       ^
/tmp/rdisk/1601/src/DexMovingImageView-master/dexmovingimageviewlib/src/main/java/it/dex/movingimageviewlib/evaluating/Evaluator.java:23: error: self-closing element not allowed
 * <p/>
   ^
/tmp/rdisk/1601/src/DexMovingImageView-master/dexmovingimageviewlib/src/main/java/it/dex/movingimageviewlib/evaluating/Evaluator.java:25: error: self-closing element not allowed
 * <p/>
   ^
/tmp/rdisk/1601/src/DexMovingImageView-master/dexmovingimageviewlib/src/main/java/it/dex/movingimageviewlib/evaluating/Evaluator.java:27: error: self-closing element not allowed
 * <p/>
   ^
/tmp/rdisk/1601/src/DexMovingImageView-master/dexmovingimageviewlib/src/main/java/it/dex/movingimageviewlib/evaluating/Evaluator.java:29: error: self-closing element not allowed
 * <p/>
   ^
/tmp/rdisk/1601/src/DexMovingImageView-master/dexmovingimageviewlib/src/main/java/it/dex/movingimageviewlib/evaluating/Evaluator.java:31: error: self-closing element not allowed
 * <p/>
   ^
/tmp/rdisk/1601/src/DexMovingImageView-master/dexmovingimageviewlib/src/main/java/it/dex/movingimageviewlib/evaluating/Evaluator.java:33: error: self-closing element not allowed
 * <p/>
   ^
/tmp/rdisk/1601/src/DexMovingImageView-master/dexmovingimageviewlib/src/main/java/it/dex/movingimageviewlib/evaluating/Evaluator.java:37: error: self-closing element not allowed
 * <p/>
   ^
/tmp/rdisk/1601/src/DexMovingImageView-master/dexmovingimageviewlib/src/main/java/it/dex/movingimageviewlib/evaluating/EvaluatorChooser.java:28: error: self-closing element not allowed
 * <p/>
   ^
/tmp/rdisk/1601/src/DexMovingImageView-master/dexmovingimageviewlib/src/main/java/it/dex/movingimageviewlib/evaluating/EVALUATORS.java:21: error: self-closing element not allowed
 * <p/>
   ^
/tmp/rdisk/1601/src/DexMovingImageView-master/dexmovingimageviewlib/src/main/java/it/dex/movingimageviewlib/parameters/Parameters.java:21: error: self-closing element not allowed
 * <p/>
   ^
/tmp/rdisk/1601/src/DexMovingImageView-master/dexmovingimageviewlib/src/main/java/it/dex/movingimageviewlib/drawing/drawers/RotationDrawer.java:26: error: self-closing element not allowed
 * <p/>
   ^
/tmp/rdisk/1601/src/DexMovingImageView-master/dexmovingimageviewlib/src/main/java/it/dex/movingimageviewlib/drawing/drawers/ScaleDrawer.java:26: error: self-closing element not allowed
 * <p/>
   ^
/tmp/rdisk/1601/src/DexMovingImageView-master/dexmovingimageviewlib/src/main/java/it/dex/movingimageviewlib/drawing/drawers/TranslationDrawer.java:26: error: self-closing element not allowed
 * <p/>
   ^
/tmp/rdisk/1601/src/DexMovingImageView-master/dexmovingimageviewlib/src/main/java/it/dex/movingimageviewlib/evaluating/evaluators/GyroscopeEvaluator.java:30: error: self-closing element not allowed
 * <p/>
   ^
/tmp/rdisk/1601/src/DexMovingImageView-master/dexmovingimageviewlib/src/main/java/it/dex/movingimageviewlib/evaluating/evaluators/ScrollEvaluator.java:26: error: self-closing element not allowed
 * <p/>
   ^
/tmp/rdisk/1601/src/DexMovingImageView-master/dexmovingimageviewlib/src/main/java/it/dex/movingimageviewlib/evaluating/evaluators/SimpleEvaluator.java:25: error: self-closing element not allowed
 * <p/>
   ^
/tmp/rdisk/1601/src/DexMovingImageView-master/dexmovingimageviewlib/src/main/java/it/dex/movingimageviewlib/evaluating/evaluators/TimeEvaluator.java:29: error: self-closing element not allowed
 * <p/>
   ^
/tmp/rdisk/1601/src/DexMovingImageView-master/dexmovingimageviewlib/src/main/java/it/dex/movingimageviewlib/DexCrossFadeImageView.java:292: warning: no description for @param
     * @param transitionDurationMillis
       ^
/tmp/rdisk/1601/src/DexMovingImageView-master/dexmovingimageviewlib/src/main/java/it/dex/movingimageviewlib/DexCrossFadeImageView.java:301: warning: no description for @param
     * @param stillImageDurationMillis
       ^
/tmp/rdisk/1601/src/DexMovingImageView-master/dexmovingimageviewlib/src/main/java/it/dex/movingimageviewlib/DexCrossFadeImageView.java:35: error: self-closing element not allowed
 * <p/>
   ^
/tmp/rdisk/1601/src/DexMovingImageView-master/dexmovingimageviewlib/src/main/java/it/dex/movingimageviewlib/DexMovingImageView.java:194: warning: no description for @throws
     * @throws IllegalArgumentException
       ^
/tmp/rdisk/1601/src/DexMovingImageView-master/dexmovingimageviewlib/src/main/java/it/dex/movingimageviewlib/DexMovingImageView.java:204: warning: no description for @throws
     * @throws IllegalArgumentException
       ^
/tmp/rdisk/1601/src/DexMovingImageView-master/dexmovingimageviewlib/src/main/java/it/dex/movingimageviewlib/DexMovingImageView.java:44: error: self-closing element not allowed
 * <p/>
   ^
/tmp/rdisk/1601/src/DexMovingImageView-master/dexmovingimageviewlib/src/main/java/it/dex/movingimageviewlib/generating/ValuesGenerator.java:23: error: self-closing element not allowed
 * <p/>
   ^
/tmp/rdisk/1601/src/DexMovingImageView-master/dexmovingimageviewlib/src/main/java/it/dex/movingimageviewlib/generating/ValuesGeneratorChooser.java:26: error: self-closing element not allowed
 * <p/>
   ^
/tmp/rdisk/1601/src/DexMovingImageView-master/dexmovingimageviewlib/src/main/java/it/dex/movingimageviewlib/generating/VALUESGENERATORS.java:21: error: self-closing element not allowed
 * <p/>
   ^

42 errors
4 warnings
:dexmovingimageviewlib:javadoc FAILED

FAILURE: Build failed with an exception.

* What went wrong:
Execution failed for task ':dexmovingimageviewlib:javadoc'.
> Javadoc generation failed. Generated Javadoc options file (useful for troubleshooting): '/tmp/rdisk/1601/src/DexMovingImageView-master/dexmovingimageviewlib/build/tmp/javadoc/javadoc.options'

* Try:
Run with --info or --debug option to get more log output.

* Exception is:
org.gradle.api.tasks.TaskExecutionException: Execution failed for task ':dexmovingimageviewlib:javadoc'.
	at org.gradle.api.internal.tasks.execution.ExecuteActionsTaskExecuter.executeActions(ExecuteActionsTaskExecuter.java:69)
	at org.gradle.api.internal.tasks.execution.ExecuteActionsTaskExecuter.execute(ExecuteActionsTaskExecuter.java:46)
	at org.gradle.api.internal.tasks.execution.PostExecutionAnalysisTaskExecuter.execute(PostExecutionAnalysisTaskExecuter.java:35)
	at org.gradle.api.internal.tasks.execution.SkipUpToDateTaskExecuter.execute(SkipUpToDateTaskExecuter.java:64)
	at org.gradle.api.internal.tasks.execution.ValidatingTaskExecuter.execute(ValidatingTaskExecuter.java:58)
	at org.gradle.api.internal.tasks.execution.SkipEmptySourceFilesTaskExecuter.execute(SkipEmptySourceFilesTaskExecuter.java:42)
	at org.gradle.api.internal.tasks.execution.SkipTaskWithNoActionsExecuter.execute(SkipTaskWithNoActionsExecuter.java:52)
	at org.gradle.api.internal.tasks.execution.SkipOnlyIfTaskExecuter.execute(SkipOnlyIfTaskExecuter.java:53)
	at org.gradle.api.internal.tasks.execution.ExecuteAtMostOnceTaskExecuter.execute(ExecuteAtMostOnceTaskExecuter.java:43)
	at org.gradle.api.internal.AbstractTask.executeWithoutThrowingTaskFailure(AbstractTask.java:305)
	at org.gradle.execution.taskgraph.AbstractTaskPlanExecutor$TaskExecutorWorker.executeTask(AbstractTaskPlanExecutor.java:79)
	at org.gradle.execution.taskgraph.AbstractTaskPlanExecutor$TaskExecutorWorker.processTask(AbstractTaskPlanExecutor.java:63)
	at org.gradle.execution.taskgraph.AbstractTaskPlanExecutor$TaskExecutorWorker.run(AbstractTaskPlanExecutor.java:51)
	at org.gradle.execution.taskgraph.DefaultTaskPlanExecutor.process(DefaultTaskPlanExecutor.java:23)
	at org.gradle.execution.taskgraph.DefaultTaskGraphExecuter.execute(DefaultTaskGraphExecuter.java:88)
	at org.gradle.execution.SelectedTaskExecutionAction.execute(SelectedTaskExecutionAction.java:29)
	at org.gradle.execution.DefaultBuildExecuter.execute(DefaultBuildExecuter.java:62)
	at org.gradle.execution.DefaultBuildExecuter.access$200(DefaultBuildExecuter.java:23)
	at org.gradle.execution.DefaultBuildExecuter$2.proceed(DefaultBuildExecuter.java:68)
	at org.gradle.execution.DryRunBuildExecutionAction.execute(DryRunBuildExecutionAction.java:32)
	at org.gradle.execution.DefaultBuildExecuter.execute(DefaultBuildExecuter.java:62)
	at org.gradle.execution.DefaultBuildExecuter.execute(DefaultBuildExecuter.java:55)
	at org.gradle.initialization.DefaultGradleLauncher.doBuildStages(DefaultGradleLauncher.java:149)
	at org.gradle.initialization.DefaultGradleLauncher.doBuild(DefaultGradleLauncher.java:106)
	at org.gradle.initialization.DefaultGradleLauncher.run(DefaultGradleLauncher.java:86)
	at org.gradle.launcher.exec.InProcessBuildActionExecuter$DefaultBuildController.run(InProcessBuildActionExecuter.java:80)
	at org.gradle.launcher.cli.ExecuteBuildAction.run(ExecuteBuildAction.java:33)
	at org.gradle.launcher.cli.ExecuteBuildAction.run(ExecuteBuildAction.java:24)
	at org.gradle.launcher.exec.InProcessBuildActionExecuter.execute(InProcessBuildActionExecuter.java:36)
	at org.gradle.launcher.exec.InProcessBuildActionExecuter.execute(InProcessBuildActionExecuter.java:26)
	at org.gradle.launcher.cli.RunBuildAction.run(RunBuildAction.java:51)
	at org.gradle.internal.Actions$RunnableActionAdapter.execute(Actions.java:171)
	at org.gradle.launcher.cli.CommandLineActionFactory$ParseAndBuildAction.execute(CommandLineActionFactory.java:237)
	at org.gradle.launcher.cli.CommandLineActionFactory$ParseAndBuildAction.execute(CommandLineActionFactory.java:210)
	at org.gradle.launcher.cli.JavaRuntimeValidationAction.execute(JavaRuntimeValidationAction.java:35)
	at org.gradle.launcher.cli.JavaRuntimeValidationAction.execute(JavaRuntimeValidationAction.java:24)
	at org.gradle.launcher.cli.CommandLineActionFactory$WithLogging.execute(CommandLineActionFactory.java:206)
	at org.gradle.launcher.cli.CommandLineActionFactory$WithLogging.execute(CommandLineActionFactory.java:169)
	at org.gradle.launcher.cli.ExceptionReportingAction.execute(ExceptionReportingAction.java:33)
	at org.gradle.launcher.cli.ExceptionReportingAction.execute(ExceptionReportingAction.java:22)
	at org.gradle.launcher.Main.doAction(Main.java:33)
	at org.gradle.launcher.bootstrap.EntryPoint.run(EntryPoint.java:45)
	at org.gradle.launcher.bootstrap.ProcessBootstrap.runNoExit(ProcessBootstrap.java:54)
	at org.gradle.launcher.bootstrap.ProcessBootstrap.run(ProcessBootstrap.java:35)
	at org.gradle.launcher.GradleMain.main(GradleMain.java:23)
	at org.gradle.wrapper.BootstrapMainStarter.start(BootstrapMainStarter.java:33)
	at org.gradle.wrapper.WrapperExecutor.execute(WrapperExecutor.java:130)
	at org.gradle.wrapper.GradleWrapperMain.main(GradleWrapperMain.java:48)
Caused by: org.gradle.api.GradleException: Javadoc generation failed. Generated Javadoc options file (useful for troubleshooting): '/tmp/rdisk/1601/src/DexMovingImageView-master/dexmovingimageviewlib/build/tmp/javadoc/javadoc.options'
	at org.gradle.api.tasks.javadoc.internal.JavadocGenerator.execute(JavadocGenerator.java:55)
	at org.gradle.api.tasks.javadoc.internal.JavadocGenerator.execute(JavadocGenerator.java:31)
	at org.gradle.api.tasks.javadoc.Javadoc.executeExternalJavadoc(Javadoc.java:140)
	at org.gradle.api.tasks.javadoc.Javadoc.generate(Javadoc.java:128)
	at org.gradle.internal.reflect.JavaMethod.invoke(JavaMethod.java:63)
	at org.gradle.api.internal.project.taskfactory.AnnotationProcessingTaskFactory$StandardTaskAction.doExecute(AnnotationProcessingTaskFactory.java:218)
	at org.gradle.api.internal.project.taskfactory.AnnotationProcessingTaskFactory$StandardTaskAction.execute(AnnotationProcessingTaskFactory.java:211)
	at org.gradle.api.internal.project.taskfactory.AnnotationProcessingTaskFactory$StandardTaskAction.execute(AnnotationProcessingTaskFactory.java:200)
	at org.gradle.api.internal.AbstractTask$TaskActionWrapper.execute(AbstractTask.java:579)
	at org.gradle.api.internal.AbstractTask$TaskActionWrapper.execute(AbstractTask.java:562)
	at org.gradle.api.internal.tasks.execution.ExecuteActionsTaskExecuter.executeAction(ExecuteActionsTaskExecuter.java:80)
	at org.gradle.api.internal.tasks.execution.ExecuteActionsTaskExecuter.executeActions(ExecuteActionsTaskExecuter.java:61)
	... 47 more
Caused by: org.gradle.process.internal.ExecException: Process 'command '/usr/lib/jvm/java-8-oracle/bin/javadoc'' finished with non-zero exit value 1
	at org.gradle.process.internal.DefaultExecHandle$ExecResultImpl.assertNormalExitValue(DefaultExecHandle.java:365)
	at org.gradle.process.internal.DefaultExecAction.execute(DefaultExecAction.java:31)
	at org.gradle.api.tasks.javadoc.internal.JavadocGenerator.execute(JavadocGenerator.java:52)
	... 58 more


BUILD FAILED

Total time: 9.691 secs

2018-04-05 20:18:36,431 INFO  FullProcessService - Found APK file: /tmp/rdisk/1601/src/DexMovingImageView-master/dexmovingimageviewsample/dexmovingimageviewsample-release.apk
