2018-04-04 15:36:42,093 INFO  DownloadService - Downloading "https://github.com/AlexKolpa/fab-toolbar/archive/master.zip", attempt 3
2018-04-04 15:36:42,533 INFO  DownloadService - Downloaded https://github.com/AlexKolpa/fab-toolbar/archive/master.zip, attempt 3
2018-04-04 15:36:42,533 INFO  DownloadService - Size of file "/tmp/rdisk/1740/master.zip": 189 KB
2018-04-04 15:36:42,533 INFO  ArchiveUtils - Checking entries [.gradle] in ZIP file...
2018-04-04 15:36:42,533 INFO  ArchiveUtils - Has entries [.gradle] in ZIP file /tmp/rdisk/1740/master.zip: true
2018-04-04 15:36:42,533 DEBUG ZipUtil - Extracting '/tmp/rdisk/1740/master.zip' into '/tmp/rdisk/1740/src'.
2018-04-04 15:36:42,544 INFO  FullProcessService - Size of directory with sources: 210 KB
2018-04-04 15:36:42,544 INFO  SysUtils - Execute command: [git, init, /tmp/rdisk/1740/src]
2018-04-04 15:36:42,549 INFO  SysUtils - Initialized empty Git repository in /tmp/rdisk/1740/src/.git/

2018-04-04 15:36:42,552 INFO  ProjectBuildService - Gradle wrapper(s): /tmp/rdisk/1740/src/fab-toolbar-master/gradlew
2018-04-04 15:36:42,555 INFO  ProjectBuildService - Build script(s): /tmp/rdisk/1740/src/fab-toolbar-master/circular-reveal/build.gradle /tmp/rdisk/1740/src/fab-toolbar-master/library/build.gradle /tmp/rdisk/1740/src/fab-toolbar-master/sample/build.gradle /tmp/rdisk/1740/src/fab-toolbar-master/build.gradle
2018-04-04 15:36:42,558 INFO  ProjectBuildService - All script(s): /tmp/rdisk/1740/src/fab-toolbar-master/settings.gradle /tmp/rdisk/1740/src/fab-toolbar-master/sample/build.gradle /tmp/rdisk/1740/src/fab-toolbar-master/library/build.gradle /tmp/rdisk/1740/src/fab-toolbar-master/circular-reveal/build.gradle /tmp/rdisk/1740/src/fab-toolbar-master/build.gradle
2018-04-04 15:36:42,559 INFO  DownloadService - Downloading "https://raw.github.com/chrisbanes/gradle-mvn-push/master/gradle-mvn-push.gradle", attempt 3
2018-04-04 15:36:43,172 INFO  DownloadService - Downloaded https://raw.github.com/chrisbanes/gradle-mvn-push/master/gradle-mvn-push.gradle, attempt 3
2018-04-04 15:36:43,172 INFO  ProjectBuildService - Remote scripts: https://raw.github.com/chrisbanes/gradle-mvn-push/master/gradle-mvn-push.gradle
2018-04-04 15:36:43,172 INFO  ProjectFixService - Fixing project...
2018-04-04 15:36:43,181 INFO  LocalPropertiesFixService - Created fake /tmp/rdisk/1740/src/fab-toolbar-master/circular-reveal/local.properties
2018-04-04 15:36:43,181 INFO  ProjectFixService - Build info for "/tmp/rdisk/1740/src/fab-toolbar-master/circular-reveal/build.gradle": [buildToolsVersion=22.0.1,compileSdkVersion=22,minSdkVersion=9,targetSdkVersion=22]
2018-04-04 15:36:43,182 INFO  LocalPropertiesFixService - Created fake /tmp/rdisk/1740/src/fab-toolbar-master/library/local.properties
2018-04-04 15:36:43,182 INFO  ProjectFixService - Build info for "/tmp/rdisk/1740/src/fab-toolbar-master/library/build.gradle": [buildToolsVersion=21.1.2,compileSdkVersion=22,minSdkVersion=10,targetSdkVersion=22]
2018-04-04 15:36:43,183 INFO  LocalPropertiesFixService - Created fake /tmp/rdisk/1740/src/fab-toolbar-master/sample/local.properties
2018-04-04 15:36:43,183 INFO  ProjectFixService - Build info for "/tmp/rdisk/1740/src/fab-toolbar-master/sample/build.gradle": [buildToolsVersion=21.1.2,compileSdkVersion=22,minSdkVersion=10,targetSdkVersion=22]
2018-04-04 15:36:43,183 INFO  LocalPropertiesFixService - Created fake /tmp/rdisk/1740/src/fab-toolbar-master/local.properties
2018-04-04 15:36:43,184 INFO  WrapperPropertiesFixService - Gradle wrapper: https://services.gradle.org/distributions/gradle-2.2.1-all.zip
2018-04-04 15:36:43,184 INFO  WrapperPropertiesFixService - Gradle wrapper was changed from "-all.zip" to "-bin.zip" (https://services.gradle.org/distributions/gradle-2.2.1-bin.zip)
2018-04-04 15:36:43,185 INFO  ProjectFixService - Build info for "/tmp/rdisk/1740/src/fab-toolbar-master/build.gradle": [buildToolsVersion=21.1.2,compileSdkVersion=22,minSdkVersion=10,targetSdkVersion=22]
2018-04-04 15:36:43,185 INFO  ProjectFixService - Project was maybe fixed
2018-04-04 15:36:43,185 INFO  ProjectTaskService - Detecting possible tasks...
2018-04-04 15:36:43,186 INFO  SysUtils - Execute command: [/tmp/rdisk/1740/src/fab-toolbar-master/gradlew, -b, /tmp/rdisk/1740/src/fab-toolbar-master/circular-reveal/build.gradle, -Dorg.gradle.daemon=false, -Dorg.gradle.daemon.performance.enable-monitoring=false, -Dorg.gradle.configureondemand=true, tasks]
2018-04-04 15:36:53,100 INFO  ProjectTaskService - Detected possible tasks: 62
2018-04-04 15:36:53,101 INFO  ProjectTaskService - Excluded tasks (17): lintDebug mockableAndroidJar androidJavadocs deviceCheck lint androidSourcesJar uninstallDebugAndroidTest installDebugAndroidTest connectedCheck uninstallAll androidJavadocsJar testRelease test check connectedAndroidTest lintRelease testDebug
2018-04-04 15:36:53,101 INFO  SysUtils - Execute command: [/tmp/rdisk/1740/src/fab-toolbar-master/gradlew, -b, /tmp/rdisk/1740/src/fab-toolbar-master/circular-reveal/build.gradle, -Dorg.gradle.daemon=false, -Dorg.gradle.daemon.performance.enable-monitoring=false, -Dorg.gradle.configureondemand=true, --stacktrace, -x, lintDebug, -x, mockableAndroidJar, -x, androidJavadocs, -x, deviceCheck, -x, lint, -x, androidSourcesJar, -x, uninstallDebugAndroidTest, -x, installDebugAndroidTest, -x, connectedCheck, -x, uninstallAll, -x, androidJavadocsJar, -x, testRelease, -x, test, -x, check, -x, connectedAndroidTest, -x, lintRelease, -x, testDebug, build]
2018-04-04 15:36:58,272 ERROR SysUtils - Could not process external command
org.apache.commons.exec.ExecuteException: Process exited with an error: 1 (Exit value: 1)
	at org.apache.commons.exec.DefaultExecutor.executeInternal(DefaultExecutor.java:404)
	at org.apache.commons.exec.DefaultExecutor.execute(DefaultExecutor.java:166)
	at com.github.vbauer.apkmaster.util.SysUtils.execute(SysUtils.java:67)
	at com.github.vbauer.apkmaster.util.SysUtils.executeSimple(SysUtils.java:43)
	at com.github.vbauer.apkmaster.service.assembly.ProjectBuildService.buildProject(ProjectBuildService.java:78)
	at com.github.vbauer.apkmaster.service.assembly.ProjectBuildService.buildProject(ProjectBuildService.java:64)
	at com.github.vbauer.apkmaster.service.assembly.ProjectBuildService.buildProject(ProjectBuildService.java:43)
	at com.github.vbauer.apkmaster.service.FullProcessService.build(FullProcessService.java:84)
	at com.github.vbauer.apkmaster.service.FullProcessService.process(FullProcessService.java:34)
	at com.github.vbauer.apkmaster.app.MainApplication.process(MainApplication.java:38)
	at com.github.vbauer.apkmaster.app.MainApplication.main(MainApplication.java:20)
	at sun.reflect.GeneratedMethodAccessor8.invoke(Unknown Source)
	at sun.reflect.DelegatingMethodAccessorImpl.invoke(DelegatingMethodAccessorImpl.java:43)
	at java.lang.reflect.Method.invoke(Method.java:498)
	at com.android.arsenal.util.ReflectionUtils.invoke(ReflectionUtils.java:42)
	at com.android.arsenal.util.ApkMasterUtils.main(ApkMasterUtils.java:30)
	at com.android.arsenal.service.processor.impl.BuildProcessorServiceImpl.buildProject(BuildProcessorServiceImpl.java:197)
	at com.android.arsenal.service.processor.impl.BuildProcessorServiceImpl.build(BuildProcessorServiceImpl.java:131)
	at com.android.arsenal.service.processor.impl.BuildProcessorServiceImpl.lambda$null$1(BuildProcessorServiceImpl.java:114)
	at java.util.concurrent.FutureTask.run(FutureTask.java:266)
	at java.util.concurrent.Executors$RunnableAdapter.call(Executors.java:511)
	at java.util.concurrent.FutureTask.run(FutureTask.java:266)
	at java.util.concurrent.ThreadPoolExecutor.runWorker(ThreadPoolExecutor.java:1149)
	at java.util.concurrent.ThreadPoolExecutor$Worker.run(ThreadPoolExecutor.java:624)
	at java.lang.Thread.run(Thread.java:748)
2018-04-04 15:36:58,272 INFO  SysUtils - Configuration on demand is an incubating feature.

FAILURE: Build failed with an exception.

* What went wrong:
Task 'androidJavadocs' not found in project ':circular-reveal'.

* Try:
Run gradlew tasks to get a list of available tasks. Run with --info or --debug option to get more log output.

* Exception is:
org.gradle.execution.TaskSelectionException: Task 'androidJavadocs' not found in project ':circular-reveal'.
	at org.gradle.execution.TaskSelector.getSelection(TaskSelector.java:101)
	at org.gradle.execution.TaskSelector.getFilter(TaskSelector.java:64)
	at org.gradle.execution.ExcludedTaskFilteringBuildConfigurationAction.configure(ExcludedTaskFilteringBuildConfigurationAction.java:42)
	at org.gradle.execution.DefaultBuildExecuter.configure(DefaultBuildExecuter.java:42)
	at org.gradle.execution.DefaultBuildExecuter.access$100(DefaultBuildExecuter.java:23)
	at org.gradle.execution.DefaultBuildExecuter$1.proceed(DefaultBuildExecuter.java:48)
	at org.gradle.execution.DefaultTasksBuildExecutionAction.configure(DefaultTasksBuildExecutionAction.java:44)
	at org.gradle.execution.DefaultBuildExecuter.configure(DefaultBuildExecuter.java:42)
	at org.gradle.execution.DefaultBuildExecuter.select(DefaultBuildExecuter.java:35)
	at org.gradle.initialization.DefaultGradleLauncher.doBuildStages(DefaultGradleLauncher.java:142)
	at org.gradle.initialization.DefaultGradleLauncher.doBuild(DefaultGradleLauncher.java:106)
	at org.gradle.initialization.DefaultGradleLauncher.run(DefaultGradleLauncher.java:86)
	at org.gradle.launcher.exec.InProcessBuildActionExecuter$DefaultBuildController.run(InProcessBuildActionExecuter.java:80)
	at org.gradle.launcher.cli.ExecuteBuildAction.run(ExecuteBuildAction.java:33)
	at org.gradle.launcher.cli.ExecuteBuildAction.run(ExecuteBuildAction.java:24)
	at org.gradle.launcher.exec.InProcessBuildActionExecuter.execute(InProcessBuildActionExecuter.java:36)
	at org.gradle.launcher.exec.InProcessBuildActionExecuter.execute(InProcessBuildActionExecuter.java:26)
	at org.gradle.launcher.cli.RunBuildAction.run(RunBuildAction.java:51)
	at org.gradle.internal.Actions$RunnableActionAdapter.execute(Actions.java:171)
	at org.gradle.launcher.cli.CommandLineActionFactory$ParseAndBuildAction.execute(CommandLineActionFactory.java:237)
	at org.gradle.launcher.cli.CommandLineActionFactory$ParseAndBuildAction.execute(CommandLineActionFactory.java:210)
	at org.gradle.launcher.cli.JavaRuntimeValidationAction.execute(JavaRuntimeValidationAction.java:35)
	at org.gradle.launcher.cli.JavaRuntimeValidationAction.execute(JavaRuntimeValidationAction.java:24)
	at org.gradle.launcher.cli.CommandLineActionFactory$WithLogging.execute(CommandLineActionFactory.java:206)
	at org.gradle.launcher.cli.CommandLineActionFactory$WithLogging.execute(CommandLineActionFactory.java:169)
	at org.gradle.launcher.cli.ExceptionReportingAction.execute(ExceptionReportingAction.java:33)
	at org.gradle.launcher.cli.ExceptionReportingAction.execute(ExceptionReportingAction.java:22)
	at org.gradle.launcher.Main.doAction(Main.java:33)
	at org.gradle.launcher.bootstrap.EntryPoint.run(EntryPoint.java:45)
	at org.gradle.launcher.bootstrap.ProcessBootstrap.runNoExit(ProcessBootstrap.java:54)
	at org.gradle.launcher.bootstrap.ProcessBootstrap.run(ProcessBootstrap.java:35)
	at org.gradle.launcher.GradleMain.main(GradleMain.java:23)
	at org.gradle.wrapper.BootstrapMainStarter.start(BootstrapMainStarter.java:33)
	at org.gradle.wrapper.WrapperExecutor.execute(WrapperExecutor.java:130)
	at org.gradle.wrapper.GradleWrapperMain.main(GradleWrapperMain.java:48)


BUILD FAILED

Total time: 4.744 secs

2018-04-04 15:36:58,272 ERROR ProjectBuildService - Excluded tasks were detected wrong
2018-04-04 15:36:58,272 INFO  SysUtils - Execute command: [/tmp/rdisk/1740/src/fab-toolbar-master/gradlew, -b, /tmp/rdisk/1740/src/fab-toolbar-master/circular-reveal/build.gradle, -Dorg.gradle.daemon=false, -Dorg.gradle.daemon.performance.enable-monitoring=false, -Dorg.gradle.configureondemand=true, --stacktrace, build]
2018-04-04 15:37:12,918 INFO  SysUtils - Configuration on demand is an incubating feature.
:circular-reveal:compileLint
:circular-reveal:copyDebugLint UP-TO-DATE
:circular-reveal:mergeDebugProguardFiles
:circular-reveal:preBuild UP-TO-DATE
:circular-reveal:preDebugBuild UP-TO-DATE
:circular-reveal:checkDebugManifest
:circular-reveal:prepareDebugDependencies
:circular-reveal:compileDebugAidl
:circular-reveal:compileDebugRenderscript
:circular-reveal:generateDebugBuildConfig
:circular-reveal:generateDebugAssets UP-TO-DATE
:circular-reveal:mergeDebugAssets
:circular-reveal:generateDebugResValues
:circular-reveal:generateDebugResources
:circular-reveal:packageDebugResources
:circular-reveal:processDebugManifest
:circular-reveal:processDebugResources
:circular-reveal:generateDebugSources
:circular-reveal:compileDebugJava
:circular-reveal:processDebugJavaRes UP-TO-DATE
:circular-reveal:packageDebugJar
:circular-reveal:compileDebugNdk UP-TO-DATE
:circular-reveal:packageDebugJniLibs UP-TO-DATE
:circular-reveal:packageDebugLocalJar UP-TO-DATE
:circular-reveal:packageDebugRenderscript UP-TO-DATE
:circular-reveal:bundleDebug
:circular-reveal:assembleDebug
:circular-reveal:copyReleaseLint UP-TO-DATE
:circular-reveal:mergeReleaseProguardFiles
:circular-reveal:preReleaseBuild UP-TO-DATE
:circular-reveal:checkReleaseManifest
:circular-reveal:prepareReleaseDependencies
:circular-reveal:compileReleaseAidl
:circular-reveal:compileReleaseRenderscript
:circular-reveal:generateReleaseBuildConfig
:circular-reveal:generateReleaseAssets UP-TO-DATE
:circular-reveal:mergeReleaseAssets
:circular-reveal:generateReleaseResValues
:circular-reveal:generateReleaseResources
:circular-reveal:packageReleaseResources
:circular-reveal:processReleaseManifest
:circular-reveal:processReleaseResources
:circular-reveal:generateReleaseSources
:circular-reveal:compileReleaseJava
:circular-reveal:processReleaseJavaRes UP-TO-DATE
:circular-reveal:packageReleaseJar
:circular-reveal:compileReleaseNdk UP-TO-DATE
:circular-reveal:packageReleaseJniLibs UP-TO-DATE
:circular-reveal:packageReleaseLocalJar UP-TO-DATE
:circular-reveal:packageReleaseRenderscript UP-TO-DATE
:circular-reveal:bundleRelease
:circular-reveal:assembleRelease
:circular-reveal:assemble
:circular-reveal:lint
Ran lint on variant debug: 1 issues found
Ran lint on variant release: 1 issues found
Wrote HTML report to file:/tmp/rdisk/1740/src/fab-toolbar-master/circular-reveal/build/outputs/lint-results.html
Wrote XML report to /tmp/rdisk/1740/src/fab-toolbar-master/circular-reveal/build/outputs/lint-results.xml
:circular-reveal:preCompileDebugUnitTestJava
:circular-reveal:compileDebugUnitTestJava UP-TO-DATE
:circular-reveal:compileDebugUnitTestSources UP-TO-DATE
:circular-reveal:mockableAndroidJar
:circular-reveal:assembleDebugUnitTest
:circular-reveal:testDebug
:circular-reveal:preCompileReleaseUnitTestJava
:circular-reveal:compileReleaseUnitTestJava UP-TO-DATE
:circular-reveal:compileReleaseUnitTestSources UP-TO-DATE
:circular-reveal:assembleReleaseUnitTest
:circular-reveal:testRelease
:circular-reveal:test
:circular-reveal:check
:circular-reveal:build

BUILD SUCCESSFUL

Total time: 14.192 secs

2018-04-04 15:37:12,925 INFO  ProjectTaskService - Detecting possible tasks...
2018-04-04 15:37:12,925 INFO  SysUtils - Execute command: [/tmp/rdisk/1740/src/fab-toolbar-master/gradlew, -b, /tmp/rdisk/1740/src/fab-toolbar-master/library/build.gradle, -Dorg.gradle.daemon=false, -Dorg.gradle.daemon.performance.enable-monitoring=false, -Dorg.gradle.configureondemand=true, tasks]
2018-04-04 15:37:20,449 INFO  ProjectTaskService - Detected possible tasks: 67
2018-04-04 15:37:20,449 INFO  ProjectTaskService - Excluded tasks (17): lintDebug mockableAndroidJar androidJavadocs deviceCheck lint androidSourcesJar uninstallDebugAndroidTest installDebugAndroidTest connectedCheck uninstallAll androidJavadocsJar testRelease test check connectedAndroidTest lintRelease testDebug
2018-04-04 15:37:20,449 INFO  SysUtils - Execute command: [/tmp/rdisk/1740/src/fab-toolbar-master/gradlew, -b, /tmp/rdisk/1740/src/fab-toolbar-master/library/build.gradle, -Dorg.gradle.daemon=false, -Dorg.gradle.daemon.performance.enable-monitoring=false, -Dorg.gradle.configureondemand=true, --stacktrace, -x, lintDebug, -x, mockableAndroidJar, -x, androidJavadocs, -x, deviceCheck, -x, lint, -x, androidSourcesJar, -x, uninstallDebugAndroidTest, -x, installDebugAndroidTest, -x, connectedCheck, -x, uninstallAll, -x, androidJavadocsJar, -x, testRelease, -x, test, -x, check, -x, connectedAndroidTest, -x, lintRelease, -x, testDebug, build]
2018-04-04 15:37:32,094 INFO  SysUtils - Configuration on demand is an incubating feature.
:library:compileLint
:library:copyDebugLint UP-TO-DATE
:circular-reveal:compileLint
:circular-reveal:copyReleaseLint UP-TO-DATE
:circular-reveal:mergeReleaseProguardFiles UP-TO-DATE
:circular-reveal:preBuild UP-TO-DATE
:circular-reveal:preReleaseBuild UP-TO-DATE
:circular-reveal:checkReleaseManifest
:circular-reveal:prepareReleaseDependencies
:circular-reveal:compileReleaseAidl UP-TO-DATE
:circular-reveal:compileReleaseRenderscript UP-TO-DATE
:circular-reveal:generateReleaseBuildConfig UP-TO-DATE
:circular-reveal:generateReleaseAssets UP-TO-DATE
:circular-reveal:mergeReleaseAssets UP-TO-DATE
:circular-reveal:generateReleaseResValues UP-TO-DATE
:circular-reveal:generateReleaseResources UP-TO-DATE
:circular-reveal:packageReleaseResources UP-TO-DATE
:circular-reveal:processReleaseManifest UP-TO-DATE
:circular-reveal:processReleaseResources UP-TO-DATE
:circular-reveal:generateReleaseSources UP-TO-DATE
:circular-reveal:compileReleaseJava UP-TO-DATE
:circular-reveal:processReleaseJavaRes UP-TO-DATE
:circular-reveal:packageReleaseJar UP-TO-DATE
:circular-reveal:compileReleaseNdk UP-TO-DATE
:circular-reveal:packageReleaseJniLibs UP-TO-DATE
:circular-reveal:packageReleaseLocalJar UP-TO-DATE
:circular-reveal:packageReleaseRenderscript UP-TO-DATE
:circular-reveal:bundleRelease UP-TO-DATE
:library:preBuild UP-TO-DATE
:library:preDebugBuild UP-TO-DATE
:library:checkDebugManifest
:library:preDebugAndroidTestBuild UP-TO-DATE
:library:preReleaseBuild UP-TO-DATE
:library:prepareComAndroidSupportAppcompatV72220Library
:library:prepareComAndroidSupportRecyclerviewV72103Library
:library:prepareComAndroidSupportSupportV42220Library
:library:prepareComMelnykovFloatingactionbutton130Library
:library:prepareFabToolbarMasterCircularRevealUnspecifiedLibrary
:library:prepareDebugDependencies
:library:compileDebugAidl
:library:compileDebugRenderscript
:library:generateDebugBuildConfig
:library:generateDebugAssets UP-TO-DATE
:library:mergeDebugAssets
:library:generateDebugResValues
:library:generateDebugResources
:library:mergeDebugResources
:library:processDebugManifest
:library:processDebugResources
:library:generateDebugSources
:library:compileDebugJava
:library:extractDebugAnnotations
:library:mergeDebugProguardFiles
:library:processDebugJavaRes UP-TO-DATE
:library:packageDebugJar
:library:compileDebugNdk UP-TO-DATE
:library:packageDebugJniLibs UP-TO-DATE
:library:packageDebugLocalJar UP-TO-DATE
:library:packageDebugRenderscript UP-TO-DATE
:library:packageDebugResources
:library:bundleDebug
:library:assembleDebug
:library:copyReleaseLint UP-TO-DATE
:library:checkReleaseManifest
:library:prepareReleaseDependencies
:library:compileReleaseAidl
:library:compileReleaseRenderscript
:library:generateReleaseBuildConfig
:library:generateReleaseAssets UP-TO-DATE
:library:mergeReleaseAssets
:library:generateReleaseResValues
:library:generateReleaseResources
:library:mergeReleaseResources
:library:processReleaseManifest
:library:processReleaseResources
:library:generateReleaseSources
:library:compileReleaseJava
:library:extractReleaseAnnotations
:library:mergeReleaseProguardFiles
:library:processReleaseJavaRes UP-TO-DATE
:library:packageReleaseJar
:library:compileReleaseNdk UP-TO-DATE
:library:packageReleaseJniLibs UP-TO-DATE
:library:packageReleaseLocalJar UP-TO-DATE
:library:packageReleaseRenderscript UP-TO-DATE
:library:packageReleaseResources
:library:bundleRelease
:library:assembleRelease
:library:signArchives SKIPPED
:library:assemble
:library:build

BUILD SUCCESSFUL

Total time: 11.202 secs

2018-04-04 15:37:32,134 INFO  ProjectTaskService - Detecting possible tasks...
2018-04-04 15:37:32,135 INFO  SysUtils - Execute command: [/tmp/rdisk/1740/src/fab-toolbar-master/gradlew, -b, /tmp/rdisk/1740/src/fab-toolbar-master/sample/build.gradle, -Dorg.gradle.daemon=false, -Dorg.gradle.daemon.performance.enable-monitoring=false, -Dorg.gradle.configureondemand=true, tasks]
2018-04-04 15:37:39,634 INFO  ProjectTaskService - Detected possible tasks: 63
2018-04-04 15:37:39,635 INFO  ProjectTaskService - Excluded tasks (20): lintDebug mockableAndroidJar androidJavadocs deviceCheck lint androidSourcesJar uninstallRelease uninstallDebugAndroidTest installDebugAndroidTest connectedCheck uninstallAll androidJavadocsJar testRelease test check connectedAndroidTest installDebug lintRelease testDebug uninstallDebug
2018-04-04 15:37:39,635 INFO  SysUtils - Execute command: [/tmp/rdisk/1740/src/fab-toolbar-master/gradlew, -b, /tmp/rdisk/1740/src/fab-toolbar-master/sample/build.gradle, -Dorg.gradle.daemon=false, -Dorg.gradle.daemon.performance.enable-monitoring=false, -Dorg.gradle.configureondemand=true, --stacktrace, -x, lintDebug, -x, mockableAndroidJar, -x, androidJavadocs, -x, deviceCheck, -x, lint, -x, androidSourcesJar, -x, uninstallRelease, -x, uninstallDebugAndroidTest, -x, installDebugAndroidTest, -x, connectedCheck, -x, uninstallAll, -x, androidJavadocsJar, -x, testRelease, -x, test, -x, check, -x, connectedAndroidTest, -x, installDebug, -x, lintRelease, -x, testDebug, -x, uninstallDebug, build]
2018-04-04 15:37:46,734 ERROR SysUtils - Could not process external command
org.apache.commons.exec.ExecuteException: Process exited with an error: 1 (Exit value: 1)
	at org.apache.commons.exec.DefaultExecutor.executeInternal(DefaultExecutor.java:404)
	at org.apache.commons.exec.DefaultExecutor.execute(DefaultExecutor.java:166)
	at com.github.vbauer.apkmaster.util.SysUtils.execute(SysUtils.java:67)
	at com.github.vbauer.apkmaster.util.SysUtils.executeSimple(SysUtils.java:43)
	at com.github.vbauer.apkmaster.service.assembly.ProjectBuildService.buildProject(ProjectBuildService.java:78)
	at com.github.vbauer.apkmaster.service.assembly.ProjectBuildService.buildProject(ProjectBuildService.java:64)
	at com.github.vbauer.apkmaster.service.assembly.ProjectBuildService.buildProject(ProjectBuildService.java:43)
	at com.github.vbauer.apkmaster.service.FullProcessService.build(FullProcessService.java:84)
	at com.github.vbauer.apkmaster.service.FullProcessService.process(FullProcessService.java:34)
	at com.github.vbauer.apkmaster.app.MainApplication.process(MainApplication.java:38)
	at com.github.vbauer.apkmaster.app.MainApplication.main(MainApplication.java:20)
	at sun.reflect.GeneratedMethodAccessor8.invoke(Unknown Source)
	at sun.reflect.DelegatingMethodAccessorImpl.invoke(DelegatingMethodAccessorImpl.java:43)
	at java.lang.reflect.Method.invoke(Method.java:498)
	at com.android.arsenal.util.ReflectionUtils.invoke(ReflectionUtils.java:42)
	at com.android.arsenal.util.ApkMasterUtils.main(ApkMasterUtils.java:30)
	at com.android.arsenal.service.processor.impl.BuildProcessorServiceImpl.buildProject(BuildProcessorServiceImpl.java:197)
	at com.android.arsenal.service.processor.impl.BuildProcessorServiceImpl.build(BuildProcessorServiceImpl.java:131)
	at com.android.arsenal.service.processor.impl.BuildProcessorServiceImpl.lambda$null$1(BuildProcessorServiceImpl.java:114)
	at java.util.concurrent.FutureTask.run(FutureTask.java:266)
	at java.util.concurrent.Executors$RunnableAdapter.call(Executors.java:511)
	at java.util.concurrent.FutureTask.run(FutureTask.java:266)
	at java.util.concurrent.ThreadPoolExecutor.runWorker(ThreadPoolExecutor.java:1149)
	at java.util.concurrent.ThreadPoolExecutor$Worker.run(ThreadPoolExecutor.java:624)
	at java.lang.Thread.run(Thread.java:748)
2018-04-04 15:37:46,734 INFO  SysUtils - Configuration on demand is an incubating feature.

FAILURE: Build failed with an exception.

* What went wrong:
Task 'androidJavadocs' not found in project ':sample'.

* Try:
Run gradlew tasks to get a list of available tasks. Run with --info or --debug option to get more log output.

* Exception is:
org.gradle.execution.TaskSelectionException: Task 'androidJavadocs' not found in project ':sample'.
	at org.gradle.execution.TaskSelector.getSelection(TaskSelector.java:101)
	at org.gradle.execution.TaskSelector.getFilter(TaskSelector.java:64)
	at org.gradle.execution.ExcludedTaskFilteringBuildConfigurationAction.configure(ExcludedTaskFilteringBuildConfigurationAction.java:42)
	at org.gradle.execution.DefaultBuildExecuter.configure(DefaultBuildExecuter.java:42)
	at org.gradle.execution.DefaultBuildExecuter.access$100(DefaultBuildExecuter.java:23)
	at org.gradle.execution.DefaultBuildExecuter$1.proceed(DefaultBuildExecuter.java:48)
	at org.gradle.execution.DefaultTasksBuildExecutionAction.configure(DefaultTasksBuildExecutionAction.java:44)
	at org.gradle.execution.DefaultBuildExecuter.configure(DefaultBuildExecuter.java:42)
	at org.gradle.execution.DefaultBuildExecuter.select(DefaultBuildExecuter.java:35)
	at org.gradle.initialization.DefaultGradleLauncher.doBuildStages(DefaultGradleLauncher.java:142)
	at org.gradle.initialization.DefaultGradleLauncher.doBuild(DefaultGradleLauncher.java:106)
	at org.gradle.initialization.DefaultGradleLauncher.run(DefaultGradleLauncher.java:86)
	at org.gradle.launcher.exec.InProcessBuildActionExecuter$DefaultBuildController.run(InProcessBuildActionExecuter.java:80)
	at org.gradle.launcher.cli.ExecuteBuildAction.run(ExecuteBuildAction.java:33)
	at org.gradle.launcher.cli.ExecuteBuildAction.run(ExecuteBuildAction.java:24)
	at org.gradle.launcher.exec.InProcessBuildActionExecuter.execute(InProcessBuildActionExecuter.java:36)
	at org.gradle.launcher.exec.InProcessBuildActionExecuter.execute(InProcessBuildActionExecuter.java:26)
	at org.gradle.launcher.cli.RunBuildAction.run(RunBuildAction.java:51)
	at org.gradle.internal.Actions$RunnableActionAdapter.execute(Actions.java:171)
	at org.gradle.launcher.cli.CommandLineActionFactory$ParseAndBuildAction.execute(CommandLineActionFactory.java:237)
	at org.gradle.launcher.cli.CommandLineActionFactory$ParseAndBuildAction.execute(CommandLineActionFactory.java:210)
	at org.gradle.launcher.cli.JavaRuntimeValidationAction.execute(JavaRuntimeValidationAction.java:35)
	at org.gradle.launcher.cli.JavaRuntimeValidationAction.execute(JavaRuntimeValidationAction.java:24)
	at org.gradle.launcher.cli.CommandLineActionFactory$WithLogging.execute(CommandLineActionFactory.java:206)
	at org.gradle.launcher.cli.CommandLineActionFactory$WithLogging.execute(CommandLineActionFactory.java:169)
	at org.gradle.launcher.cli.ExceptionReportingAction.execute(ExceptionReportingAction.java:33)
	at org.gradle.launcher.cli.ExceptionReportingAction.execute(ExceptionReportingAction.java:22)
	at org.gradle.launcher.Main.doAction(Main.java:33)
	at org.gradle.launcher.bootstrap.EntryPoint.run(EntryPoint.java:45)
	at org.gradle.launcher.bootstrap.ProcessBootstrap.runNoExit(ProcessBootstrap.java:54)
	at org.gradle.launcher.bootstrap.ProcessBootstrap.run(ProcessBootstrap.java:35)
	at org.gradle.launcher.GradleMain.main(GradleMain.java:23)
	at org.gradle.wrapper.BootstrapMainStarter.start(BootstrapMainStarter.java:33)
	at org.gradle.wrapper.WrapperExecutor.execute(WrapperExecutor.java:130)
	at org.gradle.wrapper.GradleWrapperMain.main(GradleWrapperMain.java:48)


BUILD FAILED

Total time: 6.671 secs

2018-04-04 15:37:46,735 ERROR ProjectBuildService - Excluded tasks were detected wrong
2018-04-04 15:37:46,735 INFO  SysUtils - Execute command: [/tmp/rdisk/1740/src/fab-toolbar-master/gradlew, -b, /tmp/rdisk/1740/src/fab-toolbar-master/sample/build.gradle, -Dorg.gradle.daemon=false, -Dorg.gradle.daemon.performance.enable-monitoring=false, -Dorg.gradle.configureondemand=true, --stacktrace, build]
2018-04-04 15:38:23,716 INFO  SysUtils - Configuration on demand is an incubating feature.
:sample:preBuild UP-TO-DATE
:sample:preDebugBuild UP-TO-DATE
:sample:compileDebugNdk UP-TO-DATE
:circular-reveal:compileLint
:circular-reveal:copyReleaseLint UP-TO-DATE
:circular-reveal:mergeReleaseProguardFiles UP-TO-DATE
:circular-reveal:preBuild UP-TO-DATE
:circular-reveal:preReleaseBuild UP-TO-DATE
:circular-reveal:checkReleaseManifest
:circular-reveal:prepareReleaseDependencies
:circular-reveal:compileReleaseAidl UP-TO-DATE
:circular-reveal:compileReleaseRenderscript UP-TO-DATE
:circular-reveal:generateReleaseBuildConfig UP-TO-DATE
:circular-reveal:generateReleaseAssets UP-TO-DATE
:circular-reveal:mergeReleaseAssets UP-TO-DATE
:circular-reveal:generateReleaseResValues UP-TO-DATE
:circular-reveal:generateReleaseResources UP-TO-DATE
:circular-reveal:packageReleaseResources UP-TO-DATE
:circular-reveal:processReleaseManifest UP-TO-DATE
:circular-reveal:processReleaseResources UP-TO-DATE
:circular-reveal:generateReleaseSources UP-TO-DATE
:circular-reveal:compileReleaseJava UP-TO-DATE
:circular-reveal:processReleaseJavaRes UP-TO-DATE
:circular-reveal:packageReleaseJar UP-TO-DATE
:circular-reveal:compileReleaseNdk UP-TO-DATE
:circular-reveal:packageReleaseJniLibs UP-TO-DATE
:circular-reveal:packageReleaseLocalJar UP-TO-DATE
:circular-reveal:packageReleaseRenderscript UP-TO-DATE
:circular-reveal:bundleRelease UP-TO-DATE
:library:compileLint
:library:copyReleaseLint UP-TO-DATE
:library:preBuild UP-TO-DATE
:library:preReleaseBuild UP-TO-DATE
:library:checkReleaseManifest
:library:preDebugAndroidTestBuild UP-TO-DATE
:library:preDebugBuild UP-TO-DATE
:library:prepareComAndroidSupportAppcompatV72220Library UP-TO-DATE
:library:prepareComAndroidSupportRecyclerviewV72103Library UP-TO-DATE
:library:prepareComAndroidSupportSupportV42220Library UP-TO-DATE
:library:prepareComMelnykovFloatingactionbutton130Library UP-TO-DATE
:library:prepareFabToolbarMasterCircularRevealUnspecifiedLibrary UP-TO-DATE
:library:prepareReleaseDependencies
:library:compileReleaseAidl UP-TO-DATE
:library:compileReleaseRenderscript UP-TO-DATE
:library:generateReleaseBuildConfig UP-TO-DATE
:library:generateReleaseAssets UP-TO-DATE
:library:mergeReleaseAssets UP-TO-DATE
:library:generateReleaseResValues UP-TO-DATE
:library:generateReleaseResources UP-TO-DATE
:library:mergeReleaseResources UP-TO-DATE
:library:processReleaseManifest UP-TO-DATE
:library:processReleaseResources UP-TO-DATE
:library:generateReleaseSources UP-TO-DATE
:library:compileReleaseJava UP-TO-DATE
:library:extractReleaseAnnotations UP-TO-DATE
:library:mergeReleaseProguardFiles UP-TO-DATE
:library:processReleaseJavaRes UP-TO-DATE
:library:packageReleaseJar UP-TO-DATE
:library:compileReleaseNdk UP-TO-DATE
:library:packageReleaseJniLibs UP-TO-DATE
:library:packageReleaseLocalJar UP-TO-DATE
:library:packageReleaseRenderscript UP-TO-DATE
:library:packageReleaseResources UP-TO-DATE
:library:bundleRelease UP-TO-DATE
:sample:checkDebugManifest
:sample:preReleaseBuild UP-TO-DATE
:sample:prepareComAndroidSupportAppcompatV72220Library
:sample:prepareComAndroidSupportRecyclerviewV72103Library
:sample:prepareComAndroidSupportSupportV42220Library
:sample:prepareComMelnykovFloatingactionbutton130Library
:sample:prepareFabToolbarMasterCircularRevealUnspecifiedLibrary
:sample:prepareFabToolbarMasterLibraryUnspecifiedLibrary
:sample:prepareDebugDependencies
:sample:compileDebugAidl
:sample:compileDebugRenderscript
:sample:generateDebugBuildConfig
:sample:generateDebugAssets UP-TO-DATE
:sample:mergeDebugAssets
:sample:generateDebugResValues
:sample:generateDebugResources
:sample:mergeDebugResources
:sample:processDebugManifest
:sample:processDebugResources
:sample:generateDebugSources
:sample:compileDebugJavaNote: /tmp/rdisk/1740/src/fab-toolbar-master/sample/src/main/java/com/github/alexkolpa/fabtoolbar/sample/SampleActivity.java uses or overrides a deprecated API.
Note: Recompile with -Xlint:deprecation for details.

:sample:preDexDebug
:sample:dexDebug
:sample:processDebugJavaRes UP-TO-DATE
:sample:validateDebugSigning
:sample:packageDebug
:sample:zipalignDebug
:sample:assembleDebug
:sample:checkReleaseManifest
:sample:prepareReleaseDependencies
:sample:compileReleaseAidl
:sample:compileReleaseRenderscript
:sample:generateReleaseBuildConfig
:sample:generateReleaseAssets UP-TO-DATE
:sample:mergeReleaseAssets
:sample:generateReleaseResValues
:sample:generateReleaseResources
:sample:mergeReleaseResources
:sample:processReleaseManifest
:sample:processReleaseResources
:sample:generateReleaseSources
:sample:compileReleaseJavaNote: /tmp/rdisk/1740/src/fab-toolbar-master/sample/src/main/java/com/github/alexkolpa/fabtoolbar/sample/SampleActivity.java uses or overrides a deprecated API.
Note: Recompile with -Xlint:deprecation for details.

:sample:lintVitalRelease SKIPPED
:sample:compileReleaseNdk UP-TO-DATE
:sample:preDexRelease
:sample:dexRelease
:sample:processReleaseJavaRes UP-TO-DATE
:sample:packageRelease
:sample:assembleRelease
:sample:assemble
:sample:compileLint
:sample:lint
Ran lint on variant release: 8 issues found
Ran lint on variant debug: 8 issues found
Wrote HTML report to file:/tmp/rdisk/1740/src/fab-toolbar-master/sample/build/outputs/lint-results.html
Wrote XML report to /tmp/rdisk/1740/src/fab-toolbar-master/sample/build/outputs/lint-results.xml
:sample:preCompileDebugUnitTestJava
:sample:compileDebugUnitTestJava UP-TO-DATE
:sample:compileDebugUnitTestSources UP-TO-DATE
:sample:mockableAndroidJar
:sample:assembleDebugUnitTest
:sample:testDebug
:sample:preCompileReleaseUnitTestJava
:sample:compileReleaseUnitTestJava UP-TO-DATE
:sample:compileReleaseUnitTestSources UP-TO-DATE
:sample:assembleReleaseUnitTest
:sample:testRelease
:sample:test
:sample:check
:sample:build

BUILD SUCCESSFUL

Total time: 36.545 secs

2018-04-04 15:38:23,788 INFO  FullProcessService - Found APK file: /tmp/rdisk/1740/src/fab-toolbar-master/sample/build/outputs/apk/sample-release-unsigned.apk
