2018-04-04 15:50:42,210 INFO  DownloadService - Downloading "https://github.com/polok/PinCodePicker/archive/master.zip", attempt 3
2018-04-04 15:50:43,139 INFO  DownloadService - Downloaded https://github.com/polok/PinCodePicker/archive/master.zip, attempt 3
2018-04-04 15:50:43,140 INFO  DownloadService - Size of file "/tmp/rdisk/1725/master.zip": 315 KB
2018-04-04 15:50:43,140 INFO  ArchiveUtils - Checking entries [.gradle] in ZIP file...
2018-04-04 15:50:43,140 INFO  ArchiveUtils - Has entries [.gradle] in ZIP file /tmp/rdisk/1725/master.zip: true
2018-04-04 15:50:43,140 DEBUG ZipUtil - Extracting '/tmp/rdisk/1725/master.zip' into '/tmp/rdisk/1725/src'.
2018-04-04 15:50:43,151 INFO  FullProcessService - Size of directory with sources: 354 KB
2018-04-04 15:50:43,152 INFO  SysUtils - Execute command: [git, init, /tmp/rdisk/1725/src]
2018-04-04 15:50:43,159 INFO  SysUtils - Initialized empty Git repository in /tmp/rdisk/1725/src/.git/

2018-04-04 15:50:43,161 INFO  ProjectBuildService - Gradle wrapper(s): /tmp/rdisk/1725/src/PinCodePicker-master/gradlew
2018-04-04 15:50:43,164 INFO  ProjectBuildService - Build script(s): /tmp/rdisk/1725/src/PinCodePicker-master/app/build.gradle /tmp/rdisk/1725/src/PinCodePicker-master/library/build.gradle /tmp/rdisk/1725/src/PinCodePicker-master/build.gradle
2018-04-04 15:50:43,167 INFO  ProjectBuildService - All script(s): /tmp/rdisk/1725/src/PinCodePicker-master/settings.gradle /tmp/rdisk/1725/src/PinCodePicker-master/library/build.gradle /tmp/rdisk/1725/src/PinCodePicker-master/build.gradle /tmp/rdisk/1725/src/PinCodePicker-master/app/build.gradle
2018-04-04 15:50:43,167 INFO  DownloadService - Downloading "https://raw.github.com/chrisbanes/gradle-mvn-push/master/gradle-mvn-push.gradle", attempt 3
2018-04-04 15:50:43,777 INFO  DownloadService - Downloaded https://raw.github.com/chrisbanes/gradle-mvn-push/master/gradle-mvn-push.gradle, attempt 3
2018-04-04 15:50:43,777 INFO  ProjectBuildService - Remote scripts: https://raw.github.com/chrisbanes/gradle-mvn-push/master/gradle-mvn-push.gradle
2018-04-04 15:50:43,778 INFO  ProjectFixService - Fixing project...
2018-04-04 15:50:43,785 INFO  LocalPropertiesFixService - Created fake /tmp/rdisk/1725/src/PinCodePicker-master/app/local.properties
2018-04-04 15:50:43,785 INFO  ProjectFixService - Build info for "/tmp/rdisk/1725/src/PinCodePicker-master/app/build.gradle": [buildToolsVersion=21.1.2,compileSdkVersion=21,minSdkVersion=11,targetSdkVersion=21]
2018-04-04 15:50:43,786 INFO  LocalPropertiesFixService - Created fake /tmp/rdisk/1725/src/PinCodePicker-master/library/local.properties
2018-04-04 15:50:43,786 INFO  ProjectFixService - Build info for "/tmp/rdisk/1725/src/PinCodePicker-master/library/build.gradle": [buildToolsVersion=21.1.2,compileSdkVersion=21,minSdkVersion=11,targetSdkVersion=21]
2018-04-04 15:50:43,786 INFO  LocalPropertiesFixService - Created fake /tmp/rdisk/1725/src/PinCodePicker-master/local.properties
2018-04-04 15:50:43,787 INFO  WrapperPropertiesFixService - Gradle wrapper: https://services.gradle.org/distributions/gradle-2.2.1-all.zip
2018-04-04 15:50:43,787 INFO  WrapperPropertiesFixService - Gradle wrapper was changed from "-all.zip" to "-bin.zip" (https://services.gradle.org/distributions/gradle-2.2.1-bin.zip)
2018-04-04 15:50:43,788 INFO  ProjectFixService - Build info for "/tmp/rdisk/1725/src/PinCodePicker-master/build.gradle": [buildToolsVersion=21.1.2,compileSdkVersion=21,minSdkVersion=11,targetSdkVersion=21]
2018-04-04 15:50:43,788 INFO  ProjectFixService - Project was maybe fixed
2018-04-04 15:50:43,788 INFO  ProjectTaskService - Detecting possible tasks...
2018-04-04 15:50:43,788 INFO  SysUtils - Execute command: [/tmp/rdisk/1725/src/PinCodePicker-master/gradlew, -b, /tmp/rdisk/1725/src/PinCodePicker-master/app/build.gradle, -Dorg.gradle.daemon=false, -Dorg.gradle.daemon.performance.enable-monitoring=false, -Dorg.gradle.configureondemand=true, tasks]
2018-04-04 15:50:53,140 INFO  ProjectTaskService - Detected possible tasks: 63
2018-04-04 15:50:53,140 INFO  ProjectTaskService - Excluded tasks (20): lintDebug mockableAndroidJar androidJavadocs deviceCheck lint androidSourcesJar uninstallRelease uninstallDebugAndroidTest installDebugAndroidTest connectedCheck uninstallAll androidJavadocsJar testRelease test check connectedAndroidTest installDebug lintRelease testDebug uninstallDebug
2018-04-04 15:50:53,140 INFO  SysUtils - Execute command: [/tmp/rdisk/1725/src/PinCodePicker-master/gradlew, -b, /tmp/rdisk/1725/src/PinCodePicker-master/app/build.gradle, -Dorg.gradle.daemon=false, -Dorg.gradle.daemon.performance.enable-monitoring=false, -Dorg.gradle.configureondemand=true, --stacktrace, -x, lintDebug, -x, mockableAndroidJar, -x, androidJavadocs, -x, deviceCheck, -x, lint, -x, androidSourcesJar, -x, uninstallRelease, -x, uninstallDebugAndroidTest, -x, installDebugAndroidTest, -x, connectedCheck, -x, uninstallAll, -x, androidJavadocsJar, -x, testRelease, -x, test, -x, check, -x, connectedAndroidTest, -x, installDebug, -x, lintRelease, -x, testDebug, -x, uninstallDebug, build]
2018-04-04 15:51:00,182 ERROR SysUtils - Could not process external command
org.apache.commons.exec.ExecuteException: Process exited with an error: 1 (Exit value: 1)
	at org.apache.commons.exec.DefaultExecutor.executeInternal(DefaultExecutor.java:404)
	at org.apache.commons.exec.DefaultExecutor.execute(DefaultExecutor.java:166)
	at com.github.vbauer.apkmaster.util.SysUtils.execute(SysUtils.java:67)
	at com.github.vbauer.apkmaster.util.SysUtils.executeSimple(SysUtils.java:43)
	at com.github.vbauer.apkmaster.service.assembly.ProjectBuildService.buildProject(ProjectBuildService.java:78)
	at com.github.vbauer.apkmaster.service.assembly.ProjectBuildService.buildProject(ProjectBuildService.java:64)
	at com.github.vbauer.apkmaster.service.assembly.ProjectBuildService.buildProject(ProjectBuildService.java:43)
	at com.github.vbauer.apkmaster.service.FullProcessService.build(FullProcessService.java:84)
	at com.github.vbauer.apkmaster.service.FullProcessService.process(FullProcessService.java:34)
	at com.github.vbauer.apkmaster.app.MainApplication.process(MainApplication.java:38)
	at com.github.vbauer.apkmaster.app.MainApplication.main(MainApplication.java:20)
	at sun.reflect.GeneratedMethodAccessor8.invoke(Unknown Source)
	at sun.reflect.DelegatingMethodAccessorImpl.invoke(DelegatingMethodAccessorImpl.java:43)
	at java.lang.reflect.Method.invoke(Method.java:498)
	at com.android.arsenal.util.ReflectionUtils.invoke(ReflectionUtils.java:42)
	at com.android.arsenal.util.ApkMasterUtils.main(ApkMasterUtils.java:30)
	at com.android.arsenal.service.processor.impl.BuildProcessorServiceImpl.buildProject(BuildProcessorServiceImpl.java:197)
	at com.android.arsenal.service.processor.impl.BuildProcessorServiceImpl.build(BuildProcessorServiceImpl.java:131)
	at com.android.arsenal.service.processor.impl.BuildProcessorServiceImpl.lambda$null$1(BuildProcessorServiceImpl.java:114)
	at java.util.concurrent.FutureTask.run(FutureTask.java:266)
	at java.util.concurrent.Executors$RunnableAdapter.call(Executors.java:511)
	at java.util.concurrent.FutureTask.run(FutureTask.java:266)
	at java.util.concurrent.ThreadPoolExecutor.runWorker(ThreadPoolExecutor.java:1149)
	at java.util.concurrent.ThreadPoolExecutor$Worker.run(ThreadPoolExecutor.java:624)
	at java.lang.Thread.run(Thread.java:748)
2018-04-04 15:51:00,182 INFO  SysUtils - Configuration on demand is an incubating feature.

FAILURE: Build failed with an exception.

* What went wrong:
Task 'androidJavadocs' not found in project ':app'.

* Try:
Run gradlew tasks to get a list of available tasks. Run with --info or --debug option to get more log output.

* Exception is:
org.gradle.execution.TaskSelectionException: Task 'androidJavadocs' not found in project ':app'.
	at org.gradle.execution.TaskSelector.getSelection(TaskSelector.java:101)
	at org.gradle.execution.TaskSelector.getFilter(TaskSelector.java:64)
	at org.gradle.execution.ExcludedTaskFilteringBuildConfigurationAction.configure(ExcludedTaskFilteringBuildConfigurationAction.java:42)
	at org.gradle.execution.DefaultBuildExecuter.configure(DefaultBuildExecuter.java:42)
	at org.gradle.execution.DefaultBuildExecuter.access$100(DefaultBuildExecuter.java:23)
	at org.gradle.execution.DefaultBuildExecuter$1.proceed(DefaultBuildExecuter.java:48)
	at org.gradle.execution.DefaultTasksBuildExecutionAction.configure(DefaultTasksBuildExecutionAction.java:44)
	at org.gradle.execution.DefaultBuildExecuter.configure(DefaultBuildExecuter.java:42)
	at org.gradle.execution.DefaultBuildExecuter.select(DefaultBuildExecuter.java:35)
	at org.gradle.initialization.DefaultGradleLauncher.doBuildStages(DefaultGradleLauncher.java:142)
	at org.gradle.initialization.DefaultGradleLauncher.doBuild(DefaultGradleLauncher.java:106)
	at org.gradle.initialization.DefaultGradleLauncher.run(DefaultGradleLauncher.java:86)
	at org.gradle.launcher.exec.InProcessBuildActionExecuter$DefaultBuildController.run(InProcessBuildActionExecuter.java:80)
	at org.gradle.launcher.cli.ExecuteBuildAction.run(ExecuteBuildAction.java:33)
	at org.gradle.launcher.cli.ExecuteBuildAction.run(ExecuteBuildAction.java:24)
	at org.gradle.launcher.exec.InProcessBuildActionExecuter.execute(InProcessBuildActionExecuter.java:36)
	at org.gradle.launcher.exec.InProcessBuildActionExecuter.execute(InProcessBuildActionExecuter.java:26)
	at org.gradle.launcher.cli.RunBuildAction.run(RunBuildAction.java:51)
	at org.gradle.internal.Actions$RunnableActionAdapter.execute(Actions.java:171)
	at org.gradle.launcher.cli.CommandLineActionFactory$ParseAndBuildAction.execute(CommandLineActionFactory.java:237)
	at org.gradle.launcher.cli.CommandLineActionFactory$ParseAndBuildAction.execute(CommandLineActionFactory.java:210)
	at org.gradle.launcher.cli.JavaRuntimeValidationAction.execute(JavaRuntimeValidationAction.java:35)
	at org.gradle.launcher.cli.JavaRuntimeValidationAction.execute(JavaRuntimeValidationAction.java:24)
	at org.gradle.launcher.cli.CommandLineActionFactory$WithLogging.execute(CommandLineActionFactory.java:206)
	at org.gradle.launcher.cli.CommandLineActionFactory$WithLogging.execute(CommandLineActionFactory.java:169)
	at org.gradle.launcher.cli.ExceptionReportingAction.execute(ExceptionReportingAction.java:33)
	at org.gradle.launcher.cli.ExceptionReportingAction.execute(ExceptionReportingAction.java:22)
	at org.gradle.launcher.Main.doAction(Main.java:33)
	at org.gradle.launcher.bootstrap.EntryPoint.run(EntryPoint.java:45)
	at org.gradle.launcher.bootstrap.ProcessBootstrap.runNoExit(ProcessBootstrap.java:54)
	at org.gradle.launcher.bootstrap.ProcessBootstrap.run(ProcessBootstrap.java:35)
	at org.gradle.launcher.GradleMain.main(GradleMain.java:23)
	at org.gradle.wrapper.BootstrapMainStarter.start(BootstrapMainStarter.java:33)
	at org.gradle.wrapper.WrapperExecutor.execute(WrapperExecutor.java:130)
	at org.gradle.wrapper.GradleWrapperMain.main(GradleWrapperMain.java:48)


BUILD FAILED

Total time: 6.616 secs

2018-04-04 15:51:00,182 ERROR ProjectBuildService - Excluded tasks were detected wrong
2018-04-04 15:51:00,182 INFO  SysUtils - Execute command: [/tmp/rdisk/1725/src/PinCodePicker-master/gradlew, -b, /tmp/rdisk/1725/src/PinCodePicker-master/app/build.gradle, -Dorg.gradle.daemon=false, -Dorg.gradle.daemon.performance.enable-monitoring=false, -Dorg.gradle.configureondemand=true, --stacktrace, build]
2018-04-04 15:51:35,808 INFO  SysUtils - Configuration on demand is an incubating feature.
:app:preBuild UP-TO-DATE
:app:preDebugBuild UP-TO-DATE
:app:compileDebugNdk UP-TO-DATE
:app:checkDebugManifest
:app:preReleaseBuild UP-TO-DATE
:library:compileLint
:library:copyReleaseLint UP-TO-DATE
:library:preBuild UP-TO-DATE
:library:preReleaseBuild UP-TO-DATE
:library:checkReleaseManifest
:library:preDebugAndroidTestBuild UP-TO-DATE
:library:preDebugBuild UP-TO-DATE
:library:prepareComAndroidSupportAppcompatV72103Library
:library:prepareComAndroidSupportRecyclerviewV72103Library
:library:prepareComAndroidSupportSupportV42103Library
:library:prepareReleaseDependencies
:library:compileReleaseAidl
:library:compileReleaseRenderscript
:library:generateReleaseBuildConfig
:library:generateReleaseAssets UP-TO-DATE
:library:mergeReleaseAssets
:library:generateReleaseResValues
:library:generateReleaseResources
:library:mergeReleaseResources
:library:processReleaseManifest
:library:processReleaseResources
:library:generateReleaseSources
:library:compileReleaseJava
:library:extractReleaseAnnotations
:library:mergeReleaseProguardFiles
:library:processReleaseJavaRes UP-TO-DATE
:library:packageReleaseJar
:library:compileReleaseNdk UP-TO-DATE
:library:packageReleaseJniLibs UP-TO-DATE
:library:packageReleaseLocalJar UP-TO-DATE
:library:packageReleaseRenderscript UP-TO-DATE
:library:packageReleaseResources
:library:bundleRelease
:app:prepareComAndroidSupportAppcompatV72103Library
:app:prepareComAndroidSupportRecyclerviewV72103Library
:app:prepareComAndroidSupportSupportV42103Library
:app:preparePinCodePickerMasterLibraryUnspecifiedLibrary
:app:prepareDebugDependencies
:app:compileDebugAidl
:app:compileDebugRenderscript
:app:generateDebugBuildConfig
:app:generateDebugAssets UP-TO-DATE
:app:mergeDebugAssets
:app:generateDebugResValues
:app:generateDebugResources
:app:mergeDebugResources/tmp/rdisk/1725/src/PinCodePicker-master/app/build/intermediates/exploded-aar/com.android.support/appcompat-v7/21.0.3/res/drawable-xhdpi/abc_ab_share_pack_holo_dark.9.png: libpng warning: iCCP: Not recognizing known sRGB profile that has been edited

/tmp/rdisk/1725/src/PinCodePicker-master/app/build/intermediates/exploded-aar/com.android.support/appcompat-v7/21.0.3/res/drawable-hdpi/abc_spinner_mtrl_am_alpha.9.png: libpng warning: iCCP: Not recognizing known sRGB profile that has been edited

/tmp/rdisk/1725/src/PinCodePicker-master/app/build/intermediates/exploded-aar/com.android.support/appcompat-v7/21.0.3/res/drawable-mdpi/abc_ab_share_pack_holo_dark.9.png: libpng warning: iCCP: Not recognizing known sRGB profile that has been edited

/tmp/rdisk/1725/src/PinCodePicker-master/app/build/intermediates/exploded-aar/com.android.support/appcompat-v7/21.0.3/res/drawable-hdpi/abc_ab_share_pack_holo_light.9.png: libpng warning: iCCP: Not recognizing known sRGB profile that has been edited

/tmp/rdisk/1725/src/PinCodePicker-master/app/build/intermediates/exploded-aar/com.android.support/appcompat-v7/21.0.3/res/drawable-hdpi/abc_ab_share_pack_holo_dark.9.png: libpng warning: iCCP: Not recognizing known sRGB profile that has been edited

/tmp/rdisk/1725/src/PinCodePicker-master/app/build/intermediates/exploded-aar/com.android.support/appcompat-v7/21.0.3/res/drawable-xhdpi/abc_ab_share_pack_holo_light.9.png: libpng warning: iCCP: Not recognizing known sRGB profile that has been edited


:app:processDebugManifest
:app:processDebugResources
:app:generateDebugSources
:app:compileDebugJava
:app:preDexDebug
:app:dexDebug
:app:processDebugJavaRes UP-TO-DATE
:app:validateDebugSigning
:app:packageDebug
:app:zipalignDebug
:app:assembleDebug
:app:checkReleaseManifest
:app:prepareReleaseDependencies
:app:compileReleaseAidl
:app:compileReleaseRenderscript
:app:generateReleaseBuildConfig
:app:generateReleaseAssets UP-TO-DATE
:app:mergeReleaseAssets
:app:generateReleaseResValues
:app:generateReleaseResources
:app:mergeReleaseResources/tmp/rdisk/1725/src/PinCodePicker-master/app/build/intermediates/exploded-aar/com.android.support/appcompat-v7/21.0.3/res/drawable-xhdpi/abc_ab_share_pack_holo_dark.9.png: libpng warning: iCCP: Not recognizing known sRGB profile that has been edited

/tmp/rdisk/1725/src/PinCodePicker-master/app/build/intermediates/exploded-aar/com.android.support/appcompat-v7/21.0.3/res/drawable-hdpi/abc_spinner_mtrl_am_alpha.9.png: libpng warning: iCCP: Not recognizing known sRGB profile that has been edited

/tmp/rdisk/1725/src/PinCodePicker-master/app/build/intermediates/exploded-aar/com.android.support/appcompat-v7/21.0.3/res/drawable-mdpi/abc_ab_share_pack_holo_dark.9.png: libpng warning: iCCP: Not recognizing known sRGB profile that has been edited

/tmp/rdisk/1725/src/PinCodePicker-master/app/build/intermediates/exploded-aar/com.android.support/appcompat-v7/21.0.3/res/drawable-hdpi/abc_ab_share_pack_holo_light.9.png: libpng warning: iCCP: Not recognizing known sRGB profile that has been edited

/tmp/rdisk/1725/src/PinCodePicker-master/app/build/intermediates/exploded-aar/com.android.support/appcompat-v7/21.0.3/res/drawable-hdpi/abc_ab_share_pack_holo_dark.9.png: libpng warning: iCCP: Not recognizing known sRGB profile that has been edited

/tmp/rdisk/1725/src/PinCodePicker-master/app/build/intermediates/exploded-aar/com.android.support/appcompat-v7/21.0.3/res/drawable-xhdpi/abc_ab_share_pack_holo_light.9.png: libpng warning: iCCP: Not recognizing known sRGB profile that has been edited


:app:processReleaseManifest
:app:processReleaseResources
:app:generateReleaseSources
:app:compileReleaseJava
:app:lintVitalRelease SKIPPED
:app:compileReleaseNdk UP-TO-DATE
:app:preDexRelease
:app:dexRelease
:app:processReleaseJavaRes UP-TO-DATE
:app:packageRelease
:app:assembleRelease
:app:assemble
:app:compileLint
:app:lint
Ran lint on variant debug: 5 issues found
Ran lint on variant release: 5 issues found
Wrote HTML report to file:/tmp/rdisk/1725/src/PinCodePicker-master/app/build/outputs/lint-results.html
Wrote XML report to /tmp/rdisk/1725/src/PinCodePicker-master/app/build/outputs/lint-results.xml
:app:preCompileDebugUnitTestJava
:app:compileDebugUnitTestJava UP-TO-DATE
:app:compileDebugUnitTestSources UP-TO-DATE
:app:mockableAndroidJar
:app:assembleDebugUnitTest
:app:testDebug
:app:preCompileReleaseUnitTestJava
:app:compileReleaseUnitTestJava UP-TO-DATE
:app:compileReleaseUnitTestSources UP-TO-DATE
:app:assembleReleaseUnitTest
:app:testRelease
:app:test
:app:check
:app:build

BUILD SUCCESSFUL

Total time: 35.206 secs

2018-04-04 15:51:35,865 INFO  FullProcessService - Found APK file: /tmp/rdisk/1725/src/PinCodePicker-master/app/build/outputs/apk/app-debug.apk
