2018-05-11 13:45:18,915 INFO  DownloadService - Downloading "https://github.com/rey5137/Material/archive/master.zip", attempt 3
2018-05-11 13:45:19,791 INFO  DownloadService - Downloaded https://github.com/rey5137/Material/archive/master.zip, attempt 3
2018-05-11 13:45:19,792 INFO  DownloadService - Size of file "/tmp/rdisk/1685/master.zip": 3 MB
2018-05-11 13:45:19,792 INFO  ArchiveUtils - Checking entries [.gradle] in ZIP file...
2018-05-11 13:45:19,792 INFO  ArchiveUtils - Has entries [.gradle] in ZIP file /tmp/rdisk/1685/master.zip: true
2018-05-11 13:45:19,792 DEBUG ZipUtil - Extracting '/tmp/rdisk/1685/master.zip' into '/tmp/rdisk/1685/src'.
2018-05-11 13:45:19,853 INFO  FullProcessService - Size of directory with sources: 4 MB
2018-05-11 13:45:19,853 INFO  SysUtils - Execute command: [git, init, /tmp/rdisk/1685/src]
2018-05-11 13:45:19,863 INFO  SysUtils - Initialized empty Git repository in /tmp/rdisk/1685/src/.git/

2018-05-11 13:45:19,868 INFO  ProjectBuildService - Gradle wrapper(s): /tmp/rdisk/1685/src/material-master/gradlew
2018-05-11 13:45:19,873 INFO  ProjectBuildService - Build script(s): /tmp/rdisk/1685/src/material-master/app/build.gradle /tmp/rdisk/1685/src/material-master/material/build.gradle /tmp/rdisk/1685/src/material-master/build.gradle
2018-05-11 13:45:19,878 INFO  ProjectBuildService - All script(s): /tmp/rdisk/1685/src/material-master/settings.gradle /tmp/rdisk/1685/src/material-master/material/build.gradle /tmp/rdisk/1685/src/material-master/dist/maven.gradle /tmp/rdisk/1685/src/material-master/dist/distInfo.gradle /tmp/rdisk/1685/src/material-master/dist/bintray.gradle /tmp/rdisk/1685/src/material-master/build.gradle /tmp/rdisk/1685/src/material-master/app/build.gradle
2018-05-11 13:45:19,879 INFO  ProjectBuildService - Remote scripts: none
2018-05-11 13:45:19,879 INFO  ProjectFixService - Fixing project...
2018-05-11 13:45:19,891 INFO  LocalPropertiesFixService - Created fake /tmp/rdisk/1685/src/material-master/app/local.properties
2018-05-11 13:45:19,892 INFO  ProjectFixService - Build info for "/tmp/rdisk/1685/src/material-master/app/build.gradle": [buildToolsVersion=23.0.3,compileSdkVersion=23,minSdkVersion=9,targetSdkVersion=23]
2018-05-11 13:45:19,892 INFO  LocalPropertiesFixService - Created fake /tmp/rdisk/1685/src/material-master/material/local.properties
2018-05-11 13:45:19,892 INFO  ProjectFixService - Build info for "/tmp/rdisk/1685/src/material-master/material/build.gradle": [buildToolsVersion=23.0.3,compileSdkVersion=23,minSdkVersion=9,targetSdkVersion=23]
2018-05-11 13:45:19,892 INFO  LocalPropertiesFixService - Created fake /tmp/rdisk/1685/src/material-master/local.properties
2018-05-11 13:45:19,893 INFO  WrapperPropertiesFixService - Gradle wrapper: https://services.gradle.org/distributions/gradle-2.10-all.zip
2018-05-11 13:45:19,893 INFO  WrapperPropertiesFixService - Gradle wrapper was changed from "-all.zip" to "-bin.zip" (https://services.gradle.org/distributions/gradle-2.10-bin.zip)
2018-05-11 13:45:19,894 INFO  ProjectFixService - Build info for "/tmp/rdisk/1685/src/material-master/build.gradle": [buildToolsVersion=23.0.3,compileSdkVersion=23,minSdkVersion=9,targetSdkVersion=23]
2018-05-11 13:45:19,894 INFO  ProjectFixService - Project was maybe fixed
2018-05-11 13:45:19,894 INFO  ProjectTaskService - Detecting possible tasks...
2018-05-11 13:45:19,894 INFO  SysUtils - Execute command: [/tmp/rdisk/1685/src/material-master/gradlew, -b, /tmp/rdisk/1685/src/material-master/app/build.gradle, -Dorg.gradle.daemon=false, -Dorg.gradle.daemon.performance.enable-monitoring=false, -Dorg.gradle.configureondemand=true, tasks]
2018-05-11 13:45:25,661 ERROR ProjectTaskService - Could not detect possible Gradle tasks: Process exited with an error: 1 (Exit value: 1)
2018-05-11 13:45:25,662 INFO  ProjectTaskService - Detected possible tasks: 0
2018-05-11 13:45:25,662 INFO  ProjectTaskService - Excluded tasks (0): none
2018-05-11 13:45:25,662 INFO  SysUtils - Execute command: [/tmp/rdisk/1685/src/material-master/gradlew, -b, /tmp/rdisk/1685/src/material-master/app/build.gradle, -Dorg.gradle.daemon=false, -Dorg.gradle.daemon.performance.enable-monitoring=false, -Dorg.gradle.configureondemand=true, --stacktrace, build]
2018-05-11 13:45:30,925 ERROR SysUtils - Could not process external command
org.apache.commons.exec.ExecuteException: Process exited with an error: 1 (Exit value: 1)
	at org.apache.commons.exec.DefaultExecutor.executeInternal(DefaultExecutor.java:404)
	at org.apache.commons.exec.DefaultExecutor.execute(DefaultExecutor.java:166)
	at com.github.vbauer.apkmaster.util.SysUtils.execute(SysUtils.java:67)
	at com.github.vbauer.apkmaster.util.SysUtils.executeSimple(SysUtils.java:43)
	at com.github.vbauer.apkmaster.service.assembly.ProjectBuildService.buildProject(ProjectBuildService.java:78)
	at com.github.vbauer.apkmaster.service.assembly.ProjectBuildService.buildProject(ProjectBuildService.java:64)
	at com.github.vbauer.apkmaster.service.assembly.ProjectBuildService.buildProject(ProjectBuildService.java:43)
	at com.github.vbauer.apkmaster.service.FullProcessService.build(FullProcessService.java:84)
	at com.github.vbauer.apkmaster.service.FullProcessService.process(FullProcessService.java:34)
	at com.github.vbauer.apkmaster.app.MainApplication.process(MainApplication.java:38)
	at com.github.vbauer.apkmaster.app.MainApplication.main(MainApplication.java:20)
	at sun.reflect.GeneratedMethodAccessor8.invoke(Unknown Source)
	at sun.reflect.DelegatingMethodAccessorImpl.invoke(DelegatingMethodAccessorImpl.java:43)
	at java.lang.reflect.Method.invoke(Method.java:498)
	at com.android.arsenal.util.ReflectionUtils.invoke(ReflectionUtils.java:42)
	at com.android.arsenal.util.ApkMasterUtils.main(ApkMasterUtils.java:30)
	at com.android.arsenal.service.processor.impl.BuildProcessorServiceImpl.buildProject(BuildProcessorServiceImpl.java:197)
	at com.android.arsenal.service.processor.impl.BuildProcessorServiceImpl.build(BuildProcessorServiceImpl.java:131)
	at com.android.arsenal.service.processor.impl.BuildProcessorServiceImpl.lambda$null$1(BuildProcessorServiceImpl.java:114)
	at java.util.concurrent.FutureTask.run(FutureTask.java:266)
	at java.util.concurrent.Executors$RunnableAdapter.call(Executors.java:511)
	at java.util.concurrent.FutureTask.run(FutureTask.java:266)
	at java.util.concurrent.ThreadPoolExecutor.runWorker(ThreadPoolExecutor.java:1149)
	at java.util.concurrent.ThreadPoolExecutor$Worker.run(ThreadPoolExecutor.java:624)
	at java.lang.Thread.run(Thread.java:748)
2018-05-11 13:45:30,926 INFO  SysUtils - Configuration on demand is an incubating feature.

FAILURE: Build failed with an exception.

* Where:
Build file '/tmp/rdisk/1685/src/material-master/app/build.gradle' line: 25

* What went wrong:
A problem occurred evaluating project ':app'.
> Neither path nor baseDir may be null or empty string. path='' basedir='/tmp/rdisk/1685/src/material-master/app'

* Try:
Run with --info or --debug option to get more log output.

* Exception is:
org.gradle.api.GradleScriptException: A problem occurred evaluating project ':app'.
	at org.gradle.groovy.scripts.internal.DefaultScriptRunnerFactory$ScriptRunnerImpl.run(DefaultScriptRunnerFactory.java:93)
	at org.gradle.configuration.DefaultScriptPluginFactory$ScriptPluginImpl$1.run(DefaultScriptPluginFactory.java:144)
	at org.gradle.configuration.ProjectScriptTarget.addConfiguration(ProjectScriptTarget.java:72)
	at org.gradle.configuration.DefaultScriptPluginFactory$ScriptPluginImpl.apply(DefaultScriptPluginFactory.java:149)
	at org.gradle.configuration.project.BuildScriptProcessor.execute(BuildScriptProcessor.java:38)
	at org.gradle.configuration.project.BuildScriptProcessor.execute(BuildScriptProcessor.java:25)
	at org.gradle.configuration.project.ConfigureActionsProjectEvaluator.evaluate(ConfigureActionsProjectEvaluator.java:34)
	at org.gradle.configuration.project.LifecycleProjectEvaluator.evaluate(LifecycleProjectEvaluator.java:55)
	at org.gradle.api.internal.project.AbstractProject.evaluate(AbstractProject.java:510)
	at org.gradle.api.internal.project.AbstractProject.evaluate(AbstractProject.java:90)
	at org.gradle.execution.TaskPathProjectEvaluator.configureHierarchy(TaskPathProjectEvaluator.java:42)
	at org.gradle.execution.TaskSelector.getSelection(TaskSelector.java:84)
	at org.gradle.execution.TaskSelector.getSelection(TaskSelector.java:75)
	at org.gradle.execution.commandline.CommandLineTaskParser.parseTasks(CommandLineTaskParser.java:42)
	at org.gradle.execution.TaskNameResolvingBuildConfigurationAction.configure(TaskNameResolvingBuildConfigurationAction.java:44)
	at org.gradle.execution.DefaultBuildConfigurationActionExecuter.configure(DefaultBuildConfigurationActionExecuter.java:48)
	at org.gradle.execution.DefaultBuildConfigurationActionExecuter.access$000(DefaultBuildConfigurationActionExecuter.java:25)
	at org.gradle.execution.DefaultBuildConfigurationActionExecuter$1.proceed(DefaultBuildConfigurationActionExecuter.java:54)
	at org.gradle.execution.DefaultTasksBuildExecutionAction.configure(DefaultTasksBuildExecutionAction.java:44)
	at org.gradle.execution.DefaultBuildConfigurationActionExecuter.configure(DefaultBuildConfigurationActionExecuter.java:48)
	at org.gradle.execution.DefaultBuildConfigurationActionExecuter.access$000(DefaultBuildConfigurationActionExecuter.java:25)
	at org.gradle.execution.DefaultBuildConfigurationActionExecuter$1.proceed(DefaultBuildConfigurationActionExecuter.java:54)
	at org.gradle.execution.ExcludedTaskFilteringBuildConfigurationAction.configure(ExcludedTaskFilteringBuildConfigurationAction.java:47)
	at org.gradle.execution.DefaultBuildConfigurationActionExecuter.configure(DefaultBuildConfigurationActionExecuter.java:48)
	at org.gradle.execution.DefaultBuildConfigurationActionExecuter.select(DefaultBuildConfigurationActionExecuter.java:36)
	at org.gradle.initialization.DefaultGradleLauncher$3.run(DefaultGradleLauncher.java:143)
	at org.gradle.internal.Factories$1.create(Factories.java:22)
	at org.gradle.internal.progress.DefaultBuildOperationExecutor.run(DefaultBuildOperationExecutor.java:90)
	at org.gradle.internal.progress.DefaultBuildOperationExecutor.run(DefaultBuildOperationExecutor.java:52)
	at org.gradle.initialization.DefaultGradleLauncher.doBuildStages(DefaultGradleLauncher.java:140)
	at org.gradle.initialization.DefaultGradleLauncher.access$200(DefaultGradleLauncher.java:32)
	at org.gradle.initialization.DefaultGradleLauncher$1.create(DefaultGradleLauncher.java:99)
	at org.gradle.initialization.DefaultGradleLauncher$1.create(DefaultGradleLauncher.java:93)
	at org.gradle.internal.progress.DefaultBuildOperationExecutor.run(DefaultBuildOperationExecutor.java:90)
	at org.gradle.internal.progress.DefaultBuildOperationExecutor.run(DefaultBuildOperationExecutor.java:62)
	at org.gradle.initialization.DefaultGradleLauncher.doBuild(DefaultGradleLauncher.java:93)
	at org.gradle.initialization.DefaultGradleLauncher.run(DefaultGradleLauncher.java:82)
	at org.gradle.launcher.exec.InProcessBuildActionExecuter$DefaultBuildController.run(InProcessBuildActionExecuter.java:94)
	at org.gradle.tooling.internal.provider.ExecuteBuildActionRunner.run(ExecuteBuildActionRunner.java:28)
	at org.gradle.launcher.exec.ChainingBuildActionRunner.run(ChainingBuildActionRunner.java:35)
	at org.gradle.launcher.exec.InProcessBuildActionExecuter.execute(InProcessBuildActionExecuter.java:43)
	at org.gradle.launcher.exec.InProcessBuildActionExecuter.execute(InProcessBuildActionExecuter.java:28)
	at org.gradle.launcher.exec.ContinuousBuildActionExecuter.execute(ContinuousBuildActionExecuter.java:78)
	at org.gradle.launcher.exec.ContinuousBuildActionExecuter.execute(ContinuousBuildActionExecuter.java:48)
	at org.gradle.launcher.exec.DaemonUsageSuggestingBuildActionExecuter.execute(DaemonUsageSuggestingBuildActionExecuter.java:51)
	at org.gradle.launcher.exec.DaemonUsageSuggestingBuildActionExecuter.execute(DaemonUsageSuggestingBuildActionExecuter.java:28)
	at org.gradle.launcher.cli.RunBuildAction.run(RunBuildAction.java:43)
	at org.gradle.internal.Actions$RunnableActionAdapter.execute(Actions.java:170)
	at org.gradle.launcher.cli.CommandLineActionFactory$ParseAndBuildAction.execute(CommandLineActionFactory.java:237)
	at org.gradle.launcher.cli.CommandLineActionFactory$ParseAndBuildAction.execute(CommandLineActionFactory.java:210)
	at org.gradle.launcher.cli.JavaRuntimeValidationAction.execute(JavaRuntimeValidationAction.java:35)
	at org.gradle.launcher.cli.JavaRuntimeValidationAction.execute(JavaRuntimeValidationAction.java:24)
	at org.gradle.launcher.cli.CommandLineActionFactory$WithLogging.execute(CommandLineActionFactory.java:206)
	at org.gradle.launcher.cli.CommandLineActionFactory$WithLogging.execute(CommandLineActionFactory.java:169)
	at org.gradle.launcher.cli.ExceptionReportingAction.execute(ExceptionReportingAction.java:33)
	at org.gradle.launcher.cli.ExceptionReportingAction.execute(ExceptionReportingAction.java:22)
	at org.gradle.launcher.Main.doAction(Main.java:33)
	at org.gradle.launcher.bootstrap.EntryPoint.run(EntryPoint.java:45)
	at org.gradle.launcher.bootstrap.ProcessBootstrap.runNoExit(ProcessBootstrap.java:54)
	at org.gradle.launcher.bootstrap.ProcessBootstrap.run(ProcessBootstrap.java:35)
	at org.gradle.launcher.GradleMain.main(GradleMain.java:23)
	at org.gradle.wrapper.BootstrapMainStarter.start(BootstrapMainStarter.java:33)
	at org.gradle.wrapper.WrapperExecutor.execute(WrapperExecutor.java:130)
	at org.gradle.wrapper.GradleWrapperMain.main(GradleWrapperMain.java:48)
Caused by: java.lang.IllegalArgumentException: Neither path nor baseDir may be null or empty string. path='' basedir='/tmp/rdisk/1685/src/material-master/app'
	at org.gradle.api.internal.file.BaseDirFileResolver.doResolve(BaseDirFileResolver.java:65)
	at org.gradle.api.internal.file.AbstractFileResolver.resolve(AbstractFileResolver.java:81)
	at org.gradle.api.internal.file.AbstractFileResolver.resolve(AbstractFileResolver.java:63)
	at org.gradle.api.internal.file.DefaultFileOperations.file(DefaultFileOperations.java:72)
	at org.gradle.api.internal.project.AbstractProject.file(AbstractProject.java:638)
	at org.gradle.groovy.scripts.DefaultScript.file(DefaultScript.java:124)
	at org.gradle.api.internal.BeanDynamicObject$GroovyObjectAdapter.invokeMethod(BeanDynamicObject.java:279)
	at org.gradle.api.internal.BeanDynamicObject.invokeMethod(BeanDynamicObject.java:130)
	at org.gradle.api.internal.ConfigureDelegate.invokeMethod(ConfigureDelegate.java:78)
	at build_esh9yh5indchna01edovggoxa$_run_closure1$_closure6$_closure8.doCall(/tmp/rdisk/1685/src/material-master/app/build.gradle:25)
	at org.gradle.api.internal.ClosureBackedAction.execute(ClosureBackedAction.java:67)
	at org.gradle.api.internal.AbstractNamedDomainObjectContainer.create(AbstractNamedDomainObjectContainer.java:59)
	at org.gradle.api.internal.AbstractNamedDomainObjectContainer.create(AbstractNamedDomainObjectContainer.java:52)
	at org.gradle.api.internal.NamedDomainObjectContainerConfigureDelegate._configure(NamedDomainObjectContainerConfigureDelegate.java:39)
	at org.gradle.api.internal.ConfigureDelegate.invokeMethod(ConfigureDelegate.java:73)
	at build_esh9yh5indchna01edovggoxa$_run_closure1$_closure6.doCall(/tmp/rdisk/1685/src/material-master/app/build.gradle:24)
	at org.gradle.api.internal.ClosureBackedAction.execute(ClosureBackedAction.java:67)
	at org.gradle.util.ConfigureUtil.configure(ConfigureUtil.java:130)
	at org.gradle.util.ConfigureUtil.configure(ConfigureUtil.java:91)
	at org.gradle.api.internal.AbstractNamedDomainObjectContainer.configure(AbstractNamedDomainObjectContainer.java:68)
	at org.gradle.api.internal.AbstractNamedDomainObjectContainer.configure(AbstractNamedDomainObjectContainer.java:24)
	at org.gradle.api.internal.ClosureBackedAction.execute(ClosureBackedAction.java:59)
	at com.android.build.gradle.BaseExtension.signingConfigs(BaseExtension.java:378)
	at com.android.build.gradle.AppExtension_Decorated.signingConfigs(Unknown Source)
	at com.android.build.gradle.AppExtension_Decorated$signingConfigs.call(Unknown Source)
	at build_esh9yh5indchna01edovggoxa$_run_closure1.doCall(/tmp/rdisk/1685/src/material-master/app/build.gradle:23)
	at org.gradle.api.internal.ClosureBackedAction.execute(ClosureBackedAction.java:67)
	at org.gradle.api.internal.plugins.ExtensionsStorage$ExtensionHolder.configure(ExtensionsStorage.java:145)
	at org.gradle.api.internal.plugins.ExtensionsStorage.configureExtension(ExtensionsStorage.java:69)
	at org.gradle.api.internal.plugins.DefaultConvention$ExtensionsDynamicObject.invokeMethod(DefaultConvention.java:207)
	at org.gradle.api.internal.CompositeDynamicObject.invokeMethod(CompositeDynamicObject.java:150)
	at org.gradle.groovy.scripts.BasicScript.methodMissing(BasicScript.java:79)
	at build_esh9yh5indchna01edovggoxa.run(/tmp/rdisk/1685/src/material-master/app/build.gradle:3)
	at org.gradle.groovy.scripts.internal.DefaultScriptRunnerFactory$ScriptRunnerImpl.run(DefaultScriptRunnerFactory.java:91)
	... 63 more


BUILD FAILED

Total time: 4.811 secs

2018-05-11 13:45:30,931 INFO  ProjectTaskService - Detecting possible tasks...
2018-05-11 13:45:30,931 INFO  SysUtils - Execute command: [/tmp/rdisk/1685/src/material-master/gradlew, -b, /tmp/rdisk/1685/src/material-master/material/build.gradle, -Dorg.gradle.daemon=false, -Dorg.gradle.daemon.performance.enable-monitoring=false, -Dorg.gradle.configureondemand=true, tasks]
2018-05-11 13:45:38,661 ERROR ProjectTaskService - Could not detect possible Gradle tasks: Process exited with an error: 1 (Exit value: 1)
2018-05-11 13:45:38,661 INFO  ProjectTaskService - Detected possible tasks: 0
2018-05-11 13:45:38,661 INFO  ProjectTaskService - Excluded tasks (0): none
2018-05-11 13:45:38,661 INFO  SysUtils - Execute command: [/tmp/rdisk/1685/src/material-master/gradlew, -b, /tmp/rdisk/1685/src/material-master/material/build.gradle, -Dorg.gradle.daemon=false, -Dorg.gradle.daemon.performance.enable-monitoring=false, -Dorg.gradle.configureondemand=true, --stacktrace, build]
2018-05-11 13:45:53,457 ERROR SysUtils - Could not process external command
org.apache.commons.exec.ExecuteException: Process exited with an error: 1 (Exit value: 1)
	at org.apache.commons.exec.DefaultExecutor.executeInternal(DefaultExecutor.java:404)
	at org.apache.commons.exec.DefaultExecutor.execute(DefaultExecutor.java:166)
	at com.github.vbauer.apkmaster.util.SysUtils.execute(SysUtils.java:67)
	at com.github.vbauer.apkmaster.util.SysUtils.executeSimple(SysUtils.java:43)
	at com.github.vbauer.apkmaster.service.assembly.ProjectBuildService.buildProject(ProjectBuildService.java:78)
	at com.github.vbauer.apkmaster.service.assembly.ProjectBuildService.buildProject(ProjectBuildService.java:64)
	at com.github.vbauer.apkmaster.service.assembly.ProjectBuildService.buildProject(ProjectBuildService.java:43)
	at com.github.vbauer.apkmaster.service.FullProcessService.build(FullProcessService.java:84)
	at com.github.vbauer.apkmaster.service.FullProcessService.process(FullProcessService.java:34)
	at com.github.vbauer.apkmaster.app.MainApplication.process(MainApplication.java:38)
	at com.github.vbauer.apkmaster.app.MainApplication.main(MainApplication.java:20)
	at sun.reflect.GeneratedMethodAccessor8.invoke(Unknown Source)
	at sun.reflect.DelegatingMethodAccessorImpl.invoke(DelegatingMethodAccessorImpl.java:43)
	at java.lang.reflect.Method.invoke(Method.java:498)
	at com.android.arsenal.util.ReflectionUtils.invoke(ReflectionUtils.java:42)
	at com.android.arsenal.util.ApkMasterUtils.main(ApkMasterUtils.java:30)
	at com.android.arsenal.service.processor.impl.BuildProcessorServiceImpl.buildProject(BuildProcessorServiceImpl.java:197)
	at com.android.arsenal.service.processor.impl.BuildProcessorServiceImpl.build(BuildProcessorServiceImpl.java:131)
	at com.android.arsenal.service.processor.impl.BuildProcessorServiceImpl.lambda$null$1(BuildProcessorServiceImpl.java:114)
	at java.util.concurrent.FutureTask.run(FutureTask.java:266)
	at java.util.concurrent.Executors$RunnableAdapter.call(Executors.java:511)
	at java.util.concurrent.FutureTask.run(FutureTask.java:266)
	at java.util.concurrent.ThreadPoolExecutor.runWorker(ThreadPoolExecutor.java:1149)
	at java.util.concurrent.ThreadPoolExecutor$Worker.run(ThreadPoolExecutor.java:624)
	at java.lang.Thread.run(Thread.java:748)
2018-05-11 13:45:53,457 INFO  SysUtils - Configuration on demand is an incubating feature.
Incremental java compilation is an incubating feature.
:material:androidJavadocs/tmp/rdisk/1685/src/material-master/material/src/main/java/com/rey/material/widget/YearPicker.java:12: error: package android.support.annotation does not exist
import android.support.annotation.NonNull;
                                 ^
/tmp/rdisk/1685/src/material-master/material/src/main/java/com/rey/material/widget/YearPicker.java:23: error: cannot find symbol
import com.rey.material.R;
                       ^
  symbol:   class R
  location: package com.rey.material
/tmp/rdisk/1685/src/material-master/material/src/main/java/com/rey/material/widget/ListView.java:4: error: package android.support.v7.widget does not exist
import android.support.v7.widget.ListViewCompat;
                                ^
/tmp/rdisk/1685/src/material-master/material/src/main/java/com/rey/material/widget/ListView.java:11: error: cannot find symbol
public class ListView extends ListViewCompat implements ThemeManager.OnThemeChangedListener{
                              ^
  symbol: class ListViewCompat
/tmp/rdisk/1685/src/material-master/material/src/main/java/com/rey/material/app/ThemeManager.java:8: error: package android.support.annotation does not exist
import android.support.annotation.NonNull;
                                 ^
/tmp/rdisk/1685/src/material-master/material/src/main/java/com/rey/material/app/ThemeManager.java:9: error: package android.support.annotation does not exist
import android.support.annotation.Nullable;
                                 ^
/tmp/rdisk/1685/src/material-master/material/src/main/java/com/rey/material/app/ThemeManager.java:10: error: package android.support.annotation does not exist
import android.support.annotation.UiThread;
                                 ^
/tmp/rdisk/1685/src/material-master/material/src/main/java/com/rey/material/app/ThemeManager.java:14: error: cannot find symbol
import com.rey.material.R;
                       ^
  symbol:   class R
  location: package com.rey.material
/tmp/rdisk/1685/src/material-master/material/src/main/java/com/rey/material/widget/YearPicker.java:304: error: cannot find symbol
    private class YearAdapter extends BaseAdapter implements OnClickListener{
                                                             ^
  symbol:   class OnClickListener
  location: class YearPicker
/tmp/rdisk/1685/src/material-master/material/src/main/java/com/rey/material/widget/ListView.java:13: error: cannot find symbol
	private RecyclerListener mRecyclerListener;
	        ^
  symbol:   class RecyclerListener
  location: class ListView
/tmp/rdisk/1685/src/material-master/material/src/main/java/com/rey/material/widget/ListView.java:88: error: cannot find symbol
    public void setRecyclerListener(RecyclerListener listener) {
                                    ^
  symbol:   class RecyclerListener
  location: class ListView
/tmp/rdisk/1685/src/material-master/material/src/main/java/com/rey/material/widget/YearPicker.java:422: error: cannot find symbol
    static class SavedState extends BaseSavedState {
                                    ^
  symbol:   class BaseSavedState
  location: class YearPicker
/tmp/rdisk/1685/src/material-master/material/src/main/java/com/rey/material/widget/YearPicker.java:461: error: cannot find symbol
        public static final Creator<SavedState> CREATOR
                            ^
  symbol:   class Creator
  location: class SavedState
/tmp/rdisk/1685/src/material-master/material/src/main/java/com/rey/material/widget/TimePicker.java:13: error: package android.support.annotation does not exist
import android.support.annotation.NonNull;
                                 ^
/tmp/rdisk/1685/src/material-master/material/src/main/java/com/rey/material/widget/TimePicker.java:22: error: cannot find symbol
import com.rey.material.R;
                       ^
  symbol:   class R
  location: package com.rey.material
/tmp/rdisk/1685/src/material-master/material/src/main/java/com/rey/material/widget/TextView.java:5: error: package android.support.annotation does not exist
import android.support.annotation.NonNull;
                                 ^
/tmp/rdisk/1685/src/material-master/material/src/main/java/com/rey/material/widget/TextView.java:6: error: package android.support.v7.widget does not exist
import android.support.v7.widget.AppCompatTextView;
                                ^
/tmp/rdisk/1685/src/material-master/material/src/main/java/com/rey/material/widget/TextView.java:15: error: cannot find symbol
public class TextView extends AppCompatTextView implements ThemeManager.OnThemeChangedListener{
                              ^
  symbol: class AppCompatTextView
/tmp/rdisk/1685/src/material-master/material/src/main/java/com/rey/material/widget/RippleManager.java:11: error: cannot find symbol
import com.rey.material.R;
                       ^
  symbol:   class R
  location: package com.rey.material
/tmp/rdisk/1685/src/material-master/material/src/main/java/com/rey/material/widget/TextView.java:118: error: cannot find symbol
    public void setOnClickListener(OnClickListener l) {
                                   ^
  symbol:   class OnClickListener
  location: class TextView
/tmp/rdisk/1685/src/material-master/material/src/main/java/com/rey/material/widget/TabPageIndicator.java:10: error: package android.support.annotation does not exist
import android.support.annotation.NonNull;
                                 ^
/tmp/rdisk/1685/src/material-master/material/src/main/java/com/rey/material/widget/TabPageIndicator.java:11: error: package android.support.annotation does not exist
import android.support.annotation.Nullable;
                                 ^
/tmp/rdisk/1685/src/material-master/material/src/main/java/com/rey/material/widget/TabPageIndicator.java:12: error: package android.support.v4.view does not exist
import android.support.v4.view.PagerAdapter;
                              ^
/tmp/rdisk/1685/src/material-master/material/src/main/java/com/rey/material/widget/TabPageIndicator.java:13: error: package android.support.v4.view does not exist
import android.support.v4.view.ViewPager;
                              ^
/tmp/rdisk/1685/src/material-master/material/src/main/java/com/rey/material/widget/TabPageIndicator.java:24: error: cannot find symbol
import com.rey.material.R;
                       ^
  symbol:   class R
  location: package com.rey.material
/tmp/rdisk/1685/src/material-master/material/src/main/java/com/rey/material/widget/TabPageIndicator.java:31: error: package ViewPager does not exist
public class TabPageIndicator extends HorizontalScrollView implements ViewPager.OnPageChangeListener, View.OnClickListener, ThemeManager.OnThemeChangedListener{
                                                                               ^
/tmp/rdisk/1685/src/material-master/material/src/main/java/com/rey/material/widget/TabPageIndicator.java:37: error: cannot find symbol
	private ViewPager mViewPager;
	        ^
  symbol:   class ViewPager
  location: class TabPageIndicator
/tmp/rdisk/1685/src/material-master/material/src/main/java/com/rey/material/widget/TabPageIndicator.java:61: error: package ViewPager does not exist
	private ViewPager.OnPageChangeListener mListener;
	                 ^
/tmp/rdisk/1685/src/material-master/material/src/main/java/com/rey/material/widget/CheckedTextView.java:5: error: package android.support.annotation does not exist
import android.support.annotation.NonNull;
                                 ^
/tmp/rdisk/1685/src/material-master/material/src/main/java/com/rey/material/widget/CheckedTextView.java:6: error: package android.support.v7.widget does not exist
import android.support.v7.widget.AppCompatCheckedTextView;
                                ^
/tmp/rdisk/1685/src/material-master/material/src/main/java/com/rey/material/widget/CheckedTextView.java:14: error: cannot find symbol
public class CheckedTextView extends AppCompatCheckedTextView implements ThemeManager.OnThemeChangedListener {
                                     ^
  symbol: class AppCompatCheckedTextView
/tmp/rdisk/1685/src/material-master/material/src/main/java/com/rey/material/widget/TabPageIndicator.java:323: error: package ViewPager does not exist
	public void setOnPageChangeListener(ViewPager.OnPageChangeListener listener) {
	                                             ^
/tmp/rdisk/1685/src/material-master/material/src/main/java/com/rey/material/widget/TabPageIndicator.java:331: error: cannot find symbol
    public void setViewPager(@Nullable ViewPager view) {
                                       ^
  symbol:   class ViewPager
  location: class TabPageIndicator
/tmp/rdisk/1685/src/material-master/material/src/main/java/com/rey/material/widget/TabPageIndicator.java:365: error: cannot find symbol
    public void setViewPager(ViewPager view, int initialPosition) {
                             ^
  symbol:   class ViewPager
  location: class TabPageIndicator
/tmp/rdisk/1685/src/material-master/material/src/main/java/com/rey/material/widget/CheckedTextView.java:141: error: cannot find symbol
    public void setOnClickListener(OnClickListener l) {
                                   ^
  symbol:   class OnClickListener
  location: class CheckedTextView
/tmp/rdisk/1685/src/material-master/material/src/main/java/com/rey/material/widget/TabIndicatorView.java:9: error: package android.support.annotation does not exist
import android.support.annotation.NonNull;
                                 ^
/tmp/rdisk/1685/src/material-master/material/src/main/java/com/rey/material/widget/TabIndicatorView.java:10: error: package android.support.v4.view does not exist
import android.support.v4.view.ViewPager;
                              ^
/tmp/rdisk/1685/src/material-master/material/src/main/java/com/rey/material/widget/TabIndicatorView.java:11: error: package android.support.v7.widget does not exist
import android.support.v7.widget.DefaultItemAnimator;
                                ^
/tmp/rdisk/1685/src/material-master/material/src/main/java/com/rey/material/widget/TabIndicatorView.java:12: error: package android.support.v7.widget does not exist
import android.support.v7.widget.LinearLayoutManager;
                                ^
/tmp/rdisk/1685/src/material-master/material/src/main/java/com/rey/material/widget/TabIndicatorView.java:13: error: package android.support.v7.widget does not exist
import android.support.v7.widget.RecyclerView;
                                ^
/tmp/rdisk/1685/src/material-master/material/src/main/java/com/rey/material/widget/TabIndicatorView.java:22: error: cannot find symbol
import com.rey.material.R;
                       ^
  symbol:   class R
  location: package com.rey.material
/tmp/rdisk/1685/src/material-master/material/src/main/java/com/rey/material/widget/TabIndicatorView.java:31: error: cannot find symbol
public class TabIndicatorView extends RecyclerView implements ThemeManager.OnThemeChangedListener{
                                      ^
  symbol: class RecyclerView
/tmp/rdisk/1685/src/material-master/material/src/main/java/com/rey/material/widget/TabIndicatorView.java:61: error: cannot find symbol
    private LayoutManager mLayoutManager;
            ^
  symbol:   class LayoutManager
  location: class TabIndicatorView
/tmp/rdisk/1685/src/material-master/material/src/main/java/com/rey/material/widget/TabIndicatorView.java:543: error: package RecyclerView does not exist
    class Adapter extends RecyclerView.Adapter<ViewHolder> implements View.OnClickListener {
                                      ^
/tmp/rdisk/1685/src/material-master/material/src/main/java/com/rey/material/widget/TabIndicatorView.java:682: error: package RecyclerView does not exist
    class ViewHolder extends RecyclerView.ViewHolder{
                                         ^
/tmp/rdisk/1685/src/material-master/material/src/main/java/com/rey/material/widget/ImageView.java:5: error: package android.support.annotation does not exist
import android.support.annotation.NonNull;
                                 ^
/tmp/rdisk/1685/src/material-master/material/src/main/java/com/rey/material/widget/ImageView.java:6: error: package android.support.v7.widget does not exist
import android.support.v7.widget.AppCompatImageView;
                                ^
/tmp/rdisk/1685/src/material-master/material/src/main/java/com/rey/material/widget/ImageView.java:17: error: cannot find symbol
public class ImageView extends AppCompatImageView implements ThemeManager.OnThemeChangedListener {
                               ^
  symbol: class AppCompatImageView
/tmp/rdisk/1685/src/material-master/material/src/main/java/com/rey/material/widget/ImageView.java:103: error: cannot find symbol
    public void setOnClickListener(OnClickListener l) {
                                   ^
  symbol:   class OnClickListener
  location: class ImageView
/tmp/rdisk/1685/src/material-master/material/src/main/java/com/rey/material/widget/TabIndicatorView.java:703: error: package ViewPager does not exist
    public static class ViewPagerIndicatorFactory extends TabIndicatorFactory implements ViewPager.OnPageChangeListener {
                                                                                                  ^
/tmp/rdisk/1685/src/material-master/material/src/main/java/com/rey/material/widget/TabIndicatorView.java:705: error: cannot find symbol
        ViewPager mViewPager;
        ^
  symbol:   class ViewPager
  location: class ViewPagerIndicatorFactory
/tmp/rdisk/1685/src/material-master/material/src/main/java/com/rey/material/widget/TabIndicatorView.java:707: error: cannot find symbol
        public ViewPagerIndicatorFactory(ViewPager vp){
                                         ^
  symbol:   class ViewPager
  location: class ViewPagerIndicatorFactory
/tmp/rdisk/1685/src/material-master/material/src/main/java/com/rey/material/widget/Switch.java:16: error: package android.support.annotation does not exist
import android.support.annotation.NonNull;
                                 ^
/tmp/rdisk/1685/src/material-master/material/src/main/java/com/rey/material/widget/Switch.java:27: error: cannot find symbol
import com.rey.material.R;
                       ^
  symbol:   class R
  location: package com.rey.material
/tmp/rdisk/1685/src/material-master/material/src/main/java/com/rey/material/widget/Spinner.java:14: error: package android.support.annotation does not exist
import android.support.annotation.NonNull;
                                 ^
/tmp/rdisk/1685/src/material-master/material/src/main/java/com/rey/material/widget/Spinner.java:31: error: cannot find symbol
import com.rey.material.R;
                       ^
  symbol:   class R
  location: package com.rey.material
/tmp/rdisk/1685/src/material-master/material/src/main/java/com/rey/material/widget/FrameLayout.java:5: error: package android.support.annotation does not exist
import android.support.annotation.NonNull;
                                 ^
/tmp/rdisk/1685/src/material-master/material/src/main/java/com/rey/material/widget/ListPopupWindow.java:27: error: package android.support.v4.text does not exist
import android.support.v4.text.TextUtilsCompat;
                              ^
/tmp/rdisk/1685/src/material-master/material/src/main/java/com/rey/material/widget/ListPopupWindow.java:28: error: package android.support.v4.view does not exist
import android.support.v4.view.MotionEventCompat;
                              ^
/tmp/rdisk/1685/src/material-master/material/src/main/java/com/rey/material/widget/ListPopupWindow.java:29: error: package android.support.v4.view does not exist
import android.support.v4.view.ViewPropertyAnimatorCompat;
                              ^
/tmp/rdisk/1685/src/material-master/material/src/main/java/com/rey/material/widget/ListPopupWindow.java:30: error: package android.support.v4.widget does not exist
import android.support.v4.widget.ListViewAutoScrollHelper;
                                ^
/tmp/rdisk/1685/src/material-master/material/src/main/java/com/rey/material/widget/ListPopupWindow.java:31: error: package android.support.v4.widget does not exist
import android.support.v4.widget.PopupWindowCompat;
                                ^
/tmp/rdisk/1685/src/material-master/material/src/main/java/com/rey/material/widget/ListPopupWindow.java:51: error: cannot find symbol
import com.rey.material.R;
                       ^
  symbol:   class R
  location: package com.rey.material
/tmp/rdisk/1685/src/material-master/material/src/main/java/com/rey/material/widget/PopupWindow.java:10: error: cannot find symbol
import com.rey.material.R;
                       ^
  symbol:   class R
  location: package com.rey.material
/tmp/rdisk/1685/src/material-master/material/src/main/java/com/rey/material/widget/ListPopupWindow.java:1792: error: cannot find symbol
    private class PopupScrollListener implements ListView.OnScrollListener {
                                                         ^
  symbol:   class OnScrollListener
  location: class ListView
/tmp/rdisk/1685/src/material-master/material/src/main/java/com/rey/material/widget/ListPopupWindow.java:1580: error: cannot find symbol
        private ViewPropertyAnimatorCompat mClickAnimation;
                ^
  symbol:   class ViewPropertyAnimatorCompat
  location: class DropDownListView
/tmp/rdisk/1685/src/material-master/material/src/main/java/com/rey/material/widget/ListPopupWindow.java:1583: error: cannot find symbol
        private ListViewAutoScrollHelper mScrollHelper;
                ^
  symbol:   class ListViewAutoScrollHelper
  location: class DropDownListView
/tmp/rdisk/1685/src/material-master/material/src/main/java/com/rey/material/widget/SnackBar.java:27: error: cannot find symbol
import com.rey.material.R;
                       ^
  symbol:   class R
  location: package com.rey.material
/tmp/rdisk/1685/src/material-master/material/src/main/java/com/rey/material/widget/Button.java:5: error: package android.support.annotation does not exist
import android.support.annotation.NonNull;
                                 ^
/tmp/rdisk/1685/src/material-master/material/src/main/java/com/rey/material/widget/Button.java:6: error: package android.support.v7.widget does not exist
import android.support.v7.widget.AppCompatButton;
                                ^
/tmp/rdisk/1685/src/material-master/material/src/main/java/com/rey/material/widget/Button.java:14: error: cannot find symbol
public class Button extends AppCompatButton implements ThemeManager.OnThemeChangedListener{
                            ^
  symbol: class AppCompatButton
/tmp/rdisk/1685/src/material-master/material/src/main/java/com/rey/material/widget/Button.java:112: error: cannot find symbol
	public void setOnClickListener(OnClickListener l) {
	                               ^
  symbol:   class OnClickListener
  location: class Button
/tmp/rdisk/1685/src/material-master/material/src/main/java/com/rey/material/widget/Slider.java:16: error: package android.support.annotation does not exist
import android.support.annotation.NonNull;
                                 ^
/tmp/rdisk/1685/src/material-master/material/src/main/java/com/rey/material/widget/Slider.java:26: error: cannot find symbol
import com.rey.material.R;
                       ^
  symbol:   class R
  location: package com.rey.material
/tmp/rdisk/1685/src/material-master/material/src/main/java/com/rey/material/widget/RelativeLayout.java:5: error: package android.support.annotation does not exist
import android.support.annotation.NonNull;
                                 ^
/tmp/rdisk/1685/src/material-master/material/src/main/java/com/rey/material/widget/CompoundButton.java:8: error: package android.support.annotation does not exist
import android.support.annotation.NonNull;
                                 ^
/tmp/rdisk/1685/src/material-master/material/src/main/java/com/rey/material/drawable/PaddingDrawable.java:11: error: package android.support.v4.graphics.drawable does not exist
import android.support.v4.graphics.drawable.DrawableCompat;
                                           ^
/tmp/rdisk/1685/src/material-master/material/src/main/java/com/rey/material/widget/ProgressView.java:7: error: package android.support.annotation does not exist
import android.support.annotation.NonNull;
                                 ^
/tmp/rdisk/1685/src/material-master/material/src/main/java/com/rey/material/widget/ProgressView.java:11: error: cannot find symbol
import com.rey.material.R;
                       ^
  symbol:   class R
  location: package com.rey.material
/tmp/rdisk/1685/src/material-master/material/src/main/java/com/rey/material/widget/LinearLayout.java:7: error: package android.support.annotation does not exist
import android.support.annotation.NonNull;
                                 ^
/tmp/rdisk/1685/src/material-master/material/src/main/java/com/rey/material/widget/ImageButton.java:5: error: package android.support.annotation does not exist
import android.support.annotation.NonNull;
                                 ^
/tmp/rdisk/1685/src/material-master/material/src/main/java/com/rey/material/widget/ImageButton.java:6: error: package android.support.v7.widget does not exist
import android.support.v7.widget.AppCompatImageButton;
                                ^
/tmp/rdisk/1685/src/material-master/material/src/main/java/com/rey/material/widget/ImageButton.java:14: error: cannot find symbol
public class ImageButton extends AppCompatImageButton implements ThemeManager.OnThemeChangedListener{
                                 ^
  symbol: class AppCompatImageButton
/tmp/rdisk/1685/src/material-master/material/src/main/java/com/rey/material/widget/ImageButton.java:100: error: cannot find symbol
    public void setOnClickListener(OnClickListener l) {
                                   ^
  symbol:   class OnClickListener
  location: class ImageButton
/tmp/rdisk/1685/src/material-master/material/src/main/java/com/rey/material/widget/FloatingActionButton.java:14: error: package android.support.annotation does not exist
import android.support.annotation.NonNull;
                                 ^
/tmp/rdisk/1685/src/material-master/material/src/main/java/com/rey/material/widget/FloatingActionButton.java:26: error: cannot find symbol
import com.rey.material.R;
                       ^
  symbol:   class R
  location: package com.rey.material
/tmp/rdisk/1685/src/material-master/material/src/main/java/com/rey/material/widget/EditText.java:13: error: package android.support.annotation does not exist
import android.support.annotation.NonNull;
                                 ^
/tmp/rdisk/1685/src/material-master/material/src/main/java/com/rey/material/widget/EditText.java:14: error: package android.support.v4.view does not exist
import android.support.v4.view.GravityCompat;
                              ^
/tmp/rdisk/1685/src/material-master/material/src/main/java/com/rey/material/widget/EditText.java:15: error: package android.support.v7.widget does not exist
import android.support.v7.widget.AppCompatAutoCompleteTextView;
                                ^
/tmp/rdisk/1685/src/material-master/material/src/main/java/com/rey/material/widget/EditText.java:16: error: package android.support.v7.widget does not exist
import android.support.v7.widget.AppCompatEditText;
                                ^
/tmp/rdisk/1685/src/material-master/material/src/main/java/com/rey/material/widget/EditText.java:17: error: package android.support.v7.widget does not exist
import android.support.v7.widget.AppCompatMultiAutoCompleteTextView;
                                ^
/tmp/rdisk/1685/src/material-master/material/src/main/java/com/rey/material/widget/EditText.java:55: error: cannot find symbol
import com.rey.material.R;
                       ^
  symbol:   class R
  location: package com.rey.material
/tmp/rdisk/1685/src/material-master/material/src/main/java/com/rey/material/widget/EditText.java:1383: error: cannot find symbol
	public void setText (CharSequence text, TextView.BufferType type){
	                                                ^
  symbol:   class BufferType
  location: class TextView
/tmp/rdisk/1685/src/material-master/material/src/main/java/com/rey/material/widget/EditText.java:3322: error: cannot find symbol
	public void setOnEditorActionListener (TextView.OnEditorActionListener l){
	                                               ^
  symbol:   class OnEditorActionListener
  location: class TextView
/tmp/rdisk/1685/src/material-master/material/src/main/java/com/rey/material/widget/EditText.java:3430: error: cannot find symbol
	public final void setText (int resid, TextView.BufferType type){
	                                              ^
  symbol:   class BufferType
  location: class TextView
/tmp/rdisk/1685/src/material-master/material/src/main/java/com/rey/material/widget/EditText.java:3521: error: cannot find symbol
	public final void setTextKeepState (CharSequence text, TextView.BufferType type){
	                                                               ^
  symbol:   class BufferType
  location: class TextView
/tmp/rdisk/1685/src/material-master/material/src/main/java/com/rey/material/widget/EditText.java:3691: error: cannot find symbol
	private class InternalEditText extends AppCompatEditText{
	                                       ^
  symbol:   class AppCompatEditText
  location: class EditText
/tmp/rdisk/1685/src/material-master/material/src/main/java/com/rey/material/widget/EditText.java:3818: error: cannot find symbol
    private class InternalAutoCompleteTextView extends AppCompatAutoCompleteTextView {
                                                       ^
  symbol:   class AppCompatAutoCompleteTextView
  location: class EditText
/tmp/rdisk/1685/src/material-master/material/src/main/java/com/rey/material/widget/EditText.java:3990: error: cannot find symbol
    private class InternalMultiAutoCompleteTextView extends AppCompatMultiAutoCompleteTextView{
                                                            ^
  symbol:   class AppCompatMultiAutoCompleteTextView
  location: class EditText
/tmp/rdisk/1685/src/material-master/material/src/main/java/com/rey/material/widget/DatePicker.java:24: error: cannot find symbol
import com.rey.material.R;
                       ^
  symbol:   class R
  location: package com.rey.material
/tmp/rdisk/1685/src/material-master/material/src/main/java/com/rey/material/widget/EditText.java:807: error: unknown tag: attr
     * @attr ref android.R.styleable#AutoCompleteTextView_completionHint
       ^
/tmp/rdisk/1685/src/material-master/material/src/main/java/com/rey/material/widget/EditText.java:823: error: unknown tag: attr
     * @attr ref android.R.styleable#AutoCompleteTextView_completionHint
       ^
/tmp/rdisk/1685/src/material-master/material/src/main/java/com/rey/material/widget/EditText.java:840: error: unknown tag: attr
     * @attr ref android.R.styleable#AutoCompleteTextView_dropDownWidth
       ^
/tmp/rdisk/1685/src/material-master/material/src/main/java/com/rey/material/widget/EditText.java:856: error: unknown tag: attr
     * @attr ref android.R.styleable#AutoCompleteTextView_dropDownWidth
       ^
/tmp/rdisk/1685/src/material-master/material/src/main/java/com/rey/material/widget/EditText.java:873: error: unknown tag: attr
     * @attr ref android.R.styleable#AutoCompleteTextView_dropDownHeight
       ^
/tmp/rdisk/1685/src/material-master/material/src/main/java/com/rey/material/widget/EditText.java:890: error: unknown tag: attr
     * @attr ref android.R.styleable#AutoCompleteTextView_dropDownHeight
       ^
/tmp/rdisk/1685/src/material-master/material/src/main/java/com/rey/material/widget/EditText.java:904: error: unknown tag: attr
     * @attr ref android.R.styleable#AutoCompleteTextView_dropDownAnchor
       ^
/tmp/rdisk/1685/src/material-master/material/src/main/java/com/rey/material/widget/EditText.java:920: error: unknown tag: attr
     * @attr ref android.R.styleable#AutoCompleteTextView_dropDownAnchor
       ^
/tmp/rdisk/1685/src/material-master/material/src/main/java/com/rey/material/widget/EditText.java:934: error: unknown tag: attr
     * @attr ref android.R.styleable#PopupWindow_popupBackground
       ^
/tmp/rdisk/1685/src/material-master/material/src/main/java/com/rey/material/widget/EditText.java:948: error: unknown tag: attr
     * @attr ref android.R.styleable#PopupWindow_popupBackground
       ^
/tmp/rdisk/1685/src/material-master/material/src/main/java/com/rey/material/widget/EditText.java:962: error: unknown tag: attr
     * @attr ref android.R.styleable#PopupWindow_popupBackground
       ^
/tmp/rdisk/1685/src/material-master/material/src/main/java/com/rey/material/widget/EditText.java:976: error: unknown tag: attr
     * @attr ref android.R.styleable#ListPopupWindow_dropDownVerticalOffset
       ^
/tmp/rdisk/1685/src/material-master/material/src/main/java/com/rey/material/widget/EditText.java:990: error: unknown tag: attr
     * @attr ref android.R.styleable#ListPopupWindow_dropDownVerticalOffset
       ^
/tmp/rdisk/1685/src/material-master/material/src/main/java/com/rey/material/widget/EditText.java:1004: error: unknown tag: attr
     * @attr ref android.R.styleable#ListPopupWindow_dropDownHorizontalOffset
       ^
/tmp/rdisk/1685/src/material-master/material/src/main/java/com/rey/material/widget/EditText.java:1018: error: unknown tag: attr
     * @attr ref android.R.styleable#ListPopupWindow_dropDownHorizontalOffset
       ^
/tmp/rdisk/1685/src/material-master/material/src/main/java/com/rey/material/widget/EditText.java:1035: error: unknown tag: attr
     * @attr ref android.R.styleable#AutoCompleteTextView_completionThreshold
       ^
/tmp/rdisk/1685/src/material-master/material/src/main/java/com/rey/material/widget/EditText.java:1057: error: unknown tag: attr
     * @attr ref android.R.styleable#AutoCompleteTextView_completionThreshold
       ^
/tmp/rdisk/1685/src/material-master/material/src/main/java/com/rey/material/widget/EditText.java:1206: error: reference not found
     * {@link ListView#INVALID_POSITION ListView.INVALID_POSITION} if there is no dropdown or if
              ^
/tmp/rdisk/1685/src/material-master/material/src/main/java/com/rey/material/widget/EditText.java:1211: error: reference not found
     * {@link ListView#INVALID_POSITION ListView.INVALID_POSITION} if not.
              ^
/tmp/rdisk/1685/src/material-master/material/src/main/java/com/rey/material/widget/EditText.java:1213: error: reference not found
     * @see ListView#getSelectedItemPosition()
            ^
/tmp/rdisk/1685/src/material-master/material/src/main/java/com/rey/material/widget/EditText.java:1363: error: unknown tag: attr
     * @attr ref android.R.styleable#TextView_ellipsize
       ^
/tmp/rdisk/1685/src/material-master/material/src/main/java/com/rey/material/widget/EditText.java:1488: error: unknown tag: attr
     * @attr ref android.R.styleable#TextView_autoLink
       ^
/tmp/rdisk/1685/src/material-master/material/src/main/java/com/rey/material/widget/EditText.java:1502: error: unknown tag: attr
     * @attr ref android.R.styleable#TextView_drawablePadding
       ^
/tmp/rdisk/1685/src/material-master/material/src/main/java/com/rey/material/widget/EditText.java:1511: error: unknown tag: attr
     * @attr ref android.R.styleable#TextView_drawableLeft
       ^
/tmp/rdisk/1685/src/material-master/material/src/main/java/com/rey/material/widget/EditText.java:1512: error: unknown tag: attr
     * @attr ref android.R.styleable#TextView_drawableTop
       ^
/tmp/rdisk/1685/src/material-master/material/src/main/java/com/rey/material/widget/EditText.java:1513: error: unknown tag: attr
     * @attr ref android.R.styleable#TextView_drawableRight
       ^
/tmp/rdisk/1685/src/material-master/material/src/main/java/com/rey/material/widget/EditText.java:1514: error: unknown tag: attr
     * @attr ref android.R.styleable#TextView_drawableBottom
       ^
/tmp/rdisk/1685/src/material-master/material/src/main/java/com/rey/material/widget/EditText.java:1654: error: unknown tag: attr
     * @attr ref android.R.styleable#TextView_maxLength
       ^
/tmp/rdisk/1685/src/material-master/material/src/main/java/com/rey/material/widget/EditText.java:1694: error: unknown tag: attr
     * @attr ref android.R.styleable#TextView_gravity
       ^
/tmp/rdisk/1685/src/material-master/material/src/main/java/com/rey/material/widget/EditText.java:1705: error: unknown tag: attr
     * @attr ref android.R.styleable#TextView_textColorHighlight
       ^
/tmp/rdisk/1685/src/material-master/material/src/main/java/com/rey/material/widget/EditText.java:1719: error: unknown tag: attr
     * @attr ref android.R.styleable#TextView_hint
       ^
/tmp/rdisk/1685/src/material-master/material/src/main/java/com/rey/material/widget/EditText.java:1733: error: unknown tag: attr
     * @attr ref android.R.styleable#TextView_textColorHint
       ^
/tmp/rdisk/1685/src/material-master/material/src/main/java/com/rey/material/widget/EditText.java:1775: error: unknown tag: attr
     * @attr ref android.R.styleable#TextView_includeFontPadding
       ^
/tmp/rdisk/1685/src/material-master/material/src/main/java/com/rey/material/widget/EditText.java:1790: error: unknown tag: attr
     * @attr ref android.R.styleable#TextView_editorExtras
       ^
/tmp/rdisk/1685/src/material-master/material/src/main/java/com/rey/material/widget/EditText.java:1810: error: unknown tag: attr
     * @attr ref android.R.styleable#TextView_numeric
       ^
/tmp/rdisk/1685/src/material-master/material/src/main/java/com/rey/material/widget/EditText.java:1811: error: unknown tag: attr
     * @attr ref android.R.styleable#TextView_digits
       ^
/tmp/rdisk/1685/src/material-master/material/src/main/java/com/rey/material/widget/EditText.java:1812: error: unknown tag: attr
     * @attr ref android.R.styleable#TextView_phoneNumber
       ^
/tmp/rdisk/1685/src/material-master/material/src/main/java/com/rey/material/widget/EditText.java:1813: error: unknown tag: attr
     * @attr ref android.R.styleable#TextView_inputMethod
       ^
/tmp/rdisk/1685/src/material-master/material/src/main/java/com/rey/material/widget/EditText.java:1814: error: unknown tag: attr
     * @attr ref android.R.styleable#TextView_capitalize
       ^
/tmp/rdisk/1685/src/material-master/material/src/main/java/com/rey/material/widget/EditText.java:1815: error: unknown tag: attr
     * @attr ref android.R.styleable#TextView_autoText
       ^
/tmp/rdisk/1685/src/material-master/material/src/main/java/com/rey/material/widget/EditText.java:1880: error: unknown tag: attr
     * @attr ref android.R.styleable#TextView_lineSpacingExtra
       ^
/tmp/rdisk/1685/src/material-master/material/src/main/java/com/rey/material/widget/EditText.java:1897: error: unknown tag: attr
     * @attr ref android.R.styleable#TextView_lineSpacingMultiplier
       ^
/tmp/rdisk/1685/src/material-master/material/src/main/java/com/rey/material/widget/EditText.java:1913: error: unknown tag: attr
     * @attr ref android.R.styleable#TextView_textColorLink
       ^
/tmp/rdisk/1685/src/material-master/material/src/main/java/com/rey/material/widget/EditText.java:1925: error: unknown tag: attr
     * @attr ref android.R.styleable#TextView_linksClickable
       ^
/tmp/rdisk/1685/src/material-master/material/src/main/java/com/rey/material/widget/EditText.java:1940: error: unknown tag: attr
     * @attr ref android.R.styleable#TextView_marqueeRepeatLimit
       ^
/tmp/rdisk/1685/src/material-master/material/src/main/java/com/rey/material/widget/EditText.java:1952: error: reference not found
     * was set in pixels instead (using {@link #setMaxWidth(int)} or {@link #setWidth(int)}).
                                                                            ^
/tmp/rdisk/1685/src/material-master/material/src/main/java/com/rey/material/widget/EditText.java:1957: error: unknown tag: attr
     * @attr ref android.R.styleable#TextView_maxEms
       ^
/tmp/rdisk/1685/src/material-master/material/src/main/java/com/rey/material/widget/EditText.java:1973: error: unknown tag: attr
     * @attr ref android.R.styleable#TextView_maxHeight
       ^
/tmp/rdisk/1685/src/material-master/material/src/main/java/com/rey/material/widget/EditText.java:1989: error: unknown tag: attr
     * @attr ref android.R.styleable#TextView_maxLines
       ^
/tmp/rdisk/1685/src/material-master/material/src/main/java/com/rey/material/widget/EditText.java:2004: error: reference not found
     * @see #setWidth(int)
            ^
/tmp/rdisk/1685/src/material-master/material/src/main/java/com/rey/material/widget/EditText.java:2006: error: unknown tag: attr
     * @attr ref android.R.styleable#TextView_maxWidth
       ^
/tmp/rdisk/1685/src/material-master/material/src/main/java/com/rey/material/widget/EditText.java:2018: error: reference not found
     * was set in pixels instead (using {@link #setMinWidth(int)} or {@link #setWidth(int)}).
                                                                            ^
/tmp/rdisk/1685/src/material-master/material/src/main/java/com/rey/material/widget/EditText.java:2023: error: unknown tag: attr
     * @attr ref android.R.styleable#TextView_minEms
       ^
/tmp/rdisk/1685/src/material-master/material/src/main/java/com/rey/material/widget/EditText.java:2039: error: unknown tag: attr
     * @attr ref android.R.styleable#TextView_minHeight
       ^
/tmp/rdisk/1685/src/material-master/material/src/main/java/com/rey/material/widget/EditText.java:2055: error: unknown tag: attr
     * @attr ref android.R.styleable#TextView_minLines
       ^
/tmp/rdisk/1685/src/material-master/material/src/main/java/com/rey/material/widget/EditText.java:2070: error: reference not found
     * @see #setWidth(int)
            ^
/tmp/rdisk/1685/src/material-master/material/src/main/java/com/rey/material/widget/EditText.java:2072: error: unknown tag: attr
     * @attr ref android.R.styleable#TextView_minWidth
       ^
/tmp/rdisk/1685/src/material-master/material/src/main/java/com/rey/material/widget/EditText.java:2149: error: reference not found
     * @see #setPrivateImeOptions(String)
            ^
/tmp/rdisk/1685/src/material-master/material/src/main/java/com/rey/material/widget/EditText.java:2175: error: unknown tag: attr
     * @attr ref android.R.styleable#TextView_shadowColor
       ^
/tmp/rdisk/1685/src/material-master/material/src/main/java/com/rey/material/widget/EditText.java:2190: error: unknown tag: attr
     * @attr ref android.R.styleable#TextView_shadowDx
       ^
/tmp/rdisk/1685/src/material-master/material/src/main/java/com/rey/material/widget/EditText.java:2205: error: unknown tag: attr
     * @attr ref android.R.styleable#TextView_shadowDy
       ^
/tmp/rdisk/1685/src/material-master/material/src/main/java/com/rey/material/widget/EditText.java:2222: error: unknown tag: attr
     * @attr ref android.R.styleable#TextView_shadowRadius
       ^
/tmp/rdisk/1685/src/material-master/material/src/main/java/com/rey/material/widget/EditText.java:2249: error: unknown tag: attr
     * @attr ref android.R.styleable#TextView_textColor
       ^
/tmp/rdisk/1685/src/material-master/material/src/main/java/com/rey/material/widget/EditText.java:2345: error: unknown tag: attr
     * @attr ref android.R.styleable#TextView_password
       ^
/tmp/rdisk/1685/src/material-master/material/src/main/java/com/rey/material/widget/EditText.java:2346: error: unknown tag: attr
     * @attr ref android.R.styleable#TextView_singleLine
       ^
/tmp/rdisk/1685/src/material-master/material/src/main/java/com/rey/material/widget/EditText.java:2358: error: unknown tag: attr
     * @attr ref android.R.styleable#TextView_fontFamily
       ^
/tmp/rdisk/1685/src/material-master/material/src/main/java/com/rey/material/widget/EditText.java:2359: error: unknown tag: attr
     * @attr ref android.R.styleable#TextView_typeface
       ^
/tmp/rdisk/1685/src/material-master/material/src/main/java/com/rey/material/widget/EditText.java:2360: error: unknown tag: attr
     * @attr ref android.R.styleable#TextView_textStyle
       ^
/tmp/rdisk/1685/src/material-master/material/src/main/java/com/rey/material/widget/EditText.java:2395: error: unknown tag: attr
     * @attr ref android.R.styleable#TextView_cursorVisible
       ^
/tmp/rdisk/1685/src/material-master/material/src/main/java/com/rey/material/widget/EditText.java:2447: error: unknown tag: attr
    * @attr ref android.R.styleable#TextView_textIsSelectable
      ^
/tmp/rdisk/1685/src/material-master/material/src/main/java/com/rey/material/widget/EditText.java:2643: error: unknown tag: attr
     * @attr ref android.R.styleable#TextView_textAllCaps
       ^
/tmp/rdisk/1685/src/material-master/material/src/main/java/com/rey/material/widget/EditText.java:2656: error: unknown tag: attr
     * @attr ref android.R.styleable#TextView_autoLink
       ^
/tmp/rdisk/1685/src/material-master/material/src/main/java/com/rey/material/widget/EditText.java:2666: error: unknown tag: attr
     * @attr ref android.R.styleable#TextView_drawablePadding
       ^
/tmp/rdisk/1685/src/material-master/material/src/main/java/com/rey/material/widget/EditText.java:2688: error: unknown tag: attr
     * @attr ref android.R.styleable#TextView_drawableLeft
       ^
/tmp/rdisk/1685/src/material-master/material/src/main/java/com/rey/material/widget/EditText.java:2689: error: unknown tag: attr
     * @attr ref android.R.styleable#TextView_drawableTop
       ^
/tmp/rdisk/1685/src/material-master/material/src/main/java/com/rey/material/widget/EditText.java:2690: error: unknown tag: attr
     * @attr ref android.R.styleable#TextView_drawableRight
       ^
/tmp/rdisk/1685/src/material-master/material/src/main/java/com/rey/material/widget/EditText.java:2691: error: unknown tag: attr
     * @attr ref android.R.styleable#TextView_drawableBottom
       ^
/tmp/rdisk/1685/src/material-master/material/src/main/java/com/rey/material/widget/EditText.java:2713: error: unknown tag: attr
     * @attr ref android.R.styleable#TextView_drawableStart
       ^
/tmp/rdisk/1685/src/material-master/material/src/main/java/com/rey/material/widget/EditText.java:2714: error: unknown tag: attr
     * @attr ref android.R.styleable#TextView_drawableTop
       ^
/tmp/rdisk/1685/src/material-master/material/src/main/java/com/rey/material/widget/EditText.java:2715: error: unknown tag: attr
     * @attr ref android.R.styleable#TextView_drawableEnd
       ^
/tmp/rdisk/1685/src/material-master/material/src/main/java/com/rey/material/widget/EditText.java:2716: error: unknown tag: attr
     * @attr ref android.R.styleable#TextView_drawableBottom
       ^
/tmp/rdisk/1685/src/material-master/material/src/main/java/com/rey/material/widget/EditText.java:2734: error: unknown tag: attr
     * @attr ref android.R.styleable#TextView_drawableStart
       ^
/tmp/rdisk/1685/src/material-master/material/src/main/java/com/rey/material/widget/EditText.java:2735: error: unknown tag: attr
     * @attr ref android.R.styleable#TextView_drawableTop
       ^
/tmp/rdisk/1685/src/material-master/material/src/main/java/com/rey/material/widget/EditText.java:2736: error: unknown tag: attr
     * @attr ref android.R.styleable#TextView_drawableEnd
       ^
/tmp/rdisk/1685/src/material-master/material/src/main/java/com/rey/material/widget/EditText.java:2737: error: unknown tag: attr
     * @attr ref android.R.styleable#TextView_drawableBottom
       ^
/tmp/rdisk/1685/src/material-master/material/src/main/java/com/rey/material/widget/EditText.java:2760: error: unknown tag: attr
     * @attr ref android.R.styleable#TextView_drawableStart
       ^
/tmp/rdisk/1685/src/material-master/material/src/main/java/com/rey/material/widget/EditText.java:2761: error: unknown tag: attr
     * @attr ref android.R.styleable#TextView_drawableTop
       ^
/tmp/rdisk/1685/src/material-master/material/src/main/java/com/rey/material/widget/EditText.java:2762: error: unknown tag: attr
     * @attr ref android.R.styleable#TextView_drawableEnd
       ^
/tmp/rdisk/1685/src/material-master/material/src/main/java/com/rey/material/widget/EditText.java:2763: error: unknown tag: attr
     * @attr ref android.R.styleable#TextView_drawableBottom
       ^
/tmp/rdisk/1685/src/material-master/material/src/main/java/com/rey/material/widget/EditText.java:2782: error: unknown tag: attr
     * @attr ref android.R.styleable#TextView_drawableLeft
       ^
/tmp/rdisk/1685/src/material-master/material/src/main/java/com/rey/material/widget/EditText.java:2783: error: unknown tag: attr
     * @attr ref android.R.styleable#TextView_drawableTop
       ^
/tmp/rdisk/1685/src/material-master/material/src/main/java/com/rey/material/widget/EditText.java:2784: error: unknown tag: attr
     * @attr ref android.R.styleable#TextView_drawableRight
       ^
/tmp/rdisk/1685/src/material-master/material/src/main/java/com/rey/material/widget/EditText.java:2785: error: unknown tag: attr
     * @attr ref android.R.styleable#TextView_drawableBottom
       ^
/tmp/rdisk/1685/src/material-master/material/src/main/java/com/rey/material/widget/EditText.java:2804: error: unknown tag: attr
     * @attr ref android.R.styleable#TextView_drawableLeft
       ^
/tmp/rdisk/1685/src/material-master/material/src/main/java/com/rey/material/widget/EditText.java:2805: error: unknown tag: attr
     * @attr ref android.R.styleable#TextView_drawableTop
       ^
/tmp/rdisk/1685/src/material-master/material/src/main/java/com/rey/material/widget/EditText.java:2806: error: unknown tag: attr
     * @attr ref android.R.styleable#TextView_drawableRight
       ^
/tmp/rdisk/1685/src/material-master/material/src/main/java/com/rey/material/widget/EditText.java:2807: error: unknown tag: attr
     * @attr ref android.R.styleable#TextView_drawableBottom
       ^
/tmp/rdisk/1685/src/material-master/material/src/main/java/com/rey/material/widget/EditText.java:2819: error: unknown tag: attr
     * @attr ref android.R.styleable#TextView_cursorVisible
       ^
/tmp/rdisk/1685/src/material-master/material/src/main/java/com/rey/material/widget/EditText.java:2869: error: unknown tag: attr
     * @attr ref android.R.styleable#TextView_elegantTextHeight
       ^
/tmp/rdisk/1685/src/material-master/material/src/main/java/com/rey/material/widget/EditText.java:2885: error: unknown tag: attr
     * @attr ref android.R.styleable#TextView_ems
       ^

100 errors
100 warnings
:material:androidJavadocs FAILED

FAILURE: Build failed with an exception.

* What went wrong:
Execution failed for task ':material:androidJavadocs'.
> Javadoc generation failed. Generated Javadoc options file (useful for troubleshooting): '/tmp/rdisk/1685/src/material-master/material/build/tmp/androidJavadocs/javadoc.options'

* Try:
Run with --info or --debug option to get more log output.

* Exception is:
org.gradle.api.tasks.TaskExecutionException: Execution failed for task ':material:androidJavadocs'.
	at org.gradle.api.internal.tasks.execution.ExecuteActionsTaskExecuter.executeActions(ExecuteActionsTaskExecuter.java:69)
	at org.gradle.api.internal.tasks.execution.ExecuteActionsTaskExecuter.execute(ExecuteActionsTaskExecuter.java:46)
	at org.gradle.api.internal.tasks.execution.PostExecutionAnalysisTaskExecuter.execute(PostExecutionAnalysisTaskExecuter.java:35)
	at org.gradle.api.internal.tasks.execution.SkipUpToDateTaskExecuter.execute(SkipUpToDateTaskExecuter.java:64)
	at org.gradle.api.internal.tasks.execution.ValidatingTaskExecuter.execute(ValidatingTaskExecuter.java:58)
	at org.gradle.api.internal.tasks.execution.SkipEmptySourceFilesTaskExecuter.execute(SkipEmptySourceFilesTaskExecuter.java:52)
	at org.gradle.api.internal.tasks.execution.SkipTaskWithNoActionsExecuter.execute(SkipTaskWithNoActionsExecuter.java:52)
	at org.gradle.api.internal.tasks.execution.SkipOnlyIfTaskExecuter.execute(SkipOnlyIfTaskExecuter.java:53)
	at org.gradle.api.internal.tasks.execution.ExecuteAtMostOnceTaskExecuter.execute(ExecuteAtMostOnceTaskExecuter.java:43)
	at org.gradle.execution.taskgraph.DefaultTaskGraphExecuter$EventFiringTaskWorker.execute(DefaultTaskGraphExecuter.java:203)
	at org.gradle.execution.taskgraph.DefaultTaskGraphExecuter$EventFiringTaskWorker.execute(DefaultTaskGraphExecuter.java:185)
	at org.gradle.execution.taskgraph.AbstractTaskPlanExecutor$TaskExecutorWorker.processTask(AbstractTaskPlanExecutor.java:66)
	at org.gradle.execution.taskgraph.AbstractTaskPlanExecutor$TaskExecutorWorker.run(AbstractTaskPlanExecutor.java:50)
	at org.gradle.execution.taskgraph.DefaultTaskPlanExecutor.process(DefaultTaskPlanExecutor.java:25)
	at org.gradle.execution.taskgraph.DefaultTaskGraphExecuter.execute(DefaultTaskGraphExecuter.java:110)
	at org.gradle.execution.SelectedTaskExecutionAction.execute(SelectedTaskExecutionAction.java:37)
	at org.gradle.execution.DefaultBuildExecuter.execute(DefaultBuildExecuter.java:37)
	at org.gradle.execution.DefaultBuildExecuter.access$000(DefaultBuildExecuter.java:23)
	at org.gradle.execution.DefaultBuildExecuter$1.proceed(DefaultBuildExecuter.java:43)
	at org.gradle.execution.DryRunBuildExecutionAction.execute(DryRunBuildExecutionAction.java:32)

BUILD FAILED

Total time: 14.353 secs
	at org.gradle.execution.DefaultBuildExecuter.execute(DefaultBuildExecuter.java:37)
	at org.gradle.execution.DefaultBuildExecuter.execute(DefaultBuildExecuter.java:30)
	at org.gradle.initialization.DefaultGradleLauncher$4.run(DefaultGradleLauncher.java:154)
	at org.gradle.internal.Factories$1.create(Factories.java:22)
	at org.gradle.internal.progress.DefaultBuildOperationExecutor.run(DefaultBuildOperationExecutor.java:90)
	at org.gradle.internal.progress.DefaultBuildOperationExecutor.run(DefaultBuildOperationExecutor.java:52)
	at org.gradle.initialization.DefaultGradleLauncher.doBuildStages(DefaultGradleLauncher.java:151)
	at org.gradle.initialization.DefaultGradleLauncher.access$200(DefaultGradleLauncher.java:32)
	at org.gradle.initialization.DefaultGradleLauncher$1.create(DefaultGradleLauncher.java:99)
	at org.gradle.initialization.DefaultGradleLauncher$1.create(DefaultGradleLauncher.java:93)
	at org.gradle.internal.progress.DefaultBuildOperationExecutor.run(DefaultBuildOperationExecutor.java:90)
	at org.gradle.internal.progress.DefaultBuildOperationExecutor.run(DefaultBuildOperationExecutor.java:62)
	at org.gradle.initialization.DefaultGradleLauncher.doBuild(DefaultGradleLauncher.java:93)
	at org.gradle.initialization.DefaultGradleLauncher.run(DefaultGradleLauncher.java:82)
	at org.gradle.launcher.exec.InProcessBuildActionExecuter$DefaultBuildController.run(InProcessBuildActionExecuter.java:94)
	at org.gradle.tooling.internal.provider.ExecuteBuildActionRunner.run(ExecuteBuildActionRunner.java:28)
	at org.gradle.launcher.exec.ChainingBuildActionRunner.run(ChainingBuildActionRunner.java:35)
	at org.gradle.launcher.exec.InProcessBuildActionExecuter.execute(InProcessBuildActionExecuter.java:43)
	at org.gradle.launcher.exec.InProcessBuildActionExecuter.execute(InProcessBuildActionExecuter.java:28)
	at org.gradle.launcher.exec.ContinuousBuildActionExecuter.execute(ContinuousBuildActionExecuter.java:78)
	at org.gradle.launcher.exec.ContinuousBuildActionExecuter.execute(ContinuousBuildActionExecuter.java:48)
	at org.gradle.launcher.exec.DaemonUsageSuggestingBuildActionExecuter.execute(DaemonUsageSuggestingBuildActionExecuter.java:51)
	at org.gradle.launcher.exec.DaemonUsageSuggestingBuildActionExecuter.execute(DaemonUsageSuggestingBuildActionExecuter.java:28)
	at org.gradle.launcher.cli.RunBuildAction.run(RunBuildAction.java:43)
	at org.gradle.internal.Actions$RunnableActionAdapter.execute(Actions.java:170)
	at org.gradle.launcher.cli.CommandLineActionFactory$ParseAndBuildAction.execute(CommandLineActionFactory.java:237)
	at org.gradle.launcher.cli.CommandLineActionFactory$ParseAndBuildAction.execute(CommandLineActionFactory.java:210)
	at org.gradle.launcher.cli.JavaRuntimeValidationAction.execute(JavaRuntimeValidationAction.java:35)
	at org.gradle.launcher.cli.JavaRuntimeValidationAction.execute(JavaRuntimeValidationAction.java:24)
	at org.gradle.launcher.cli.CommandLineActionFactory$WithLogging.execute(CommandLineActionFactory.java:206)
	at org.gradle.launcher.cli.CommandLineActionFactory$WithLogging.execute(CommandLineActionFactory.java:169)
	at org.gradle.launcher.cli.ExceptionReportingAction.execute(ExceptionReportingAction.java:33)
	at org.gradle.launcher.cli.ExceptionReportingAction.execute(ExceptionReportingAction.java:22)
	at org.gradle.launcher.Main.doAction(Main.java:33)
	at org.gradle.launcher.bootstrap.EntryPoint.run(EntryPoint.java:45)
	at org.gradle.launcher.bootstrap.ProcessBootstrap.runNoExit(ProcessBootstrap.java:54)
	at org.gradle.launcher.bootstrap.ProcessBootstrap.run(ProcessBootstrap.java:35)
	at org.gradle.launcher.GradleMain.main(GradleMain.java:23)
	at org.gradle.wrapper.BootstrapMainStarter.start(BootstrapMainStarter.java:33)
	at org.gradle.wrapper.WrapperExecutor.execute(WrapperExecutor.java:130)
	at org.gradle.wrapper.GradleWrapperMain.main(GradleWrapperMain.java:48)
Caused by: org.gradle.api.GradleException: Javadoc generation failed. Generated Javadoc options file (useful for troubleshooting): '/tmp/rdisk/1685/src/material-master/material/build/tmp/androidJavadocs/javadoc.options'
	at org.gradle.api.tasks.javadoc.internal.JavadocGenerator.execute(JavadocGenerator.java:57)
	at org.gradle.api.tasks.javadoc.internal.JavadocGenerator.execute(JavadocGenerator.java:31)
	at org.gradle.api.tasks.javadoc.Javadoc.executeExternalJavadoc(Javadoc.java:143)
	at org.gradle.api.tasks.javadoc.Javadoc.generate(Javadoc.java:131)
	at org.gradle.internal.reflect.JavaMethod.invoke(JavaMethod.java:75)
	at org.gradle.api.internal.project.taskfactory.AnnotationProcessingTaskFactory$StandardTaskAction.doExecute(AnnotationProcessingTaskFactory.java:227)
	at org.gradle.api.internal.project.taskfactory.AnnotationProcessingTaskFactory$StandardTaskAction.execute(AnnotationProcessingTaskFactory.java:220)
	at org.gradle.api.internal.project.taskfactory.AnnotationProcessingTaskFactory$StandardTaskAction.execute(AnnotationProcessingTaskFactory.java:209)
	at org.gradle.api.internal.AbstractTask$TaskActionWrapper.execute(AbstractTask.java:585)
	at org.gradle.api.internal.AbstractTask$TaskActionWrapper.execute(AbstractTask.java:568)
	at org.gradle.api.internal.tasks.execution.ExecuteActionsTaskExecuter.executeAction(ExecuteActionsTaskExecuter.java:80)
	at org.gradle.api.internal.tasks.execution.ExecuteActionsTaskExecuter.executeActions(ExecuteActionsTaskExecuter.java:61)
	... 60 more
Caused by: org.gradle.process.internal.ExecException: Process 'command '/usr/lib/jvm/java-8-oracle/bin/javadoc'' finished with non-zero exit value 1
	at org.gradle.process.internal.DefaultExecHandle$ExecResultImpl.assertNormalExitValue(DefaultExecHandle.java:367)
	at org.gradle.process.internal.DefaultExecAction.execute(DefaultExecAction.java:31)
	at org.gradle.api.tasks.javadoc.internal.JavadocGenerator.execute(JavadocGenerator.java:52)
	... 71 more


2018-05-11 13:45:53,467 INFO  ProjectTaskService - Detecting possible tasks...
2018-05-11 13:45:53,468 INFO  SysUtils - Execute command: [/tmp/rdisk/1685/src/material-master/gradlew, -b, /tmp/rdisk/1685/src/material-master/build.gradle, -Dorg.gradle.daemon=false, -Dorg.gradle.daemon.performance.enable-monitoring=false, -Dorg.gradle.configureondemand=true, tasks]
2018-05-11 13:45:58,610 ERROR ProjectTaskService - Could not detect possible Gradle tasks: Process exited with an error: 1 (Exit value: 1)
2018-05-11 13:45:58,611 INFO  ProjectTaskService - Detected possible tasks: 0
2018-05-11 13:45:58,611 INFO  ProjectTaskService - Excluded tasks (0): none
2018-05-11 13:45:58,611 INFO  SysUtils - Execute command: [/tmp/rdisk/1685/src/material-master/gradlew, -b, /tmp/rdisk/1685/src/material-master/build.gradle, -Dorg.gradle.daemon=false, -Dorg.gradle.daemon.performance.enable-monitoring=false, -Dorg.gradle.configureondemand=true, --stacktrace, build]
2018-05-11 13:46:03,900 ERROR SysUtils - Could not process external command
org.apache.commons.exec.ExecuteException: Process exited with an error: 1 (Exit value: 1)
	at org.apache.commons.exec.DefaultExecutor.executeInternal(DefaultExecutor.java:404)
	at org.apache.commons.exec.DefaultExecutor.execute(DefaultExecutor.java:166)
	at com.github.vbauer.apkmaster.util.SysUtils.execute(SysUtils.java:67)
	at com.github.vbauer.apkmaster.util.SysUtils.executeSimple(SysUtils.java:43)
	at com.github.vbauer.apkmaster.service.assembly.ProjectBuildService.buildProject(ProjectBuildService.java:78)
	at com.github.vbauer.apkmaster.service.assembly.ProjectBuildService.buildProject(ProjectBuildService.java:64)
	at com.github.vbauer.apkmaster.service.assembly.ProjectBuildService.buildProject(ProjectBuildService.java:43)
	at com.github.vbauer.apkmaster.service.FullProcessService.build(FullProcessService.java:84)
	at com.github.vbauer.apkmaster.service.FullProcessService.process(FullProcessService.java:34)
	at com.github.vbauer.apkmaster.app.MainApplication.process(MainApplication.java:38)
	at com.github.vbauer.apkmaster.app.MainApplication.main(MainApplication.java:20)
	at sun.reflect.GeneratedMethodAccessor8.invoke(Unknown Source)
	at sun.reflect.DelegatingMethodAccessorImpl.invoke(DelegatingMethodAccessorImpl.java:43)
	at java.lang.reflect.Method.invoke(Method.java:498)
	at com.android.arsenal.util.ReflectionUtils.invoke(ReflectionUtils.java:42)
	at com.android.arsenal.util.ApkMasterUtils.main(ApkMasterUtils.java:30)
	at com.android.arsenal.service.processor.impl.BuildProcessorServiceImpl.buildProject(BuildProcessorServiceImpl.java:197)
	at com.android.arsenal.service.processor.impl.BuildProcessorServiceImpl.build(BuildProcessorServiceImpl.java:131)
	at com.android.arsenal.service.processor.impl.BuildProcessorServiceImpl.lambda$null$1(BuildProcessorServiceImpl.java:114)
	at java.util.concurrent.FutureTask.run(FutureTask.java:266)
	at java.util.concurrent.Executors$RunnableAdapter.call(Executors.java:511)
	at java.util.concurrent.FutureTask.run(FutureTask.java:266)
	at java.util.concurrent.ThreadPoolExecutor.runWorker(ThreadPoolExecutor.java:1149)
	at java.util.concurrent.ThreadPoolExecutor$Worker.run(ThreadPoolExecutor.java:624)
	at java.lang.Thread.run(Thread.java:748)
2018-05-11 13:46:03,900 INFO  SysUtils - Configuration on demand is an incubating feature.

FAILURE: Build failed with an exception.

* Where:
Build file '/tmp/rdisk/1685/src/material-master/app/build.gradle' line: 25

* What went wrong:
A problem occurred evaluating project ':app'.
> Neither path nor baseDir may be null or empty string. path='' basedir='/tmp/rdisk/1685/src/material-master/app'

* Try:
Run with --info or --debug option to get more log output.

* Exception is:
org.gradle.api.GradleScriptException: A problem occurred evaluating project ':app'.
	at org.gradle.groovy.scripts.internal.DefaultScriptRunnerFactory$ScriptRunnerImpl.run(DefaultScriptRunnerFactory.java:93)
	at org.gradle.configuration.DefaultScriptPluginFactory$ScriptPluginImpl$1.run(DefaultScriptPluginFactory.java:144)
	at org.gradle.configuration.ProjectScriptTarget.addConfiguration(ProjectScriptTarget.java:72)
	at org.gradle.configuration.DefaultScriptPluginFactory$ScriptPluginImpl.apply(DefaultScriptPluginFactory.java:149)
	at org.gradle.configuration.project.BuildScriptProcessor.execute(BuildScriptProcessor.java:38)
	at org.gradle.configuration.project.BuildScriptProcessor.execute(BuildScriptProcessor.java:25)
	at org.gradle.configuration.project.ConfigureActionsProjectEvaluator.evaluate(ConfigureActionsProjectEvaluator.java:34)
	at org.gradle.configuration.project.LifecycleProjectEvaluator.evaluate(LifecycleProjectEvaluator.java:55)
	at org.gradle.api.internal.project.AbstractProject.evaluate(AbstractProject.java:510)
	at org.gradle.api.internal.project.AbstractProject.evaluate(AbstractProject.java:90)
	at org.gradle.execution.TaskPathProjectEvaluator.configureHierarchy(TaskPathProjectEvaluator.java:47)
	at org.gradle.execution.TaskSelector.getSelection(TaskSelector.java:84)
	at org.gradle.execution.TaskSelector.getSelection(TaskSelector.java:75)
	at org.gradle.execution.commandline.CommandLineTaskParser.parseTasks(CommandLineTaskParser.java:42)
	at org.gradle.execution.TaskNameResolvingBuildConfigurationAction.configure(TaskNameResolvingBuildConfigurationAction.java:44)
	at org.gradle.execution.DefaultBuildConfigurationActionExecuter.configure(DefaultBuildConfigurationActionExecuter.java:48)
	at org.gradle.execution.DefaultBuildConfigurationActionExecuter.access$000(DefaultBuildConfigurationActionExecuter.java:25)
	at org.gradle.execution.DefaultBuildConfigurationActionExecuter$1.proceed(DefaultBuildConfigurationActionExecuter.java:54)
	at org.gradle.execution.DefaultTasksBuildExecutionAction.configure(DefaultTasksBuildExecutionAction.java:44)
	at org.gradle.execution.DefaultBuildConfigurationActionExecuter.configure(DefaultBuildConfigurationActionExecuter.java:48)
	at org.gradle.execution.DefaultBuildConfigurationActionExecuter.access$000(DefaultBuildConfigurationActionExecuter.java:25)
	at org.gradle.execution.DefaultBuildConfigurationActionExecuter$1.proceed(DefaultBuildConfigurationActionExecuter.java:54)
	at org.gradle.execution.ExcludedTaskFilteringBuildConfigurationAction.configure(ExcludedTaskFilteringBuildConfigurationAction.java:47)
	at org.gradle.execution.DefaultBuildConfigurationActionExecuter.configure(DefaultBuildConfigurationActionExecuter.java:48)
	at org.gradle.execution.DefaultBuildConfigurationActionExecuter.select(DefaultBuildConfigurationActionExecuter.java:36)
	at org.gradle.initialization.DefaultGradleLauncher$3.run(DefaultGradleLauncher.java:143)
	at org.gradle.internal.Factories$1.create(Factories.java:22)
	at org.gradle.internal.progress.DefaultBuildOperationExecutor.run(DefaultBuildOperationExecutor.java:90)
	at org.gradle.internal.progress.DefaultBuildOperationExecutor.run(DefaultBuildOperationExecutor.java:52)
	at org.gradle.initialization.DefaultGradleLauncher.doBuildStages(DefaultGradleLauncher.java:140)
	at org.gradle.initialization.DefaultGradleLauncher.access$200(DefaultGradleLauncher.java:32)
	at org.gradle.initialization.DefaultGradleLauncher$1.create(DefaultGradleLauncher.java:99)
	at org.gradle.initialization.DefaultGradleLauncher$1.create(DefaultGradleLauncher.java:93)
	at org.gradle.internal.progress.DefaultBuildOperationExecutor.run(DefaultBuildOperationExecutor.java:90)
	at org.gradle.internal.progress.DefaultBuildOperationExecutor.run(DefaultBuildOperationExecutor.java:62)
	at org.gradle.initialization.DefaultGradleLauncher.doBuild(DefaultGradleLauncher.java:93)
	at org.gradle.initialization.DefaultGradleLauncher.run(DefaultGradleLauncher.java:82)
	at org.gradle.launcher.exec.InProcessBuildActionExecuter$DefaultBuildController.run(InProcessBuildActionExecuter.java:94)
	at org.gradle.tooling.internal.provider.ExecuteBuildActionRunner.run(ExecuteBuildActionRunner.java:28)
	at org.gradle.launcher.exec.ChainingBuildActionRunner.run(ChainingBuildActionRunner.java:35)
	at org.gradle.launcher.exec.InProcessBuildActionExecuter.execute(InProcessBuildActionExecuter.java:43)
	at org.gradle.launcher.exec.InProcessBuildActionExecuter.execute(InProcessBuildActionExecuter.java:28)
	at org.gradle.launcher.exec.ContinuousBuildActionExecuter.execute(ContinuousBuildActionExecuter.java:78)
	at org.gradle.launcher.exec.ContinuousBuildActionExecuter.execute(ContinuousBuildActionExecuter.java:48)
	at org.gradle.launcher.exec.DaemonUsageSuggestingBuildActionExecuter.execute(DaemonUsageSuggestingBuildActionExecuter.java:51)
	at org.gradle.launcher.exec.DaemonUsageSuggestingBuildActionExecuter.execute(DaemonUsageSuggestingBuildActionExecuter.java:28)
	at org.gradle.launcher.cli.RunBuildAction.run(RunBuildAction.java:43)
	at org.gradle.internal.Actions$RunnableActionAdapter.execute(Actions.java:170)
	at org.gradle.launcher.cli.CommandLineActionFactory$ParseAndBuildAction.execute(CommandLineActionFactory.java:237)
	at org.gradle.launcher.cli.CommandLineActionFactory$ParseAndBuildAction.execute(CommandLineActionFactory.java:210)
	at org.gradle.launcher.cli.JavaRuntimeValidationAction.execute(JavaRuntimeValidationAction.java:35)
	at org.gradle.launcher.cli.JavaRuntimeValidationAction.execute(JavaRuntimeValidationAction.java:24)
	at org.gradle.launcher.cli.CommandLineActionFactory$WithLogging.execute(CommandLineActionFactory.java:206)
	at org.gradle.launcher.cli.CommandLineActionFactory$WithLogging.execute(CommandLineActionFactory.java:169)
	at org.gradle.launcher.cli.ExceptionReportingAction.execute(ExceptionReportingAction.java:33)
	at org.gradle.launcher.cli.ExceptionReportingAction.execute(ExceptionReportingAction.java:22)
	at org.gradle.launcher.Main.doAction(Main.java:33)
	at org.gradle.launcher.bootstrap.EntryPoint.run(EntryPoint.java:45)
	at org.gradle.launcher.bootstrap.ProcessBootstrap.runNoExit(ProcessBootstrap.java:54)
	at org.gradle.launcher.bootstrap.ProcessBootstrap.run(ProcessBootstrap.java:35)
	at org.gradle.launcher.GradleMain.main(GradleMain.java:23)
	at org.gradle.wrapper.BootstrapMainStarter.start(BootstrapMainStarter.java:33)
	at org.gradle.wrapper.WrapperExecutor.execute(WrapperExecutor.java:130)
	at org.gradle.wrapper.GradleWrapperMain.main(GradleWrapperMain.java:48)
Caused by: java.lang.IllegalArgumentException: Neither path nor baseDir may be null or empty string. path='' basedir='/tmp/rdisk/1685/src/material-master/app'
	at org.gradle.api.internal.file.BaseDirFileResolver.doResolve(BaseDirFileResolver.java:65)
	at org.gradle.api.internal.file.AbstractFileResolver.resolve(AbstractFileResolver.java:81)
	at org.gradle.api.internal.file.AbstractFileResolver.resolve(AbstractFileResolver.java:63)
	at org.gradle.api.internal.file.DefaultFileOperations.file(DefaultFileOperations.java:72)
	at org.gradle.api.internal.project.AbstractProject.file(AbstractProject.java:638)
	at org.gradle.groovy.scripts.DefaultScript.file(DefaultScript.java:124)
	at org.gradle.api.internal.BeanDynamicObject$GroovyObjectAdapter.invokeMethod(BeanDynamicObject.java:279)
	at org.gradle.api.internal.BeanDynamicObject.invokeMethod(BeanDynamicObject.java:130)
	at org.gradle.api.internal.ConfigureDelegate.invokeMethod(ConfigureDelegate.java:78)
	at build_esh9yh5indchna01edovggoxa$_run_closure1$_closure6$_closure8.doCall(/tmp/rdisk/1685/src/material-master/app/build.gradle:25)
	at org.gradle.api.internal.ClosureBackedAction.execute(ClosureBackedAction.java:67)
	at org.gradle.api.internal.AbstractNamedDomainObjectContainer.create(AbstractNamedDomainObjectContainer.java:59)
	at org.gradle.api.internal.AbstractNamedDomainObjectContainer.create(AbstractNamedDomainObjectContainer.java:52)
	at org.gradle.api.internal.NamedDomainObjectContainerConfigureDelegate._configure(NamedDomainObjectContainerConfigureDelegate.java:39)
	at org.gradle.api.internal.ConfigureDelegate.invokeMethod(ConfigureDelegate.java:73)
	at build_esh9yh5indchna01edovggoxa$_run_closure1$_closure6.doCall(/tmp/rdisk/1685/src/material-master/app/build.gradle:24)
	at org.gradle.api.internal.ClosureBackedAction.execute(ClosureBackedAction.java:67)
	at org.gradle.util.ConfigureUtil.configure(ConfigureUtil.java:130)
	at org.gradle.util.ConfigureUtil.configure(ConfigureUtil.java:91)
	at org.gradle.api.internal.AbstractNamedDomainObjectContainer.configure(AbstractNamedDomainObjectContainer.java:68)
	at org.gradle.api.internal.AbstractNamedDomainObjectContainer.configure(AbstractNamedDomainObjectContainer.java:24)
	at org.gradle.api.internal.ClosureBackedAction.execute(ClosureBackedAction.java:59)
	at com.android.build.gradle.BaseExtension.signingConfigs(BaseExtension.java:378)
	at com.android.build.gradle.AppExtension_Decorated.signingConfigs(Unknown Source)
	at com.android.build.gradle.AppExtension_Decorated$signingConfigs.call(Unknown Source)
	at build_esh9yh5indchna01edovggoxa$_run_closure1.doCall(/tmp/rdisk/1685/src/material-master/app/build.gradle:23)
	at org.gradle.api.internal.ClosureBackedAction.execute(ClosureBackedAction.java:67)
	at org.gradle.api.internal.plugins.ExtensionsStorage$ExtensionHolder.configure(ExtensionsStorage.java:145)
	at org.gradle.api.internal.plugins.ExtensionsStorage.configureExtension(ExtensionsStorage.java:69)
	at org.gradle.api.internal.plugins.DefaultConvention$ExtensionsDynamicObject.invokeMethod(DefaultConvention.java:207)
	at org.gradle.api.internal.CompositeDynamicObject.invokeMethod(CompositeDynamicObject.java:150)
	at org.gradle.groovy.scripts.BasicScript.methodMissing(BasicScript.java:79)
	at build_esh9yh5indchna01edovggoxa.run(/tmp/rdisk/1685/src/material-master/app/build.gradle:3)
	at org.gradle.groovy.scripts.internal.DefaultScriptRunnerFactory$ScriptRunnerImpl.run(DefaultScriptRunnerFactory.java:91)
	... 63 more


BUILD FAILED

Total time: 4.808 secs

2018-05-11 13:46:03,908 ERROR FullProcessService - Project build has not produced APK file
2018-05-11 13:46:03,915 ERROR FullProcessService - Could not find generated or existed APK file
