2018-04-05 19:23:06,940 INFO  DownloadService - Downloading "https://github.com/ikocijan/MagicViews/archive/master.zip", attempt 3
2018-04-05 19:23:07,442 INFO  DownloadService - Downloaded https://github.com/ikocijan/MagicViews/archive/master.zip, attempt 3
2018-04-05 19:23:07,442 INFO  DownloadService - Size of file "/tmp/rdisk/1677/master.zip": 614 KB
2018-04-05 19:23:07,442 INFO  ArchiveUtils - Checking entries [.gradle] in ZIP file...
2018-04-05 19:23:07,442 INFO  ArchiveUtils - Has entries [.gradle] in ZIP file /tmp/rdisk/1677/master.zip: true
2018-04-05 19:23:07,443 DEBUG ZipUtil - Extracting '/tmp/rdisk/1677/master.zip' into '/tmp/rdisk/1677/src'.
2018-04-05 19:23:07,464 INFO  FullProcessService - Size of directory with sources: 1 MB
2018-04-05 19:23:07,464 INFO  SysUtils - Execute command: [git, init, /tmp/rdisk/1677/src]
2018-04-05 19:23:07,474 INFO  SysUtils - Initialized empty Git repository in /tmp/rdisk/1677/src/.git/

2018-04-05 19:23:07,477 INFO  ProjectBuildService - Gradle wrapper(s): /tmp/rdisk/1677/src/MagicViews-master/gradlew
2018-04-05 19:23:07,480 INFO  ProjectBuildService - Build script(s): /tmp/rdisk/1677/src/MagicViews-master/MagicViews/build.gradle /tmp/rdisk/1677/src/MagicViews-master/TestApp/build.gradle /tmp/rdisk/1677/src/MagicViews-master/build.gradle
2018-04-05 19:23:07,483 INFO  ProjectBuildService - All script(s): /tmp/rdisk/1677/src/MagicViews-master/settings.gradle /tmp/rdisk/1677/src/MagicViews-master/build.gradle /tmp/rdisk/1677/src/MagicViews-master/TestApp/build.gradle /tmp/rdisk/1677/src/MagicViews-master/MagicViews/quality.gradle /tmp/rdisk/1677/src/MagicViews-master/MagicViews/build.gradle
2018-04-05 19:23:07,483 INFO  ProjectBuildService - Remote scripts: none
2018-04-05 19:23:07,483 INFO  ProjectFixService - Fixing project...
2018-04-05 19:23:07,491 INFO  LocalPropertiesFixService - Created fake /tmp/rdisk/1677/src/MagicViews-master/MagicViews/local.properties
2018-04-05 19:23:07,491 INFO  ProjectFixService - Build info for "/tmp/rdisk/1677/src/MagicViews-master/MagicViews/build.gradle": [buildToolsVersion=23.0.2,compileSdkVersion=23,minSdkVersion=9,targetSdkVersion=23]
2018-04-05 19:23:07,491 INFO  LocalPropertiesFixService - Created fake /tmp/rdisk/1677/src/MagicViews-master/TestApp/local.properties
2018-04-05 19:23:07,491 INFO  ProjectFixService - Build info for "/tmp/rdisk/1677/src/MagicViews-master/TestApp/build.gradle": [buildToolsVersion=23.0.2,compileSdkVersion=23,minSdkVersion=14,targetSdkVersion=23]
2018-04-05 19:23:07,492 INFO  LocalPropertiesFixService - Created fake /tmp/rdisk/1677/src/MagicViews-master/local.properties
2018-04-05 19:23:07,492 INFO  WrapperPropertiesFixService - Gradle wrapper: https://services.gradle.org/distributions/gradle-2.14.1-all.zip
2018-04-05 19:23:07,492 INFO  WrapperPropertiesFixService - Gradle wrapper was changed from "-all.zip" to "-bin.zip" (https://services.gradle.org/distributions/gradle-2.14.1-bin.zip)
2018-04-05 19:23:07,493 INFO  ProjectFixService - Build info for "/tmp/rdisk/1677/src/MagicViews-master/build.gradle": [buildToolsVersion=23.0.2,compileSdkVersion=23,minSdkVersion=14,targetSdkVersion=23]
2018-04-05 19:23:07,493 INFO  ProjectFixService - Project was maybe fixed
2018-04-05 19:23:07,493 INFO  ProjectTaskService - Detecting possible tasks...
2018-04-05 19:23:07,493 INFO  SysUtils - Execute command: [/tmp/rdisk/1677/src/MagicViews-master/gradlew, -b, /tmp/rdisk/1677/src/MagicViews-master/MagicViews/build.gradle, -Dorg.gradle.daemon=false, -Dorg.gradle.daemon.performance.enable-monitoring=false, -Dorg.gradle.configureondemand=true, tasks]
2018-04-05 19:23:18,586 INFO  ProjectTaskService - Detected possible tasks: 75
2018-04-05 19:23:18,586 INFO  ProjectTaskService - Excluded tasks (16): lintDebug mockableAndroidJar deviceCheck lint testReleaseUnitTest deviceAndroidTest uninstallDebugAndroidTest installDebugAndroidTest connectedCheck connectedDebugAndroidTest uninstallAll test check testDebugUnitTest connectedAndroidTest lintRelease
2018-04-05 19:23:18,586 INFO  SysUtils - Execute command: [/tmp/rdisk/1677/src/MagicViews-master/gradlew, -b, /tmp/rdisk/1677/src/MagicViews-master/MagicViews/build.gradle, -Dorg.gradle.daemon=false, -Dorg.gradle.daemon.performance.enable-monitoring=false, -Dorg.gradle.configureondemand=true, --stacktrace, -x, lintDebug, -x, mockableAndroidJar, -x, deviceCheck, -x, lint, -x, testReleaseUnitTest, -x, deviceAndroidTest, -x, uninstallDebugAndroidTest, -x, installDebugAndroidTest, -x, connectedCheck, -x, connectedDebugAndroidTest, -x, uninstallAll, -x, test, -x, check, -x, testDebugUnitTest, -x, connectedAndroidTest, -x, lintRelease, build]
2018-04-05 19:23:34,283 ERROR SysUtils - Could not process external command
org.apache.commons.exec.ExecuteException: Process exited with an error: 1 (Exit value: 1)
	at org.apache.commons.exec.DefaultExecutor.executeInternal(DefaultExecutor.java:404)
	at org.apache.commons.exec.DefaultExecutor.execute(DefaultExecutor.java:166)
	at com.github.vbauer.apkmaster.util.SysUtils.execute(SysUtils.java:67)
	at com.github.vbauer.apkmaster.util.SysUtils.executeSimple(SysUtils.java:43)
	at com.github.vbauer.apkmaster.service.assembly.ProjectBuildService.buildProject(ProjectBuildService.java:78)
	at com.github.vbauer.apkmaster.service.assembly.ProjectBuildService.buildProject(ProjectBuildService.java:64)
	at com.github.vbauer.apkmaster.service.assembly.ProjectBuildService.buildProject(ProjectBuildService.java:43)
	at com.github.vbauer.apkmaster.service.FullProcessService.build(FullProcessService.java:84)
	at com.github.vbauer.apkmaster.service.FullProcessService.process(FullProcessService.java:34)
	at com.github.vbauer.apkmaster.app.MainApplication.process(MainApplication.java:38)
	at com.github.vbauer.apkmaster.app.MainApplication.main(MainApplication.java:20)
	at sun.reflect.GeneratedMethodAccessor8.invoke(Unknown Source)
	at sun.reflect.DelegatingMethodAccessorImpl.invoke(DelegatingMethodAccessorImpl.java:43)
	at java.lang.reflect.Method.invoke(Method.java:498)
	at com.android.arsenal.util.ReflectionUtils.invoke(ReflectionUtils.java:42)
	at com.android.arsenal.util.ApkMasterUtils.main(ApkMasterUtils.java:30)
	at com.android.arsenal.service.processor.impl.BuildProcessorServiceImpl.buildProject(BuildProcessorServiceImpl.java:197)
	at com.android.arsenal.service.processor.impl.BuildProcessorServiceImpl.build(BuildProcessorServiceImpl.java:131)
	at com.android.arsenal.service.processor.impl.BuildProcessorServiceImpl.lambda$null$1(BuildProcessorServiceImpl.java:114)
	at java.util.concurrent.FutureTask.run(FutureTask.java:266)
	at java.util.concurrent.Executors$RunnableAdapter.call(Executors.java:511)
	at java.util.concurrent.FutureTask.run(FutureTask.java:266)
	at java.util.concurrent.ThreadPoolExecutor.runWorker(ThreadPoolExecutor.java:1149)
	at java.util.concurrent.ThreadPoolExecutor$Worker.run(ThreadPoolExecutor.java:624)
	at java.lang.Thread.run(Thread.java:748)
2018-04-05 19:23:34,283 INFO  SysUtils - Configuration on demand is an incubating feature.
Observed package id 'build-tools;28.0.0-preview' in inconsistent location '/root/Applications/android-sdk/build-tools/28.0.0-rc1' (Expected '/root/Applications/android-sdk/build-tools/28.0.0-preview')
Observed package id 'build-tools;28.0.0-preview' in inconsistent location '/root/Applications/android-sdk/build-tools/28.0.0-rc1' (Expected '/root/Applications/android-sdk/build-tools/28.0.0-preview')
Incremental java compilation is an incubating feature.
:MagicViews:preBuild UP-TO-DATE
:MagicViews:preDebugBuild UP-TO-DATE
:MagicViews:checkDebugManifest
:MagicViews:preDebugAndroidTestBuild UP-TO-DATE
:MagicViews:preDebugUnitTestBuild UP-TO-DATE
:MagicViews:preReleaseBuild UP-TO-DATE
:MagicViews:preReleaseUnitTestBuild UP-TO-DATE
:MagicViews:prepareComAndroidSupportAnimatedVectorDrawable2320Library
:MagicViews:prepareComAndroidSupportAppcompatV72320Library
:MagicViews:prepareComAndroidSupportDesign2320Library
:MagicViews:prepareComAndroidSupportRecyclerviewV72320Library
:MagicViews:prepareComAndroidSupportSupportV42320Library
:MagicViews:prepareComAndroidSupportSupportVectorDrawable2320Library
:MagicViews:prepareDebugDependencies
:MagicViews:compileDebugAidl
:MagicViews:compileDebugNdk UP-TO-DATE
:MagicViews:compileLint
:MagicViews:copyDebugLint UP-TO-DATE
:MagicViews:compileDebugRenderscript
:MagicViews:generateDebugBuildConfig
:MagicViews:generateDebugResValues
:MagicViews:generateDebugResources
:MagicViews:mergeDebugResources
:MagicViews:processDebugManifest
:MagicViews:processDebugResources
:MagicViews:generateDebugSources
:MagicViews:incrementalDebugJavaCompilationSafeguard
:MagicViews:compileDebugJavaWithJavac
:MagicViews:compileDebugJavaWithJavac - is not incremental (e.g. outputs have changed, no previous execution, etc.).
:MagicViews:extractDebugAnnotations
:MagicViews:mergeDebugShaders
:MagicViews:compileDebugShaders
:MagicViews:generateDebugAssets
:MagicViews:mergeDebugAssets
:MagicViews:mergeDebugProguardFiles
:MagicViews:packageDebugRenderscript UP-TO-DATE
:MagicViews:packageDebugResources
:MagicViews:processDebugJavaRes UP-TO-DATE
:MagicViews:transformResourcesWithMergeJavaResForDebug
:MagicViews:transformClassesAndResourcesWithSyncLibJarsForDebug
:MagicViews:mergeDebugJniLibFolders
:MagicViews:transformNative_libsWithMergeJniLibsForDebug
:MagicViews:transformNative_libsWithSyncJniLibsForDebug
:MagicViews:bundleDebug
:MagicViews:compileDebugSources
:MagicViews:assembleDebug
:MagicViews:checkReleaseManifest
:MagicViews:prepareReleaseDependencies
:MagicViews:compileReleaseAidl
:MagicViews:compileReleaseNdk UP-TO-DATE
:MagicViews:copyReleaseLint UP-TO-DATE
:MagicViews:compileReleaseRenderscript
:MagicViews:generateReleaseBuildConfig
:MagicViews:generateReleaseResValues
:MagicViews:generateReleaseResources
:MagicViews:mergeReleaseResources
:MagicViews:processReleaseManifest
:MagicViews:processReleaseResources
:MagicViews:generateReleaseSources
:MagicViews:incrementalReleaseJavaCompilationSafeguard
:MagicViews:compileReleaseJavaWithJavac
:MagicViews:compileReleaseJavaWithJavac - is not incremental (e.g. outputs have changed, no previous execution, etc.).
:MagicViews:extractReleaseAnnotations
:MagicViews:mergeReleaseShaders
:MagicViews:compileReleaseShaders
:MagicViews:generateReleaseAssets
:MagicViews:mergeReleaseAssets
:MagicViews:mergeReleaseProguardFiles
:MagicViews:packageReleaseRenderscript UP-TO-DATE
:MagicViews:packageReleaseResources
:MagicViews:processReleaseJavaRes UP-TO-DATE
:MagicViews:transformResourcesWithMergeJavaResForRelease
:MagicViews:transformClassesAndResourcesWithSyncLibJarsForRelease
:MagicViews:mergeReleaseJniLibFolders
:MagicViews:transformNative_libsWithMergeJniLibsForRelease
:MagicViews:transformNative_libsWithSyncJniLibsForRelease
:MagicViews:bundleRelease
:MagicViews:compileReleaseSources
:MagicViews:assembleRelease
:MagicViews:signArchives
The has() method has been deprecated and is scheduled to be removed in Gradle 3.0. Please use the hasProperty() or ext.has() method instead.
:MagicViews:signArchives FAILED

FAILURE: Build failed with an exception.

* What went wrong:
Could not evaluate onlyIf predicate for task ':MagicViews:signArchives'.
> Unable to retrieve secret key from key ring file '/tmp/rdisk/1677/src/MagicViews-master/MagicViews/*secret*' as it does not exist

* Try:
Run with --info or --debug option to get more log output.

* Exception is:
org.gradle.api.GradleException: Could not evaluate onlyIf predicate for task ':MagicViews:signArchives'.
	at org.gradle.api.internal.tasks.execution.SkipOnlyIfTaskExecuter.execute(SkipOnlyIfTaskExecuter.java:43)
	at org.gradle.api.internal.tasks.execution.ExecuteAtMostOnceTaskExecuter.execute(ExecuteAtMostOnceTaskExecuter.java:43)
	at org.gradle.execution.taskgraph.DefaultTaskGraphExecuter$EventFiringTaskWorker.execute(DefaultTaskGraphExecuter.java:203)
	at org.gradle.execution.taskgraph.DefaultTaskGraphExecuter$EventFiringTaskWorker.execute(DefaultTaskGraphExecuter.java:185)
	at org.gradle.execution.taskgraph.AbstractTaskPlanExecutor$TaskExecutorWorker.processTask(AbstractTaskPlanExecutor.java:66)
	at org.gradle.execution.taskgraph.AbstractTaskPlanExecutor$TaskExecutorWorker.run(AbstractTaskPlanExecutor.java:50)
	at org.gradle.execution.taskgraph.DefaultTaskPlanExecutor.process(DefaultTaskPlanExecutor.java:25)
	at org.gradle.execution.taskgraph.DefaultTaskGraphExecuter.execute(DefaultTaskGraphExecuter.java:110)
	at org.gradle.execution.SelectedTaskExecutionAction.execute(SelectedTaskExecutionAction.java:37)
	at org.gradle.execution.DefaultBuildExecuter.execute(DefaultBuildExecuter.java:37)
	at org.gradle.execution.DefaultBuildExecuter.access$000(DefaultBuildExecuter.java:23)
	at org.gradle.execution.DefaultBuildExecuter$1.proceed(DefaultBuildExecuter.java:43)
	at org.gradle.execution.DryRunBuildExecutionAction.execute(DryRunBuildExecutionAction.java:32)
	at org.gradle.execution.DefaultBuildExecuter.execute(DefaultBuildExecuter.java:37)
	at org.gradle.execution.DefaultBuildExecuter.execute(DefaultBuildExecuter.java:30)
	at org.gradle.initialization.DefaultGradleLauncher$4.run(DefaultGradleLauncher.java:153)
	at org.gradle.internal.Factories$1.create(Factories.java:22)
	at org.gradle.internal.progress.DefaultBuildOperationExecutor.run(DefaultBuildOperationExecutor.java:91)
	at org.gradle.internal.progress.DefaultBuildOperationExecutor.run(DefaultBuildOperationExecutor.java:53)
	at org.gradle.initialization.DefaultGradleLauncher.doBuildStages(DefaultGradleLauncher.java:150)
	at org.gradle.initialization.DefaultGradleLauncher.access$200(DefaultGradleLauncher.java:32)
	at org.gradle.initialization.DefaultGradleLauncher$1.create(DefaultGradleLauncher.java:98)
	at org.gradle.initialization.DefaultGradleLauncher$1.create(DefaultGradleLauncher.java:92)
	at org.gradle.internal.progress.DefaultBuildOperationExecutor.run(DefaultBuildOperationExecutor.java:91)
	at org.gradle.internal.progress.DefaultBuildOperationExecutor.run(DefaultBuildOperationExecutor.java:63)
	at org.gradle.initialization.DefaultGradleLauncher.doBuild(DefaultGradleLauncher.java:92)
	at org.gradle.initialization.DefaultGradleLauncher.run(DefaultGradleLauncher.java:83)
	at org.gradle.launcher.exec.InProcessBuildActionExecuter$DefaultBuildController.run(InProcessBuildActionExecuter.java:99)
	at org.gradle.tooling.internal.provider.ExecuteBuildActionRunner.run(ExecuteBuildActionRunner.java:28)
	at org.gradle.launcher.exec.ChainingBuildActionRunner.run(ChainingBuildActionRunner.java:35)
	at org.gradle.launcher.exec.InProcessBuildActionExecuter.execute(InProcessBuildActionExecuter.java:48)
	at org.gradle.launcher.exec.InProcessBuildActionExecuter.execute(InProcessBuildActionExecuter.java:30)
	at org.gradle.launcher.exec.ContinuousBuildActionExecuter.execute(ContinuousBuildActionExecuter.java:81)
	at org.gradle.launcher.exec.ContinuousBuildActionExecuter.execute(ContinuousBuildActionExecuter.java:46)
	at org.gradle.launcher.exec.DaemonUsageSuggestingBuildActionExecuter.execute(DaemonUsageSuggestingBuildActionExecuter.java:51)
	at org.gradle.launcher.exec.DaemonUsageSuggestingBuildActionExecuter.execute(DaemonUsageSuggestingBuildActionExecuter.java:28)
	at org.gradle.launcher.cli.RunBuildAction.run(RunBuildAction.java:43)
	at org.gradle.internal.Actions$RunnableActionAdapter.execute(Actions.java:173)
	at org.gradle.launcher.cli.CommandLineActionFactory$ParseAndBuildAction.execute(CommandLineActionFactory.java:239)
	at org.gradle.launcher.cli.CommandLineActionFactory$ParseAndBuildAction.execute(CommandLineActionFactory.java:212)
	at org.gradle.launcher.cli.JavaRuntimeValidationAction.execute(JavaRuntimeValidationAction.java:35)
	at org.gradle.launcher.cli.JavaRuntimeValidationAction.execute(JavaRuntimeValidationAction.java:24)
	at org.gradle.launcher.cli.ExceptionReportingAction.execute(ExceptionReportingAction.java:33)
	at org.gradle.launcher.cli.ExceptionReportingAction.execute(ExceptionReportingAction.java:22)
	at org.gradle.launcher.cli.CommandLineActionFactory$WithLogging.execute(CommandLineActionFactory.java:205)
	at org.gradle.launcher.cli.CommandLineActionFactory$WithLogging.execute(CommandLineActionFactory.java:169)
	at org.gradle.launcher.Main.doAction(Main.java:33)
	at org.gradle.launcher.bootstrap.EntryPoint.run(EntryPoint.java:45)
	at org.gradle.launcher.bootstrap.ProcessBootstrap.runNoExit(ProcessBootstrap.java:55)
	at org.gradle.launcher.bootstrap.ProcessBootstrap.run(ProcessBootstrap.java:36)
	at org.gradle.launcher.GradleMain.main(GradleMain.java:23)
	at org.gradle.wrapper.BootstrapMainStarter.start(BootstrapMainStarter.java:33)
	at org.gradle.wrapper.WrapperExecutor.execute(WrapperExecutor.java:130)
	at org.gradle.wrapper.GradleWrapperMain.main(GradleWrapperMain.java:48)
Caused by: org.gradle.api.InvalidUserDataException: Unable to retrieve secret key from key ring file '/tmp/rdisk/1677/src/MagicViews-master/MagicViews/*secret*' as it does not exist
	at org.gradle.plugins.signing.signatory.pgp.PgpSignatoryFactory.openSecretKeyFile(PgpSignatoryFactory.java:118)
	at org.gradle.plugins.signing.signatory.pgp.PgpSignatoryFactory.readSecretKey(PgpSignatoryFactory.java:106)
	at org.gradle.plugins.signing.signatory.pgp.PgpSignatoryFactory.createSignatory(PgpSignatoryFactory.java:68)
	at org.gradle.plugins.signing.signatory.pgp.PgpSignatoryFactory.readProperties(PgpSignatoryFactory.java:98)
	at org.gradle.plugins.signing.signatory.pgp.PgpSignatoryFactory.createSignatory(PgpSignatoryFactory.java:44)
	at org.gradle.plugins.signing.signatory.pgp.PgpSignatoryFactory.createSignatory(PgpSignatoryFactory.java:48)
	at org.gradle.plugins.signing.signatory.pgp.PgpSignatoryProvider.getDefaultSignatory(PgpSignatoryProvider.java:42)
	at org.gradle.plugins.signing.signatory.pgp.PgpSignatoryProvider.getDefaultSignatory(PgpSignatoryProvider.java:31)
	at org.gradle.plugins.signing.SigningExtension.getSignatory(SigningExtension.java:181)
	at org.gradle.plugins.signing.SigningExtension_Decorated.getSignatory(Unknown Source)
	at org.gradle.plugins.signing.SigningExtension$2.call(SigningExtension.java:227)
	at org.gradle.plugins.signing.SigningExtension$2.call(SigningExtension.java:225)
	at org.gradle.util.GUtil.uncheckedCall(GUtil.java:401)
	at org.gradle.api.internal.ConventionAwareHelper$2.getValue(ConventionAwareHelper.java:84)
	at org.gradle.api.internal.ConventionAwareHelper$MappedPropertyImpl.getValue(ConventionAwareHelper.java:133)
	at org.gradle.api.internal.ConventionAwareHelper.getConventionValue(ConventionAwareHelper.java:111)
	at org.gradle.plugins.signing.Sign_Decorated.getSignatory(Unknown Source)
	at org.gradle.plugins.signing.Sign$_closure1.doCall(Sign.groovy:66)
	at org.gradle.plugins.signing.Sign$_closure1.call(Sign.groovy)
	at org.gradle.api.specs.internal.ClosureSpec.isSatisfiedBy(ClosureSpec.java:32)
	at org.gradle.api.specs.AndSpec.isSatisfiedBy(AndSpec.java:43)
	at org.gradle.api.internal.tasks.execution.SkipOnlyIfTaskExecuter.execute(SkipOnlyIfTaskExecuter.java:41)
	... 53 more


BUILD FAILED

Total time: 15.113 secs

2018-04-05 19:23:34,338 INFO  ProjectTaskService - Detecting possible tasks...
2018-04-05 19:23:34,338 INFO  SysUtils - Execute command: [/tmp/rdisk/1677/src/MagicViews-master/gradlew, -b, /tmp/rdisk/1677/src/MagicViews-master/TestApp/build.gradle, -Dorg.gradle.daemon=false, -Dorg.gradle.daemon.performance.enable-monitoring=false, -Dorg.gradle.configureondemand=true, tasks]
2018-04-05 19:23:43,023 INFO  ProjectTaskService - Detected possible tasks: 71
2018-04-05 19:23:43,023 INFO  ProjectTaskService - Excluded tasks (19): lintDebug mockableAndroidJar deviceCheck lint testReleaseUnitTest uninstallRelease deviceAndroidTest uninstallDebugAndroidTest installDebugAndroidTest connectedCheck connectedDebugAndroidTest uninstallAll test check testDebugUnitTest connectedAndroidTest installDebug lintRelease uninstallDebug
2018-04-05 19:23:43,023 INFO  SysUtils - Execute command: [/tmp/rdisk/1677/src/MagicViews-master/gradlew, -b, /tmp/rdisk/1677/src/MagicViews-master/TestApp/build.gradle, -Dorg.gradle.daemon=false, -Dorg.gradle.daemon.performance.enable-monitoring=false, -Dorg.gradle.configureondemand=true, --stacktrace, -x, lintDebug, -x, mockableAndroidJar, -x, deviceCheck, -x, lint, -x, testReleaseUnitTest, -x, uninstallRelease, -x, deviceAndroidTest, -x, uninstallDebugAndroidTest, -x, installDebugAndroidTest, -x, connectedCheck, -x, connectedDebugAndroidTest, -x, uninstallAll, -x, test, -x, check, -x, testDebugUnitTest, -x, connectedAndroidTest, -x, installDebug, -x, lintRelease, -x, uninstallDebug, build]
2018-04-05 19:24:10,194 INFO  SysUtils - Configuration on demand is an incubating feature.
Observed package id 'build-tools;28.0.0-preview' in inconsistent location '/root/Applications/android-sdk/build-tools/28.0.0-rc1' (Expected '/root/Applications/android-sdk/build-tools/28.0.0-preview')
Observed package id 'build-tools;28.0.0-preview' in inconsistent location '/root/Applications/android-sdk/build-tools/28.0.0-rc1' (Expected '/root/Applications/android-sdk/build-tools/28.0.0-preview')
Incremental java compilation is an incubating feature.
:MagicViews:preBuild UP-TO-DATE
:MagicViews:preReleaseBuild UP-TO-DATE
:MagicViews:checkReleaseManifest
:MagicViews:preDebugAndroidTestBuild UP-TO-DATE
:MagicViews:preDebugBuild UP-TO-DATE
:MagicViews:preDebugUnitTestBuild UP-TO-DATE
:MagicViews:preReleaseUnitTestBuild UP-TO-DATE
:MagicViews:prepareComAndroidSupportAnimatedVectorDrawable2320Library UP-TO-DATE
:MagicViews:prepareComAndroidSupportAppcompatV72320Library UP-TO-DATE
:MagicViews:prepareComAndroidSupportDesign2320Library UP-TO-DATE
:MagicViews:prepareComAndroidSupportRecyclerviewV72320Library UP-TO-DATE
:MagicViews:prepareComAndroidSupportSupportV42320Library UP-TO-DATE
:MagicViews:prepareComAndroidSupportSupportVectorDrawable2320Library UP-TO-DATE
:MagicViews:prepareReleaseDependencies
:MagicViews:compileReleaseAidl UP-TO-DATE
:MagicViews:compileReleaseNdk UP-TO-DATE
:MagicViews:compileLint UP-TO-DATE
:MagicViews:copyReleaseLint UP-TO-DATE
:MagicViews:compileReleaseRenderscript UP-TO-DATE
:MagicViews:generateReleaseBuildConfig UP-TO-DATE
:MagicViews:generateReleaseResValues UP-TO-DATE
:MagicViews:generateReleaseResources UP-TO-DATE
:MagicViews:mergeReleaseResources UP-TO-DATE
:MagicViews:processReleaseManifest UP-TO-DATE
:MagicViews:processReleaseResources UP-TO-DATE
:MagicViews:generateReleaseSources UP-TO-DATE
:MagicViews:incrementalReleaseJavaCompilationSafeguard UP-TO-DATE
:MagicViews:compileReleaseJavaWithJavac UP-TO-DATE
:MagicViews:extractReleaseAnnotations UP-TO-DATE
:MagicViews:mergeReleaseShaders UP-TO-DATE
:MagicViews:compileReleaseShaders UP-TO-DATE
:MagicViews:generateReleaseAssets UP-TO-DATE
:MagicViews:mergeReleaseAssets UP-TO-DATE
:MagicViews:mergeReleaseProguardFiles UP-TO-DATE
:MagicViews:packageReleaseRenderscript UP-TO-DATE
:MagicViews:packageReleaseResources UP-TO-DATE
:MagicViews:processReleaseJavaRes UP-TO-DATE
:MagicViews:transformResourcesWithMergeJavaResForRelease UP-TO-DATE
:MagicViews:transformClassesAndResourcesWithSyncLibJarsForRelease UP-TO-DATE
:MagicViews:mergeReleaseJniLibFolders UP-TO-DATE
:MagicViews:transformNative_libsWithMergeJniLibsForRelease UP-TO-DATE
:MagicViews:transformNative_libsWithSyncJniLibsForRelease UP-TO-DATE
:MagicViews:bundleRelease UP-TO-DATE
:TestApp:preBuild UP-TO-DATE
:TestApp:preDebugBuild UP-TO-DATE
:TestApp:checkDebugManifest
:TestApp:preReleaseBuild UP-TO-DATE
:TestApp:prepareComAndroidSupportAnimatedVectorDrawable2320Library
:TestApp:prepareComAndroidSupportAppcompatV72320Library
:TestApp:prepareComAndroidSupportDesign2320Library
:TestApp:prepareComAndroidSupportRecyclerviewV72320Library
:TestApp:prepareComAndroidSupportSupportV42320Library
:TestApp:prepareComAndroidSupportSupportVectorDrawable2320Library
:TestApp:prepareComIvankocijanMagicViews311Library
:TestApp:prepareDebugDependencies
:TestApp:compileDebugAidl
:TestApp:compileDebugRenderscript
:TestApp:generateDebugBuildConfig
:TestApp:generateDebugResValues
:TestApp:generateDebugResources
:TestApp:mergeDebugResources
:TestApp:processDebugManifest
:TestApp:processDebugResources
:TestApp:generateDebugSources
:TestApp:incrementalDebugJavaCompilationSafeguard
:TestApp:compileDebugJavaWithJavac
:TestApp:compileDebugJavaWithJavac - is not incremental (e.g. outputs have changed, no previous execution, etc.).
Note: /tmp/rdisk/1677/src/MagicViews-master/TestApp/src/main/java/com/ivankocijan/TestApp/activites/CodeExampleActivity.java uses or overrides a deprecated API.
Note: Recompile with -Xlint:deprecation for details.
:TestApp:compileDebugNdk UP-TO-DATE
:TestApp:compileDebugSources
:TestApp:mergeDebugShaders
:TestApp:compileDebugShaders
:TestApp:generateDebugAssets
:TestApp:mergeDebugAssets
:TestApp:transformClassesWithDexForDebug
:TestApp:mergeDebugJniLibFolders
:TestApp:transformNative_libsWithMergeJniLibsForDebug
:TestApp:processDebugJavaRes UP-TO-DATE
:TestApp:transformResourcesWithMergeJavaResForDebug
:TestApp:validateSigningDebug
:TestApp:packageDebug
:TestApp:assembleDebug
:TestApp:checkReleaseManifest
:TestApp:prepareReleaseDependencies
:TestApp:compileReleaseAidl
:TestApp:compileReleaseRenderscript
:TestApp:generateReleaseBuildConfig
:TestApp:generateReleaseResValues
:TestApp:generateReleaseResources
:TestApp:mergeReleaseResources
:TestApp:processReleaseManifest
:TestApp:processReleaseResources
:TestApp:generateReleaseSources
:TestApp:incrementalReleaseJavaCompilationSafeguard
:TestApp:compileReleaseJavaWithJavac
:TestApp:compileReleaseJavaWithJavac - is not incremental (e.g. outputs have changed, no previous execution, etc.).
Note: /tmp/rdisk/1677/src/MagicViews-master/TestApp/src/main/java/com/ivankocijan/TestApp/activites/CodeExampleActivity.java uses or overrides a deprecated API.
Note: Recompile with -Xlint:deprecation for details.
:TestApp:compileReleaseNdk UP-TO-DATE
:TestApp:compileReleaseSources
:TestApp:lintVitalRelease
:TestApp:mergeReleaseShaders
:TestApp:compileReleaseShaders
:TestApp:generateReleaseAssets
:TestApp:mergeReleaseAssets
:TestApp:transformClassesWithDexForRelease
:TestApp:mergeReleaseJniLibFolders
:TestApp:transformNative_libsWithMergeJniLibsForRelease
:TestApp:processReleaseJavaRes UP-TO-DATE
:TestApp:transformResourcesWithMergeJavaResForRelease
:TestApp:packageRelease
:TestApp:assembleRelease
:TestApp:assemble
:TestApp:build

BUILD SUCCESSFUL

Total time: 26.577 secs

2018-04-05 19:24:10,305 INFO  FullProcessService - Found APK file: /tmp/rdisk/1677/src/MagicViews-master/TestApp/build/outputs/apk/TestApp-release-unsigned.apk
