2018-04-05 22:16:42,605 INFO  DownloadService - Downloading "https://github.com/bluelinelabs/LoganSquare/archive/master.zip", attempt 3
2018-04-05 22:17:43,216 INFO  GithubDownloadService - Could not find ZIP archive for master branch
2018-04-05 22:17:44,015 INFO  GithubDownloadService - Default branch of this repository: development
2018-04-05 22:17:44,015 INFO  DownloadService - Downloading "https://github.com/bluelinelabs/LoganSquare/archive/development.zip", attempt 3
2018-04-05 22:18:45,390 DEBUG FullProcessService - Repository https://github.com/bluelinelabs/LoganSquare available: true
2018-04-05 22:18:45,390 INFO  FullProcessService - Could not download ZIP file from Github, lets clone it
2018-04-05 22:18:45,391 INFO  SysUtils - Execute command: [git, clone, -q, --single-branch, --depth, 1, https://github.com/bluelinelabs/LoganSquare, /tmp/rdisk/1550/src]
2018-04-05 22:18:47,247 INFO  SysUtils - 
2018-04-05 22:18:47,254 INFO  GitService - Deleted "/tmp/rdisk/1550/src/.git": true
2018-04-05 22:18:47,261 INFO  FullProcessService - Size of directory with sources: 1 MB
2018-04-05 22:18:47,261 INFO  SysUtils - Execute command: [git, init, /tmp/rdisk/1550/src]
2018-04-05 22:18:47,265 INFO  SysUtils - Initialized empty Git repository in /tmp/rdisk/1550/src/.git/

2018-04-05 22:18:47,270 INFO  ProjectBuildService - Gradle wrapper(s): /tmp/rdisk/1550/src/gradlew /tmp/rdisk/1550/src/BenchmarkDemo/gradlew
2018-04-05 22:18:47,276 INFO  ProjectBuildService - Build script(s): /tmp/rdisk/1550/src/BenchmarkDemo/app/build.gradle /tmp/rdisk/1550/src/BenchmarkDemo/build.gradle /tmp/rdisk/1550/src/build.gradle /tmp/rdisk/1550/src/core/build.gradle /tmp/rdisk/1550/src/processor/build.gradle
2018-04-05 22:18:47,281 INFO  ProjectBuildService - All script(s): /tmp/rdisk/1550/src/settings.gradle /tmp/rdisk/1550/src/processor/build.gradle /tmp/rdisk/1550/src/core/build.gradle /tmp/rdisk/1550/src/build.gradle /tmp/rdisk/1550/src/BenchmarkDemo/settings.gradle /tmp/rdisk/1550/src/BenchmarkDemo/build.gradle /tmp/rdisk/1550/src/BenchmarkDemo/app/build.gradle
2018-04-05 22:18:47,281 INFO  ProjectBuildService - Remote scripts: none
2018-04-05 22:18:47,281 INFO  ProjectFixService - Fixing project...
2018-04-05 22:18:47,292 INFO  LocalPropertiesFixService - Created fake /tmp/rdisk/1550/src/BenchmarkDemo/app/local.properties
2018-04-05 22:18:47,293 INFO  ProjectFixService - Build info for "/tmp/rdisk/1550/src/BenchmarkDemo/app/build.gradle": [buildToolsVersion=21.1.2,compileSdkVersion=23,minSdkVersion=14,targetSdkVersion=23]
2018-04-05 22:18:47,293 INFO  LocalPropertiesFixService - Created fake /tmp/rdisk/1550/src/BenchmarkDemo/local.properties
2018-04-05 22:18:47,293 INFO  WrapperPropertiesFixService - Gradle wrapper: https://services.gradle.org/distributions/gradle-2.4-all.zip
2018-04-05 22:18:47,293 INFO  WrapperPropertiesFixService - Gradle wrapper was changed from "-all.zip" to "-bin.zip" (https://services.gradle.org/distributions/gradle-2.4-bin.zip)
2018-04-05 22:18:47,296 INFO  ProjectFixService - Build info for "/tmp/rdisk/1550/src/BenchmarkDemo/build.gradle": [buildToolsVersion=21.1.2,compileSdkVersion=23,minSdkVersion=14,targetSdkVersion=23]
2018-04-05 22:18:47,297 INFO  LocalPropertiesFixService - Created fake /tmp/rdisk/1550/src/local.properties
2018-04-05 22:18:47,297 INFO  WrapperPropertiesFixService - Gradle wrapper: https://services.gradle.org/distributions/gradle-2.9-bin.zip
2018-04-05 22:18:47,300 INFO  ProjectFixService - Build info for "/tmp/rdisk/1550/src/build.gradle": [buildToolsVersion=21.1.2,compileSdkVersion=23,minSdkVersion=14,targetSdkVersion=23]
2018-04-05 22:18:47,300 INFO  LocalPropertiesFixService - Created fake /tmp/rdisk/1550/src/core/local.properties
2018-04-05 22:18:47,303 INFO  ProjectFixService - Build info for "/tmp/rdisk/1550/src/core/build.gradle": [buildToolsVersion=21.1.2,compileSdkVersion=23,minSdkVersion=14,targetSdkVersion=23]
2018-04-05 22:18:47,303 INFO  LocalPropertiesFixService - Created fake /tmp/rdisk/1550/src/processor/local.properties
2018-04-05 22:18:47,306 INFO  ProjectFixService - Build info for "/tmp/rdisk/1550/src/processor/build.gradle": [buildToolsVersion=21.1.2,compileSdkVersion=23,minSdkVersion=14,targetSdkVersion=23]
2018-04-05 22:18:47,306 INFO  ProjectFixService - Project was maybe fixed
2018-04-05 22:18:47,306 INFO  ProjectTaskService - Detecting possible tasks...
2018-04-05 22:18:47,306 INFO  SysUtils - Execute command: [/tmp/rdisk/1550/src/BenchmarkDemo/gradlew, -b, /tmp/rdisk/1550/src/BenchmarkDemo/app/build.gradle, -Dorg.gradle.daemon=false, -Dorg.gradle.daemon.performance.enable-monitoring=false, -Dorg.gradle.configureondemand=true, tasks]
2018-04-05 22:18:54,556 INFO  ProjectTaskService - Detected possible tasks: 66
2018-04-05 22:18:54,557 INFO  ProjectTaskService - Excluded tasks (19): lintDebug mockableAndroidJar deviceCheck lint testReleaseUnitTest uninstallRelease deviceAndroidTest uninstallDebugAndroidTest installDebugAndroidTest connectedCheck connectedDebugAndroidTest uninstallAll test check testDebugUnitTest connectedAndroidTest installDebug lintRelease uninstallDebug
2018-04-05 22:18:54,557 INFO  SysUtils - Execute command: [/tmp/rdisk/1550/src/BenchmarkDemo/gradlew, -b, /tmp/rdisk/1550/src/BenchmarkDemo/app/build.gradle, -Dorg.gradle.daemon=false, -Dorg.gradle.daemon.performance.enable-monitoring=false, -Dorg.gradle.configureondemand=true, --stacktrace, -x, lintDebug, -x, mockableAndroidJar, -x, deviceCheck, -x, lint, -x, testReleaseUnitTest, -x, uninstallRelease, -x, deviceAndroidTest, -x, uninstallDebugAndroidTest, -x, installDebugAndroidTest, -x, connectedCheck, -x, connectedDebugAndroidTest, -x, uninstallAll, -x, test, -x, check, -x, testDebugUnitTest, -x, connectedAndroidTest, -x, installDebug, -x, lintRelease, -x, uninstallDebug, build]
2018-04-05 22:19:30,770 ERROR SysUtils - Could not process external command
org.apache.commons.exec.ExecuteException: Process exited with an error: 1 (Exit value: 1)
	at org.apache.commons.exec.DefaultExecutor.executeInternal(DefaultExecutor.java:404)
	at org.apache.commons.exec.DefaultExecutor.execute(DefaultExecutor.java:166)
	at com.github.vbauer.apkmaster.util.SysUtils.execute(SysUtils.java:67)
	at com.github.vbauer.apkmaster.util.SysUtils.executeSimple(SysUtils.java:43)
	at com.github.vbauer.apkmaster.service.assembly.ProjectBuildService.buildProject(ProjectBuildService.java:78)
	at com.github.vbauer.apkmaster.service.assembly.ProjectBuildService.buildProject(ProjectBuildService.java:64)
	at com.github.vbauer.apkmaster.service.assembly.ProjectBuildService.buildProject(ProjectBuildService.java:43)
	at com.github.vbauer.apkmaster.service.FullProcessService.build(FullProcessService.java:84)
	at com.github.vbauer.apkmaster.service.FullProcessService.process(FullProcessService.java:34)
	at com.github.vbauer.apkmaster.app.MainApplication.process(MainApplication.java:38)
	at com.github.vbauer.apkmaster.app.MainApplication.main(MainApplication.java:20)
	at sun.reflect.GeneratedMethodAccessor8.invoke(Unknown Source)
	at sun.reflect.DelegatingMethodAccessorImpl.invoke(DelegatingMethodAccessorImpl.java:43)
	at java.lang.reflect.Method.invoke(Method.java:498)
	at com.android.arsenal.util.ReflectionUtils.invoke(ReflectionUtils.java:42)
	at com.android.arsenal.util.ApkMasterUtils.main(ApkMasterUtils.java:30)
	at com.android.arsenal.service.processor.impl.BuildProcessorServiceImpl.buildProject(BuildProcessorServiceImpl.java:197)
	at com.android.arsenal.service.processor.impl.BuildProcessorServiceImpl.build(BuildProcessorServiceImpl.java:131)
	at com.android.arsenal.service.processor.impl.BuildProcessorServiceImpl.lambda$null$1(BuildProcessorServiceImpl.java:114)
	at java.util.concurrent.FutureTask.run(FutureTask.java:266)
	at java.util.concurrent.Executors$RunnableAdapter.call(Executors.java:511)
	at java.util.concurrent.FutureTask.run(FutureTask.java:266)
	at java.util.concurrent.ThreadPoolExecutor.runWorker(ThreadPoolExecutor.java:1149)
	at java.util.concurrent.ThreadPoolExecutor$Worker.run(ThreadPoolExecutor.java:624)
	at java.lang.Thread.run(Thread.java:748)
2018-04-05 22:19:30,770 INFO  SysUtils - Configuration on demand is an incubating feature.
:app:preBuild UP-TO-DATE
:app:preDebugBuild UP-TO-DATE
:app:checkDebugManifest
:app:preReleaseBuild UP-TO-DATE
:app:prepareComAndroidSupportAppcompatV72311Library
:app:prepareComAndroidSupportSupportV42311Library
:app:prepareDebugDependencies
:app:compileDebugAidl
:app:compileDebugRenderscript
:app:generateDebugBuildConfig
:app:generateDebugAssets UP-TO-DATE
:app:mergeDebugAssets
:app:generateDebugResValues
:app:generateDebugResources
:app:mergeDebugResources
:app:processDebugManifest
:app:processDebugResources
:app:generateDebugSources
:app:processDebugJavaRes UP-TO-DATE
:app:compileDebugJavaWithJavacNote: /tmp/rdisk/1550/src/BenchmarkDemo/app/src/main/java/com/bluelinelabs/logansquare/demo/MainActivity.java uses or overrides a deprecated API.
Note: Recompile with -Xlint:deprecation for details.

:app:compileDebugNdk UP-TO-DATE
:app:compileDebugSources
:app:preDexDebug
:app:dexDebug
:app:validateDebugSigning
:app:packageDebug
:app:zipalignDebug
:app:assembleDebug
:app:checkReleaseManifest
:app:prepareReleaseDependencies
:app:compileReleaseAidl
:app:compileReleaseRenderscript
:app:generateReleaseBuildConfig
:app:generateReleaseAssets UP-TO-DATE
:app:mergeReleaseAssets
:app:generateReleaseResValues
:app:generateReleaseResources
:app:mergeReleaseResources
:app:processReleaseManifest
:app:processReleaseResources
:app:generateReleaseSources
:app:processReleaseJavaRes UP-TO-DATE
:app:compileReleaseJavaWithJavacNote: /tmp/rdisk/1550/src/BenchmarkDemo/app/src/main/java/com/bluelinelabs/logansquare/demo/MainActivity.java uses or overrides a deprecated API.
Note: Recompile with -Xlint:deprecation for details.

:app:compileReleaseNdk UP-TO-DATE
:app:compileReleaseSources
:app:proguardRelease
Warning: okio.DeflaterSink: can't find referenced class org.codehaus.mojo.animal_sniffer.IgnoreJRERequirement
Warning: okio.Okio: can't find referenced class java.nio.file.Files
Warning: okio.Okio: can't find referenced class java.nio.file.Files
Warning: okio.Okio: can't find referenced class java.nio.file.Files
Warning: okio.Okio: can't find referenced class java.nio.file.Path
Warning: okio.Okio: can't find referenced class java.nio.file.OpenOption
Warning: okio.Okio: can't find referenced class java.nio.file.Path
Warning: okio.Okio: can't find referenced class java.nio.file.OpenOption
Warning: okio.Okio: can't find referenced class org.codehaus.mojo.animal_sniffer.IgnoreJRERequirement
Warning: okio.Okio: can't find referenced class java.nio.file.Path
Warning: okio.Okio: can't find referenced class java.nio.file.OpenOption
Warning: okio.Okio: can't find referenced class java.nio.file.Path
Warning: okio.Okio: can't find referenced class java.nio.file.OpenOption
Warning: okio.Okio: can't find referenced class org.codehaus.mojo.animal_sniffer.IgnoreJRERequirement
Warning: there were 14 unresolved references to classes or interfaces.
         You may need to add missing library jars or update their versions.
         If your code works fine without the missing classes, you can suppress
         the warnings with '-dontwarn' options.
         (http://proguard.sourceforge.net/manual/troubleshooting.html#unresolvedclass)
Exception while processing task 
java.io.IOException: Please correct the above warnings first.
	at proguard.Initializer.execute(Initializer.java:473)
	at proguard.ProGuard.initialize(ProGuard.java:233)
	at proguard.ProGuard.execute(ProGuard.java:98)
	at proguard.gradle.ProGuardTask.proguard(ProGuardTask.java:1074)
	at com.android.build.gradle.tasks.AndroidProGuardTask.doMinification(AndroidProGuardTask.java:139)
	at com.android.build.gradle.tasks.AndroidProGuardTask$1.run(AndroidProGuardTask.java:115)
	at com.android.builder.tasks.Job.runTask(Job.java:48)
	at com.android.build.gradle.tasks.SimpleWorkQueue$EmptyThreadContext.runTask(SimpleWorkQueue.java:41)
	at com.android.builder.tasks.WorkQueue.run(WorkQueue.java:227)
	at java.lang.Thread.run(Thread.java:748)
:app:dexRelease
:app:packageRelease FAILED

FAILURE: Build failed with an exception.

* What went wrong:
Execution failed for task ':app:packageRelease'.
> Unable to compute hash of /tmp/rdisk/1550/src/BenchmarkDemo/app/build/intermediates/classes-proguard/release/classes.jar

* Try:
Run with --info or --debug option to get more log output.

* Exception is:
org.gradle.api.tasks.TaskExecutionException: Execution failed for task ':app:packageRelease'.
	at org.gradle.api.internal.tasks.execution.ExecuteActionsTaskExecuter.executeActions(ExecuteActionsTaskExecuter.java:69)
	at org.gradle.api.internal.tasks.execution.ExecuteActionsTaskExecuter.execute(ExecuteActionsTaskExecuter.java:46)
	at org.gradle.api.internal.tasks.execution.PostExecutionAnalysisTaskExecuter.execute(PostExecutionAnalysisTaskExecuter.java:35)
	at org.gradle.api.internal.tasks.execution.SkipUpToDateTaskExecuter.execute(SkipUpToDateTaskExecuter.java:64)
	at org.gradle.api.internal.tasks.execution.ValidatingTaskExecuter.execute(ValidatingTaskExecuter.java:58)
	at org.gradle.api.internal.tasks.execution.SkipEmptySourceFilesTaskExecuter.execute(SkipEmptySourceFilesTaskExecuter.java:42)
	at org.gradle.api.internal.tasks.execution.SkipTaskWithNoActionsExecuter.execute(SkipTaskWithNoActionsExecuter.java:52)
	at org.gradle.api.internal.tasks.execution.SkipOnlyIfTaskExecuter.execute(SkipOnlyIfTaskExecuter.java:53)
	at org.gradle.api.internal.tasks.execution.ExecuteAtMostOnceTaskExecuter.execute(ExecuteAtMostOnceTaskExecuter.java:43)
	at org.gradle.api.internal.AbstractTask.executeWithoutThrowingTaskFailure(AbstractTask.java:310)
	at org.gradle.execution.taskgraph.AbstractTaskPlanExecutor$TaskExecutorWorker.executeTask(AbstractTaskPlanExecutor.java:79)
	at org.gradle.execution.taskgraph.AbstractTaskPlanExecutor$TaskExecutorWorker.processTask(AbstractTaskPlanExecutor.java:63)
	at org.gradle.execution.taskgraph.AbstractTaskPlanExecutor$TaskExecutorWorker.run(AbstractTaskPlanExecutor.java:51)
	at org.gradle.execution.taskgraph.DefaultTaskPlanExecutor.process(DefaultTaskPlanExecutor.java:23)
	at org.gradle.execution.taskgraph.DefaultTaskGraphExecuter.execute(DefaultTaskGraphExecuter.java:88)
	at org.gradle.execution.SelectedTaskExecutionAction.execute(SelectedTaskExecutionAction.java:37)
	at org.gradle.execution.DefaultBuildExecuter.execute(DefaultBuildExecuter.java:62)
	at org.gradle.execution.DefaultBuildExecuter.access$200(DefaultBuildExecuter.java:23)
	at org.gradle.execution.DefaultBuildExecuter$2.proceed(DefaultBuildExecuter.java:68)
	at org.gradle.execution.DryRunBuildExecutionAction.execute(DryRunBuildExecutionAction.java:32)
	at org.gradle.execution.DefaultBuildExecuter.execute(DefaultBuildExecuter.java:62)
	at org.gradle.execution.DefaultBuildExecuter.execute(DefaultBuildExecuter.java:55)
	at org.gradle.initialization.DefaultGradleLauncher.doBuildStages(DefaultGradleLauncher.java:149)
	at org.gradle.initialization.DefaultGradleLauncher.doBuild(DefaultGradleLauncher.java:106)
	at org.gradle.initialization.DefaultGradleLauncher.run(DefaultGradleLauncher.java:86)
	at org.gradle.launcher.exec.InProcessBuildActionExecuter$DefaultBuildController.run(InProcessBuildActionExecuter.java:90)
	at org.gradle.tooling.internal.provider.ExecuteBuildActionRunner.run(ExecuteBuildActionRunner.java:28)
	at org.gradle.launcher.exec.ChainingBuildActionRunner.run(ChainingBuildActionRunner.java:35)
	at org.gradle.launcher.exec.InProcessBuildActionExecuter.execute(InProcessBuildActionExecuter.java:41)
	at org.gradle.launcher.exec.InProcessBuildActionExecuter.execute(InProcessBuildActionExecuter.java:28)
	at org.gradle.launcher.exec.DaemonUsageSuggestingBuildActionExecuter.execute(DaemonUsageSuggestingBuildActionExecuter.java:50)
	at org.gradle.launcher.exec.DaemonUsageSuggestingBuildActionExecuter.execute(DaemonUsageSuggestingBuildActionExecuter.java:27)
	at org.gradle.launcher.cli.RunBuildAction.run(RunBuildAction.java:40)
	at org.gradle.internal.Actions$RunnableActionAdapter.execute(Actions.java:169)
	at org.gradle.launcher.cli.CommandLineActionFactory$ParseAndBuildAction.execute(CommandLineActionFactory.java:237)
	at org.gradle.launcher.cli.CommandLineActionFactory$ParseAndBuildAction.execute(CommandLineActionFactory.java:210)
	at org.gradle.launcher.cli.JavaRuntimeValidationAction.execute(JavaRuntimeValidationAction.java:35)
	at org.gradle.launcher.cli.JavaRuntimeValidationAction.execute(JavaRuntimeValidationAction.java:24)
	at org.gradle.launcher.cli.CommandLineActionFactory$WithLogging.execute(CommandLineActionFactory.java:206)
	at org.gradle.launcher.cli.CommandLineActionFactory$WithLogging.execute(CommandLineActionFactory.java:169)
	at org.gradle.launcher.cli.ExceptionReportingAction.execute(ExceptionReportingAction.java:33)
	at org.gradle.launcher.cli.ExceptionReportingAction.execute(ExceptionReportingAction.java:22)
	at org.gradle.launcher.Main.doAction(Main.java:33)
	at org.gradle.launcher.bootstrap.EntryPoint.run(EntryPoint.java:45)
	at org.gradle.launcher.bootstrap.ProcessBootstrap.runNoExit(ProcessBootstrap.java:54)
	at org.gradle.launcher.bootstrap.ProcessBootstrap.run(ProcessBootstrap.java:35)
	at org.gradle.launcher.GradleMain.main(GradleMain.java:23)
	at org.gradle.wrapper.BootstrapMainStarter.start(BootstrapMainStarter.java:33)
	at org.gradle.wrapper.WrapperExecutor.execute(WrapperExecutor.java:130)
	at org.gradle.wrapper.GradleWrapperMain.main(GradleWrapperMain.java:48)
Caused by: org.gradle.tooling.BuildException: Unable to compute hash of /tmp/rdisk/1550/src/BenchmarkDemo/app/build/intermediates/classes-proguard/release/classes.jar
	at com.android.build.gradle.tasks.PackageApplication.doFullTaskAction(PackageApplication.java:226)
	at com.android.build.gradle.internal.tasks.IncrementalTask.taskAction(IncrementalTask.java:79)
	at org.gradle.internal.reflect.JavaMethod.invoke(JavaMethod.java:75)
	at org.gradle.api.internal.project.taskfactory.AnnotationProcessingTaskFactory$IncrementalTaskAction.doExecute(AnnotationProcessingTaskFactory.java:243)
	at org.gradle.api.internal.project.taskfactory.AnnotationProcessingTaskFactory$StandardTaskAction.execute(AnnotationProcessingTaskFactory.java:219)
	at org.gradle.api.internal.project.taskfactory.AnnotationProcessingTaskFactory$IncrementalTaskAction.execute(AnnotationProcessingTaskFactory.java:230)
	at org.gradle.api.internal.project.taskfactory.AnnotationProcessingTaskFactory$StandardTaskAction.execute(AnnotationProcessingTaskFactory.java:208)
	at org.gradle.api.internal.tasks.execution.ExecuteActionsTaskExecuter.executeAction(ExecuteActionsTaskExecuter.java:80)
	at org.gradle.api.internal.tasks.execution.ExecuteActionsTaskExecuter.executeActions(ExecuteActionsTaskExecuter.java:61)
	... 49 more
Caused by: com.android.builder.packaging.PackagerException: Unable to compute hash of /tmp/rdisk/1550/src/BenchmarkDemo/app/build/intermediates/classes-proguard/release/classes.jar
	at com.android.builder.core.AndroidBuilder.packageApk(AndroidBuilder.java:1808)
	at com.android.build.gradle.tasks.PackageApplication.doFullTaskAction(PackageApplication.java:206)
	... 57 more


BUILD FAILED

Total time: 35.76 secs

2018-04-05 22:19:30,811 INFO  FullProcessService - Found APK file: /tmp/rdisk/1550/src/BenchmarkDemo/app/build/outputs/apk/app-debug.apk
